INFO - 2023-04-11 19:52:40 --> Session: Class initialized using 'CodeIgniter\Session\Handlers\FileHandler' driver.
INFO - 2023-04-11 19:52:43 --> Session: Class initialized using 'CodeIgniter\Session\Handlers\FileHandler' driver.
INFO - 2023-04-11 19:53:21 --> Session: Class initialized using 'CodeIgniter\Session\Handlers\FileHandler' driver.
INFO - 2023-04-11 19:53:24 --> Session: Class initialized using 'CodeIgniter\Session\Handlers\FileHandler' driver.
INFO - 2023-04-11 20:04:10 --> Session: Class initialized using 'CodeIgniter\Session\Handlers\FileHandler' driver.
INFO - 2023-04-11 20:04:14 --> Session: Class initialized using 'CodeIgniter\Session\Handlers\FileHandler' driver.
INFO - 2023-04-11 20:04:14 --> Session: Class initialized using 'CodeIgniter\Session\Handlers\FileHandler' driver.
INFO - 2023-04-11 20:04:15 --> Session: Class initialized using 'CodeIgniter\Session\Handlers\FileHandler' driver.
INFO - 2023-04-11 20:04:15 --> Session: Class initialized using 'CodeIgniter\Session\Handlers\FileHandler' driver.
INFO - 2023-04-11 20:04:18 --> Session: Class initialized using 'CodeIgniter\Session\Handlers\FileHandler' driver.
INFO - 2023-04-11 20:04:56 --> Session: Class initialized using 'CodeIgniter\Session\Handlers\FileHandler' driver.
INFO - 2023-04-11 20:04:57 --> Session: Class initialized using 'CodeIgniter\Session\Handlers\FileHandler' driver.
INFO - 2023-04-11 20:12:15 --> Session: Class initialized using 'CodeIgniter\Session\Handlers\FileHandler' driver.
CRITICAL - 2023-04-11 20:12:31 --> Unable to save the image. Please make sure the image and file directory are writable.
in SYSTEMPATH\Images\Handlers\GDHandler.php on line 251.
 1 SYSTEMPATH\Images\Handlers\GDHandler.php(251): CodeIgniter\Images\Exceptions\ImageException::forSaveFailed()
 2 APPPATH\Controllers\Profile.php(66): CodeIgniter\Images\Handlers\GDHandler->save('http://localhost:8080//uploads/avatars/1681243950_b86b163dfb9f3cafec2e.jpg')
 3 SYSTEMPATH\CodeIgniter.php(934): App\Controllers\Profile->update()
 4 SYSTEMPATH\CodeIgniter.php(499): CodeIgniter\CodeIgniter->runController(Object(App\Controllers\Profile))
 5 SYSTEMPATH\CodeIgniter.php(368): CodeIgniter\CodeIgniter->handleRequest(null, Object(Config\Cache), false)
 6 FCPATH\index.php(67): CodeIgniter\CodeIgniter->run()
 7 SYSTEMPATH\Commands\Server\rewrite.php(47): require_once('FCPATH\\index.php')
INFO - 2023-04-11 20:23:02 --> Session: Class initialized using 'CodeIgniter\Session\Handlers\FileHandler' driver.
CRITICAL - 2023-04-11 20:23:02 --> finfo::file(C:\wamp64\www\ITVolunteer2\writable\uploads/avatars/1681243950_b86b163dfb9f3cafec2e.jpg): failed to open stream: No such file or directory
in APPPATH\Controllers\Profile.php on line 90.
 1 [internal function]: CodeIgniter\Debug\Exceptions->errorHandler(2, 'finfo::file(C:\\wamp64\\www\\ITVolunteer2\\writable\\uploads/avatars/1681243950_b86b163dfb9f3cafec2e.jpg): failed to open stream: No such file or directory', 'APPPATH\\Controllers\\Profile.php', 90, [...])
 2 APPPATH\Controllers\Profile.php(90): finfo->file('ROOTPATH\\writable\\uploads/avatars/1681243950_b86b163dfb9f3cafec2e.jpg')
 3 SYSTEMPATH\CodeIgniter.php(934): App\Controllers\Profile->image('1681243950_b86b163dfb9f3cafec2e.jpg')
 4 SYSTEMPATH\CodeIgniter.php(499): CodeIgniter\CodeIgniter->runController(Object(App\Controllers\Profile))
 5 SYSTEMPATH\CodeIgniter.php(368): CodeIgniter\CodeIgniter->handleRequest(null, Object(Config\Cache), false)
 6 FCPATH\index.php(67): CodeIgniter\CodeIgniter->run()
 7 SYSTEMPATH\Commands\Server\rewrite.php(47): require_once('FCPATH\\index.php')
INFO - 2023-04-11 20:23:03 --> Session: Class initialized using 'CodeIgniter\Session\Handlers\FileHandler' driver.
CRITICAL - 2023-04-11 20:23:04 --> finfo::file(C:\wamp64\www\ITVolunteer2\writable\uploads/avatars/1681243950_b86b163dfb9f3cafec2e.jpg): failed to open stream: No such file or directory
in APPPATH\Controllers\Profile.php on line 90.
 1 [internal function]: CodeIgniter\Debug\Exceptions->errorHandler(2, 'finfo::file(C:\\wamp64\\www\\ITVolunteer2\\writable\\uploads/avatars/1681243950_b86b163dfb9f3cafec2e.jpg): failed to open stream: No such file or directory', 'APPPATH\\Controllers\\Profile.php', 90, [...])
 2 APPPATH\Controllers\Profile.php(90): finfo->file('ROOTPATH\\writable\\uploads/avatars/1681243950_b86b163dfb9f3cafec2e.jpg')
 3 SYSTEMPATH\CodeIgniter.php(934): App\Controllers\Profile->image('1681243950_b86b163dfb9f3cafec2e.jpg')
 4 SYSTEMPATH\CodeIgniter.php(499): CodeIgniter\CodeIgniter->runController(Object(App\Controllers\Profile))
 5 SYSTEMPATH\CodeIgniter.php(368): CodeIgniter\CodeIgniter->handleRequest(null, Object(Config\Cache), false)
 6 FCPATH\index.php(67): CodeIgniter\CodeIgniter->run()
 7 SYSTEMPATH\Commands\Server\rewrite.php(47): require_once('FCPATH\\index.php')
INFO - 2023-04-11 20:23:17 --> Session: Class initialized using 'CodeIgniter\Session\Handlers\FileHandler' driver.
INFO - 2023-04-11 20:23:18 --> Session: Class initialized using 'CodeIgniter\Session\Handlers\FileHandler' driver.
INFO - 2023-04-11 20:27:36 --> Session: Class initialized using 'CodeIgniter\Session\Handlers\FileHandler' driver.
INFO - 2023-04-11 20:27:51 --> Session: Class initialized using 'CodeIgniter\Session\Handlers\FileHandler' driver.
INFO - 2023-04-11 20:27:55 --> Session: Class initialized using 'CodeIgniter\Session\Handlers\FileHandler' driver.
INFO - 2023-04-11 20:29:29 --> Session: Class initialized using 'CodeIgniter\Session\Handlers\FileHandler' driver.
INFO - 2023-04-11 20:29:38 --> Session: Class initialized using 'CodeIgniter\Session\Handlers\FileHandler' driver.
INFO - 2023-04-11 20:33:38 --> Session: Class initialized using 'CodeIgniter\Session\Handlers\FileHandler' driver.
INFO - 2023-04-11 20:33:39 --> Session: Class initialized using 'CodeIgniter\Session\Handlers\FileHandler' driver.
CRITICAL - 2023-04-11 20:33:39 --> finfo::file(C:\wamp64\www\ITVolunteer2\writable\uploads/avatars/default.jpg): failed to open stream: No such file or directory
in APPPATH\Controllers\Profile.php on line 102.
 1 [internal function]: CodeIgniter\Debug\Exceptions->errorHandler(2, 'finfo::file(C:\\wamp64\\www\\ITVolunteer2\\writable\\uploads/avatars/default.jpg): failed to open stream: No such file or directory', 'APPPATH\\Controllers\\Profile.php', 102, [...])
 2 APPPATH\Controllers\Profile.php(102): finfo->file('ROOTPATH\\writable\\uploads/avatars/default.jpg')
 3 SYSTEMPATH\CodeIgniter.php(934): App\Controllers\Profile->image('default.jpg')
 4 SYSTEMPATH\CodeIgniter.php(499): CodeIgniter\CodeIgniter->runController(Object(App\Controllers\Profile))
 5 SYSTEMPATH\CodeIgniter.php(368): CodeIgniter\CodeIgniter->handleRequest(null, Object(Config\Cache), false)
 6 FCPATH\index.php(67): CodeIgniter\CodeIgniter->run()
 7 SYSTEMPATH\Commands\Server\rewrite.php(47): require_once('FCPATH\\index.php')
INFO - 2023-04-11 20:33:51 --> Session: Class initialized using 'CodeIgniter\Session\Handlers\FileHandler' driver.
CRITICAL - 2023-04-11 20:33:52 --> finfo::file(C:\wamp64\www\ITVolunteer2\writable\uploads/avatars/default.jpg): failed to open stream: No such file or directory
in APPPATH\Controllers\Profile.php on line 102.
 1 [internal function]: CodeIgniter\Debug\Exceptions->errorHandler(2, 'finfo::file(C:\\wamp64\\www\\ITVolunteer2\\writable\\uploads/avatars/default.jpg): failed to open stream: No such file or directory', 'APPPATH\\Controllers\\Profile.php', 102, [...])
 2 APPPATH\Controllers\Profile.php(102): finfo->file('ROOTPATH\\writable\\uploads/avatars/default.jpg')
 3 SYSTEMPATH\CodeIgniter.php(934): App\Controllers\Profile->image('default.jpg')
 4 SYSTEMPATH\CodeIgniter.php(499): CodeIgniter\CodeIgniter->runController(Object(App\Controllers\Profile))
 5 SYSTEMPATH\CodeIgniter.php(368): CodeIgniter\CodeIgniter->handleRequest(null, Object(Config\Cache), false)
 6 FCPATH\index.php(67): CodeIgniter\CodeIgniter->run()
 7 SYSTEMPATH\Commands\Server\rewrite.php(47): require_once('FCPATH\\index.php')
INFO - 2023-04-11 20:34:04 --> Session: Class initialized using 'CodeIgniter\Session\Handlers\FileHandler' driver.
CRITICAL - 2023-04-11 20:34:04 --> finfo::file(C:\wamp64\www\ITVolunteer2\writable\uploads/avatars/default.jpg): failed to open stream: No such file or directory
in APPPATH\Controllers\Profile.php on line 102.
 1 [internal function]: CodeIgniter\Debug\Exceptions->errorHandler(2, 'finfo::file(C:\\wamp64\\www\\ITVolunteer2\\writable\\uploads/avatars/default.jpg): failed to open stream: No such file or directory', 'APPPATH\\Controllers\\Profile.php', 102, [...])
 2 APPPATH\Controllers\Profile.php(102): finfo->file('ROOTPATH\\writable\\uploads/avatars/default.jpg')
 3 SYSTEMPATH\CodeIgniter.php(934): App\Controllers\Profile->image('default.jpg')
 4 SYSTEMPATH\CodeIgniter.php(499): CodeIgniter\CodeIgniter->runController(Object(App\Controllers\Profile))
 5 SYSTEMPATH\CodeIgniter.php(368): CodeIgniter\CodeIgniter->handleRequest(null, Object(Config\Cache), false)
 6 FCPATH\index.php(67): CodeIgniter\CodeIgniter->run()
 7 SYSTEMPATH\Commands\Server\rewrite.php(47): require_once('FCPATH\\index.php')
INFO - 2023-04-11 20:34:16 --> Session: Class initialized using 'CodeIgniter\Session\Handlers\FileHandler' driver.
INFO - 2023-04-11 20:34:16 --> Session: Class initialized using 'CodeIgniter\Session\Handlers\FileHandler' driver.
CRITICAL - 2023-04-11 20:34:17 --> finfo::file(C:\wamp64\www\ITVolunteer2\writable\uploads/avatars/default.jpg): failed to open stream: No such file or directory
in APPPATH\Controllers\Profile.php on line 102.
 1 [internal function]: CodeIgniter\Debug\Exceptions->errorHandler(2, 'finfo::file(C:\\wamp64\\www\\ITVolunteer2\\writable\\uploads/avatars/default.jpg): failed to open stream: No such file or directory', 'APPPATH\\Controllers\\Profile.php', 102, [...])
 2 APPPATH\Controllers\Profile.php(102): finfo->file('ROOTPATH\\writable\\uploads/avatars/default.jpg')
 3 SYSTEMPATH\CodeIgniter.php(934): App\Controllers\Profile->image('default.jpg')
 4 SYSTEMPATH\CodeIgniter.php(499): CodeIgniter\CodeIgniter->runController(Object(App\Controllers\Profile))
 5 SYSTEMPATH\CodeIgniter.php(368): CodeIgniter\CodeIgniter->handleRequest(null, Object(Config\Cache), false)
 6 FCPATH\index.php(67): CodeIgniter\CodeIgniter->run()
 7 SYSTEMPATH\Commands\Server\rewrite.php(47): require_once('FCPATH\\index.php')
INFO - 2023-04-11 20:36:11 --> Session: Class initialized using 'CodeIgniter\Session\Handlers\FileHandler' driver.
CRITICAL - 2023-04-11 20:36:12 --> finfo::file(C:\wamp64\www\ITVolunteer2\writable\uploads/avatars/default.jpg): failed to open stream: No such file or directory
in APPPATH\Controllers\Profile.php on line 102.
 1 [internal function]: CodeIgniter\Debug\Exceptions->errorHandler(2, 'finfo::file(C:\\wamp64\\www\\ITVolunteer2\\writable\\uploads/avatars/default.jpg): failed to open stream: No such file or directory', 'APPPATH\\Controllers\\Profile.php', 102, [...])
 2 APPPATH\Controllers\Profile.php(102): finfo->file('ROOTPATH\\writable\\uploads/avatars/default.jpg')
 3 SYSTEMPATH\CodeIgniter.php(934): App\Controllers\Profile->image('default.jpg')
 4 SYSTEMPATH\CodeIgniter.php(499): CodeIgniter\CodeIgniter->runController(Object(App\Controllers\Profile))
 5 SYSTEMPATH\CodeIgniter.php(368): CodeIgniter\CodeIgniter->handleRequest(null, Object(Config\Cache), false)
 6 FCPATH\index.php(67): CodeIgniter\CodeIgniter->run()
 7 SYSTEMPATH\Commands\Server\rewrite.php(47): require_once('FCPATH\\index.php')
INFO - 2023-04-11 20:36:22 --> Session: Class initialized using 'CodeIgniter\Session\Handlers\FileHandler' driver.
CRITICAL - 2023-04-11 20:36:22 --> finfo::file(C:\wamp64\www\ITVolunteer2\writable\uploads/avatars/default.jpg): failed to open stream: No such file or directory
in APPPATH\Controllers\Profile.php on line 102.
 1 [internal function]: CodeIgniter\Debug\Exceptions->errorHandler(2, 'finfo::file(C:\\wamp64\\www\\ITVolunteer2\\writable\\uploads/avatars/default.jpg): failed to open stream: No such file or directory', 'APPPATH\\Controllers\\Profile.php', 102, [...])
 2 APPPATH\Controllers\Profile.php(102): finfo->file('ROOTPATH\\writable\\uploads/avatars/default.jpg')
 3 SYSTEMPATH\CodeIgniter.php(934): App\Controllers\Profile->image('default.jpg')
 4 SYSTEMPATH\CodeIgniter.php(499): CodeIgniter\CodeIgniter->runController(Object(App\Controllers\Profile))
 5 SYSTEMPATH\CodeIgniter.php(368): CodeIgniter\CodeIgniter->handleRequest(null, Object(Config\Cache), false)
 6 FCPATH\index.php(67): CodeIgniter\CodeIgniter->run()
 7 SYSTEMPATH\Commands\Server\rewrite.php(47): require_once('FCPATH\\index.php')
INFO - 2023-04-11 20:36:26 --> Session: Class initialized using 'CodeIgniter\Session\Handlers\FileHandler' driver.
CRITICAL - 2023-04-11 20:36:26 --> finfo::file(C:\wamp64\www\ITVolunteer2\writable\uploads/avatars/default.jpg): failed to open stream: No such file or directory
in APPPATH\Controllers\Profile.php on line 102.
 1 [internal function]: CodeIgniter\Debug\Exceptions->errorHandler(2, 'finfo::file(C:\\wamp64\\www\\ITVolunteer2\\writable\\uploads/avatars/default.jpg): failed to open stream: No such file or directory', 'APPPATH\\Controllers\\Profile.php', 102, [...])
 2 APPPATH\Controllers\Profile.php(102): finfo->file('ROOTPATH\\writable\\uploads/avatars/default.jpg')
 3 SYSTEMPATH\CodeIgniter.php(934): App\Controllers\Profile->image('default.jpg')
 4 SYSTEMPATH\CodeIgniter.php(499): CodeIgniter\CodeIgniter->runController(Object(App\Controllers\Profile))
 5 SYSTEMPATH\CodeIgniter.php(368): CodeIgniter\CodeIgniter->handleRequest(null, Object(Config\Cache), false)
 6 FCPATH\index.php(67): CodeIgniter\CodeIgniter->run()
 7 SYSTEMPATH\Commands\Server\rewrite.php(47): require_once('FCPATH\\index.php')
INFO - 2023-04-11 20:36:34 --> Session: Class initialized using 'CodeIgniter\Session\Handlers\FileHandler' driver.
INFO - 2023-04-11 20:36:35 --> Session: Class initialized using 'CodeIgniter\Session\Handlers\FileHandler' driver.
INFO - 2023-04-11 20:36:51 --> Session: Class initialized using 'CodeIgniter\Session\Handlers\FileHandler' driver.
INFO - 2023-04-11 20:36:52 --> Session: Class initialized using 'CodeIgniter\Session\Handlers\FileHandler' driver.
INFO - 2023-04-11 20:37:23 --> Session: Class initialized using 'CodeIgniter\Session\Handlers\FileHandler' driver.
INFO - 2023-04-11 20:37:23 --> Session: Class initialized using 'CodeIgniter\Session\Handlers\FileHandler' driver.
INFO - 2023-04-11 20:37:46 --> Session: Class initialized using 'CodeIgniter\Session\Handlers\FileHandler' driver.
CRITICAL - 2023-04-11 20:38:06 --> Call to a member function getSizeByUnit() on null
in APPPATH\Controllers\Events.php on line 41.
 1 SYSTEMPATH\CodeIgniter.php(934): App\Controllers\Events->create()
 2 SYSTEMPATH\CodeIgniter.php(499): CodeIgniter\CodeIgniter->runController(Object(App\Controllers\Events))
 3 SYSTEMPATH\CodeIgniter.php(368): CodeIgniter\CodeIgniter->handleRequest(null, Object(Config\Cache), false)
 4 FCPATH\index.php(67): CodeIgniter\CodeIgniter->run()
 5 SYSTEMPATH\Commands\Server\rewrite.php(47): require_once('FCPATH\\index.php')
CRITICAL - 2023-04-11 20:38:52 --> Call to a member function getSizeByUnit() on null
in APPPATH\Controllers\Events.php on line 39.
 1 SYSTEMPATH\CodeIgniter.php(934): App\Controllers\Events->create()
 2 SYSTEMPATH\CodeIgniter.php(499): CodeIgniter\CodeIgniter->runController(Object(App\Controllers\Events))
 3 SYSTEMPATH\CodeIgniter.php(368): CodeIgniter\CodeIgniter->handleRequest(null, Object(Config\Cache), false)
 4 FCPATH\index.php(67): CodeIgniter\CodeIgniter->run()
 5 SYSTEMPATH\Commands\Server\rewrite.php(47): require_once('FCPATH\\index.php')
INFO - 2023-04-11 20:38:57 --> Session: Class initialized using 'CodeIgniter\Session\Handlers\FileHandler' driver.
CRITICAL - 2023-04-11 20:39:00 --> Call to a member function getSizeByUnit() on null
in APPPATH\Controllers\Events.php on line 39.
 1 SYSTEMPATH\CodeIgniter.php(934): App\Controllers\Events->create()
 2 SYSTEMPATH\CodeIgniter.php(499): CodeIgniter\CodeIgniter->runController(Object(App\Controllers\Events))
 3 SYSTEMPATH\CodeIgniter.php(368): CodeIgniter\CodeIgniter->handleRequest(null, Object(Config\Cache), false)
 4 FCPATH\index.php(67): CodeIgniter\CodeIgniter->run()
 5 SYSTEMPATH\Commands\Server\rewrite.php(47): require_once('FCPATH\\index.php')
INFO - 2023-04-11 20:41:59 --> Session: Class initialized using 'CodeIgniter\Session\Handlers\FileHandler' driver.
INFO - 2023-04-11 20:42:03 --> Session: Class initialized using 'CodeIgniter\Session\Handlers\FileHandler' driver.
INFO - 2023-04-11 20:42:03 --> Session: Class initialized using 'CodeIgniter\Session\Handlers\FileHandler' driver.
INFO - 2023-04-11 20:42:18 --> Session: Class initialized using 'CodeIgniter\Session\Handlers\FileHandler' driver.
INFO - 2023-04-11 21:03:36 --> Session: Class initialized using 'CodeIgniter\Session\Handlers\FileHandler' driver.
INFO - 2023-04-11 21:03:38 --> Session: Class initialized using 'CodeIgniter\Session\Handlers\FileHandler' driver.
INFO - 2023-04-11 21:03:40 --> Session: Class initialized using 'CodeIgniter\Session\Handlers\FileHandler' driver.
INFO - 2023-04-11 21:04:19 --> Session: Class initialized using 'CodeIgniter\Session\Handlers\FileHandler' driver.
ERROR - 2023-04-11 21:04:19 --> Error connecting to the database: mysqli_sql_exception: Unknown database 'itvolunteer2' in C:\wamp64\www\itvolunteer2\system\Database\MySQLi\Connection.php:173
Stack trace:
#0 C:\wamp64\www\itvolunteer2\system\Database\MySQLi\Connection.php(173): mysqli->real_connect('localhost', 'root', Object(SensitiveParameterValue), 'itvolunteer2', 3306, '', 0)
#1 C:\wamp64\www\itvolunteer2\system\Database\BaseConnection.php(391): CodeIgniter\Database\MySQLi\Connection->connect(false)
#2 C:\wamp64\www\itvolunteer2\system\Database\BaseConnection.php(573): CodeIgniter\Database\BaseConnection->initialize()
#3 C:\wamp64\www\itvolunteer2\system\Database\BaseBuilder.php(1616): CodeIgniter\Database\BaseConnection->query('SELECT 1\nFROM `...', Array, false)
#4 C:\wamp64\www\itvolunteer2\system\Validation\StrictRules\Rules.php(206): CodeIgniter\Database\BaseBuilder->get()
#5 C:\wamp64\www\itvolunteer2\system\Validation\Validation.php(312): CodeIgniter\Validation\StrictRules\Rules->is_unique('ambaqasah', 'username', Array, NULL, 'username')
#6 C:\wamp64\www\itvolunteer2\system\Validation\Validation.php(170): CodeIgniter\Validation\Validation->processRules('username', 'username', 'ambaqasah', Array, Array)
#7 C:\wamp64\www\itvolunteer2\system\Controller.php(140): CodeIgniter\Validation\Validation->run()
#8 C:\wamp64\www\itvolunteer2\vendor\myth\auth\src\Controllers\AuthController.php(154): CodeIgniter\Controller->validate(Array)
#9 C:\wamp64\www\itvolunteer2\system\CodeIgniter.php(934): Myth\Auth\Controllers\AuthController->attemptRegister()
#10 C:\wamp64\www\itvolunteer2\system\CodeIgniter.php(499): CodeIgniter\CodeIgniter->runController(Object(Myth\Auth\Controllers\AuthController))
#11 C:\wamp64\www\itvolunteer2\system\CodeIgniter.php(368): CodeIgniter\CodeIgniter->handleRequest(NULL, Object(Config\Cache), false)
#12 C:\wamp64\www\itvolunteer2\public\index.php(67): CodeIgniter\CodeIgniter->run()
#13 C:\wamp64\www\itvolunteer2\system\Commands\Server\rewrite.php(47): require_once('C:\\wamp64\\www\\i...')
#14 {main}

Next CodeIgniter\Database\Exceptions\DatabaseException: Unknown database 'itvolunteer2' in C:\wamp64\www\itvolunteer2\system\Database\MySQLi\Connection.php:218
Stack trace:
#0 C:\wamp64\www\itvolunteer2\system\Database\BaseConnection.php(391): CodeIgniter\Database\MySQLi\Connection->connect(false)
#1 C:\wamp64\www\itvolunteer2\system\Database\BaseConnection.php(573): CodeIgniter\Database\BaseConnection->initialize()
#2 C:\wamp64\www\itvolunteer2\system\Database\BaseBuilder.php(1616): CodeIgniter\Database\BaseConnection->query('SELECT 1\nFROM `...', Array, false)
#3 C:\wamp64\www\itvolunteer2\system\Validation\StrictRules\Rules.php(206): CodeIgniter\Database\BaseBuilder->get()
#4 C:\wamp64\www\itvolunteer2\system\Validation\Validation.php(312): CodeIgniter\Validation\StrictRules\Rules->is_unique('ambaqasah', 'username', Array, NULL, 'username')
#5 C:\wamp64\www\itvolunteer2\system\Validation\Validation.php(170): CodeIgniter\Validation\Validation->processRules('username', 'username', 'ambaqasah', Array, Array)
#6 C:\wamp64\www\itvolunteer2\system\Controller.php(140): CodeIgniter\Validation\Validation->run()
#7 C:\wamp64\www\itvolunteer2\vendor\myth\auth\src\Controllers\AuthController.php(154): CodeIgniter\Controller->validate(Array)
#8 C:\wamp64\www\itvolunteer2\system\CodeIgniter.php(934): Myth\Auth\Controllers\AuthController->attemptRegister()
#9 C:\wamp64\www\itvolunteer2\system\CodeIgniter.php(499): CodeIgniter\CodeIgniter->runController(Object(Myth\Auth\Controllers\AuthController))
#10 C:\wamp64\www\itvolunteer2\system\CodeIgniter.php(368): CodeIgniter\CodeIgniter->handleRequest(NULL, Object(Config\Cache), false)
#11 C:\wamp64\www\itvolunteer2\public\index.php(67): CodeIgniter\CodeIgniter->run()
#12 C:\wamp64\www\itvolunteer2\system\Commands\Server\rewrite.php(47): require_once('C:\\wamp64\\www\\i...')
#13 {main}
CRITICAL - 2023-04-11 21:04:19 --> Unable to connect to the database.
Main connection [MySQLi]: Unknown database 'itvolunteer2'
in SYSTEMPATH\Database\BaseConnection.php on line 427.
 1 SYSTEMPATH\Database\BaseConnection.php(573): CodeIgniter\Database\BaseConnection->initialize()
 2 SYSTEMPATH\Database\BaseBuilder.php(1616): CodeIgniter\Database\BaseConnection->query('SELECT 1
FROM `users`
WHERE `username` = :username:
 LIMIT 1', [...], false)
 3 SYSTEMPATH\Validation\StrictRules\Rules.php(206): CodeIgniter\Database\BaseBuilder->get()
 4 SYSTEMPATH\Validation\Validation.php(312): CodeIgniter\Validation\StrictRules\Rules->is_unique('ambaqasah', 'username', [...], null, 'username')
 5 SYSTEMPATH\Validation\Validation.php(170): CodeIgniter\Validation\Validation->processRules('username', 'username', 'ambaqasah', [...], [...])
 6 SYSTEMPATH\Controller.php(140): CodeIgniter\Validation\Validation->run()
 7 VENDORPATH\myth\auth\src\Controllers\AuthController.php(154): CodeIgniter\Controller->validate([...])
 8 SYSTEMPATH\CodeIgniter.php(934): Myth\Auth\Controllers\AuthController->attemptRegister()
 9 SYSTEMPATH\CodeIgniter.php(499): CodeIgniter\CodeIgniter->runController(Object(Myth\Auth\Controllers\AuthController))
10 SYSTEMPATH\CodeIgniter.php(368): CodeIgniter\CodeIgniter->handleRequest(null, Object(Config\Cache), false)
11 FCPATH\index.php(67): CodeIgniter\CodeIgniter->run()
12 SYSTEMPATH\Commands\Server\rewrite.php(47): require_once('FCPATH\\index.php')
INFO - 2023-04-11 21:05:02 --> Session: Class initialized using 'CodeIgniter\Session\Handlers\FileHandler' driver.
ERROR - 2023-04-11 21:05:02 --> Error connecting to the database: mysqli_sql_exception: Unknown database 'itvolunteer2' in C:\wamp64\www\itvolunteer2\system\Database\MySQLi\Connection.php:173
Stack trace:
#0 C:\wamp64\www\itvolunteer2\system\Database\MySQLi\Connection.php(173): mysqli->real_connect('localhost', 'root', Object(SensitiveParameterValue), 'itvolunteer2', 3306, '', 0)
#1 C:\wamp64\www\itvolunteer2\system\Database\BaseConnection.php(391): CodeIgniter\Database\MySQLi\Connection->connect(false)
#2 C:\wamp64\www\itvolunteer2\system\Database\BaseConnection.php(573): CodeIgniter\Database\BaseConnection->initialize()
#3 C:\wamp64\www\itvolunteer2\system\Database\BaseBuilder.php(1616): CodeIgniter\Database\BaseConnection->query('SELECT 1\nFROM `...', Array, false)
#4 C:\wamp64\www\itvolunteer2\system\Validation\StrictRules\Rules.php(206): CodeIgniter\Database\BaseBuilder->get()
#5 C:\wamp64\www\itvolunteer2\system\Validation\Validation.php(312): CodeIgniter\Validation\StrictRules\Rules->is_unique('ambaqasah', 'username', Array, NULL, 'username')
#6 C:\wamp64\www\itvolunteer2\system\Validation\Validation.php(170): CodeIgniter\Validation\Validation->processRules('username', 'username', 'ambaqasah', Array, Array)
#7 C:\wamp64\www\itvolunteer2\system\Controller.php(140): CodeIgniter\Validation\Validation->run()
#8 C:\wamp64\www\itvolunteer2\vendor\myth\auth\src\Controllers\AuthController.php(154): CodeIgniter\Controller->validate(Array)
#9 C:\wamp64\www\itvolunteer2\system\CodeIgniter.php(934): Myth\Auth\Controllers\AuthController->attemptRegister()
#10 C:\wamp64\www\itvolunteer2\system\CodeIgniter.php(499): CodeIgniter\CodeIgniter->runController(Object(Myth\Auth\Controllers\AuthController))
#11 C:\wamp64\www\itvolunteer2\system\CodeIgniter.php(368): CodeIgniter\CodeIgniter->handleRequest(NULL, Object(Config\Cache), false)
#12 C:\wamp64\www\itvolunteer2\public\index.php(67): CodeIgniter\CodeIgniter->run()
#13 C:\wamp64\www\itvolunteer2\system\Commands\Server\rewrite.php(47): require_once('C:\\wamp64\\www\\i...')
#14 {main}

Next CodeIgniter\Database\Exceptions\DatabaseException: Unknown database 'itvolunteer2' in C:\wamp64\www\itvolunteer2\system\Database\MySQLi\Connection.php:218
Stack trace:
#0 C:\wamp64\www\itvolunteer2\system\Database\BaseConnection.php(391): CodeIgniter\Database\MySQLi\Connection->connect(false)
#1 C:\wamp64\www\itvolunteer2\system\Database\BaseConnection.php(573): CodeIgniter\Database\BaseConnection->initialize()
#2 C:\wamp64\www\itvolunteer2\system\Database\BaseBuilder.php(1616): CodeIgniter\Database\BaseConnection->query('SELECT 1\nFROM `...', Array, false)
#3 C:\wamp64\www\itvolunteer2\system\Validation\StrictRules\Rules.php(206): CodeIgniter\Database\BaseBuilder->get()
#4 C:\wamp64\www\itvolunteer2\system\Validation\Validation.php(312): CodeIgniter\Validation\StrictRules\Rules->is_unique('ambaqasah', 'username', Array, NULL, 'username')
#5 C:\wamp64\www\itvolunteer2\system\Validation\Validation.php(170): CodeIgniter\Validation\Validation->processRules('username', 'username', 'ambaqasah', Array, Array)
#6 C:\wamp64\www\itvolunteer2\system\Controller.php(140): CodeIgniter\Validation\Validation->run()
#7 C:\wamp64\www\itvolunteer2\vendor\myth\auth\src\Controllers\AuthController.php(154): CodeIgniter\Controller->validate(Array)
#8 C:\wamp64\www\itvolunteer2\system\CodeIgniter.php(934): Myth\Auth\Controllers\AuthController->attemptRegister()
#9 C:\wamp64\www\itvolunteer2\system\CodeIgniter.php(499): CodeIgniter\CodeIgniter->runController(Object(Myth\Auth\Controllers\AuthController))
#10 C:\wamp64\www\itvolunteer2\system\CodeIgniter.php(368): CodeIgniter\CodeIgniter->handleRequest(NULL, Object(Config\Cache), false)
#11 C:\wamp64\www\itvolunteer2\public\index.php(67): CodeIgniter\CodeIgniter->run()
#12 C:\wamp64\www\itvolunteer2\system\Commands\Server\rewrite.php(47): require_once('C:\\wamp64\\www\\i...')
#13 {main}
CRITICAL - 2023-04-11 21:05:02 --> Unable to connect to the database.
Main connection [MySQLi]: Unknown database 'itvolunteer2'
in SYSTEMPATH\Database\BaseConnection.php on line 427.
 1 SYSTEMPATH\Database\BaseConnection.php(573): CodeIgniter\Database\BaseConnection->initialize()
 2 SYSTEMPATH\Database\BaseBuilder.php(1616): CodeIgniter\Database\BaseConnection->query('SELECT 1
FROM `users`
WHERE `username` = :username:
 LIMIT 1', [...], false)
 3 SYSTEMPATH\Validation\StrictRules\Rules.php(206): CodeIgniter\Database\BaseBuilder->get()
 4 SYSTEMPATH\Validation\Validation.php(312): CodeIgniter\Validation\StrictRules\Rules->is_unique('ambaqasah', 'username', [...], null, 'username')
 5 SYSTEMPATH\Validation\Validation.php(170): CodeIgniter\Validation\Validation->processRules('username', 'username', 'ambaqasah', [...], [...])
 6 SYSTEMPATH\Controller.php(140): CodeIgniter\Validation\Validation->run()
 7 VENDORPATH\myth\auth\src\Controllers\AuthController.php(154): CodeIgniter\Controller->validate([...])
 8 SYSTEMPATH\CodeIgniter.php(934): Myth\Auth\Controllers\AuthController->attemptRegister()
 9 SYSTEMPATH\CodeIgniter.php(499): CodeIgniter\CodeIgniter->runController(Object(Myth\Auth\Controllers\AuthController))
10 SYSTEMPATH\CodeIgniter.php(368): CodeIgniter\CodeIgniter->handleRequest(null, Object(Config\Cache), false)
11 FCPATH\index.php(67): CodeIgniter\CodeIgniter->run()
12 SYSTEMPATH\Commands\Server\rewrite.php(47): require_once('FCPATH\\index.php')
INFO - 2023-04-11 21:07:02 --> Session: Class initialized using 'CodeIgniter\Session\Handlers\FileHandler' driver.
INFO - 2023-04-11 21:07:03 --> Session: Class initialized using 'CodeIgniter\Session\Handlers\FileHandler' driver.
INFO - 2023-04-11 21:09:19 --> Session: Class initialized using 'CodeIgniter\Session\Handlers\FileHandler' driver.
INFO - 2023-04-11 21:09:35 --> Session: Class initialized using 'CodeIgniter\Session\Handlers\FileHandler' driver.
INFO - 2023-04-11 21:09:35 --> Session: Class initialized using 'CodeIgniter\Session\Handlers\FileHandler' driver.
INFO - 2023-04-11 21:13:00 --> Session: Class initialized using 'CodeIgniter\Session\Handlers\FileHandler' driver.
INFO - 2023-04-11 21:13:21 --> Session: Class initialized using 'CodeIgniter\Session\Handlers\FileHandler' driver.
INFO - 2023-04-11 21:13:21 --> Session: Class initialized using 'CodeIgniter\Session\Handlers\FileHandler' driver.
INFO - 2023-04-11 21:13:58 --> Session: Class initialized using 'CodeIgniter\Session\Handlers\FileHandler' driver.
INFO - 2023-04-11 21:13:59 --> Session: Class initialized using 'CodeIgniter\Session\Handlers\FileHandler' driver.
INFO - 2023-04-11 21:14:40 --> Session: Class initialized using 'CodeIgniter\Session\Handlers\FileHandler' driver.
INFO - 2023-04-11 21:14:56 --> Session: Class initialized using 'CodeIgniter\Session\Handlers\FileHandler' driver.
INFO - 2023-04-11 21:15:05 --> Session: Class initialized using 'CodeIgniter\Session\Handlers\FileHandler' driver.
INFO - 2023-04-11 21:15:42 --> Session: Class initialized using 'CodeIgniter\Session\Handlers\FileHandler' driver.
INFO - 2023-04-11 21:15:42 --> Session: Class initialized using 'CodeIgniter\Session\Handlers\FileHandler' driver.
INFO - 2023-04-11 21:15:54 --> Session: Class initialized using 'CodeIgniter\Session\Handlers\FileHandler' driver.
INFO - 2023-04-11 21:15:54 --> Session: Class initialized using 'CodeIgniter\Session\Handlers\FileHandler' driver.
INFO - 2023-04-11 21:15:57 --> Session: Class initialized using 'CodeIgniter\Session\Handlers\FileHandler' driver.
INFO - 2023-04-11 21:16:07 --> Session: Class initialized using 'CodeIgniter\Session\Handlers\FileHandler' driver.
INFO - 2023-04-11 21:16:07 --> Session: Class initialized using 'CodeIgniter\Session\Handlers\FileHandler' driver.
INFO - 2023-04-11 21:16:32 --> Session: Class initialized using 'CodeIgniter\Session\Handlers\FileHandler' driver.
INFO - 2023-04-11 21:16:32 --> Session: Class initialized using 'CodeIgniter\Session\Handlers\FileHandler' driver.
INFO - 2023-04-11 21:30:43 --> Session: Class initialized using 'CodeIgniter\Session\Handlers\FileHandler' driver.
INFO - 2023-04-11 21:31:59 --> Session: Class initialized using 'CodeIgniter\Session\Handlers\FileHandler' driver.
INFO - 2023-04-11 21:32:02 --> Session: Class initialized using 'CodeIgniter\Session\Handlers\FileHandler' driver.
INFO - 2023-04-11 21:32:04 --> Session: Class initialized using 'CodeIgniter\Session\Handlers\FileHandler' driver.
INFO - 2023-04-11 21:33:40 --> Session: Class initialized using 'CodeIgniter\Session\Handlers\FileHandler' driver.
INFO - 2023-04-11 21:33:50 --> Session: Class initialized using 'CodeIgniter\Session\Handlers\FileHandler' driver.
INFO - 2023-04-11 21:43:22 --> Session: Class initialized using 'CodeIgniter\Session\Handlers\FileHandler' driver.
INFO - 2023-04-11 21:51:35 --> Session: Class initialized using 'CodeIgniter\Session\Handlers\FileHandler' driver.
INFO - 2023-04-11 22:00:28 --> Session: Class initialized using 'CodeIgniter\Session\Handlers\FileHandler' driver.
INFO - 2023-04-11 22:07:26 --> Session: Class initialized using 'CodeIgniter\Session\Handlers\FileHandler' driver.
INFO - 2023-04-11 22:07:36 --> Session: Class initialized using 'CodeIgniter\Session\Handlers\FileHandler' driver.
INFO - 2023-04-11 22:07:39 --> Session: Class initialized using 'CodeIgniter\Session\Handlers\FileHandler' driver.
INFO - 2023-04-11 22:07:48 --> Session: Class initialized using 'CodeIgniter\Session\Handlers\FileHandler' driver.
INFO - 2023-04-11 22:12:57 --> Session: Class initialized using 'CodeIgniter\Session\Handlers\FileHandler' driver.
INFO - 2023-04-11 22:12:59 --> Session: Class initialized using 'CodeIgniter\Session\Handlers\FileHandler' driver.
INFO - 2023-04-11 22:13:16 --> Session: Class initialized using 'CodeIgniter\Session\Handlers\FileHandler' driver.
INFO - 2023-04-11 22:13:56 --> Session: Class initialized using 'CodeIgniter\Session\Handlers\FileHandler' driver.
INFO - 2023-04-11 22:23:43 --> Session: Class initialized using 'CodeIgniter\Session\Handlers\FileHandler' driver.
INFO - 2023-04-11 22:23:54 --> Session: Class initialized using 'CodeIgniter\Session\Handlers\FileHandler' driver.
INFO - 2023-04-11 22:23:58 --> Session: Class initialized using 'CodeIgniter\Session\Handlers\FileHandler' driver.
INFO - 2023-04-11 22:24:11 --> Session: Class initialized using 'CodeIgniter\Session\Handlers\FileHandler' driver.
INFO - 2023-04-11 22:24:11 --> Session: Class initialized using 'CodeIgniter\Session\Handlers\FileHandler' driver.
INFO - 2023-04-11 22:24:51 --> Session: Class initialized using 'CodeIgniter\Session\Handlers\FileHandler' driver.
INFO - 2023-04-11 22:24:51 --> Session: Class initialized using 'CodeIgniter\Session\Handlers\FileHandler' driver.
INFO - 2023-04-11 22:29:05 --> Session: Class initialized using 'CodeIgniter\Session\Handlers\FileHandler' driver.
INFO - 2023-04-11 22:29:17 --> Session: Class initialized using 'CodeIgniter\Session\Handlers\FileHandler' driver.
INFO - 2023-04-11 22:29:27 --> Session: Class initialized using 'CodeIgniter\Session\Handlers\FileHandler' driver.
INFO - 2023-04-11 22:29:35 --> Session: Class initialized using 'CodeIgniter\Session\Handlers\FileHandler' driver.
