INFO - 2023-05-16 08:08:30 --> Session: Class initialized using 'CodeIgniter\Session\Handlers\FileHandler' driver.
INFO - 2023-05-16 08:08:45 --> Session: Class initialized using 'CodeIgniter\Session\Handlers\FileHandler' driver.
INFO - 2023-05-16 08:09:05 --> Session: Class initialized using 'CodeIgniter\Session\Handlers\FileHandler' driver.
INFO - 2023-05-16 08:09:09 --> Session: Class initialized using 'CodeIgniter\Session\Handlers\FileHandler' driver.
INFO - 2023-05-16 08:09:40 --> Session: Class initialized using 'CodeIgniter\Session\Handlers\FileHandler' driver.
INFO - 2023-05-16 08:13:00 --> Session: Class initialized using 'CodeIgniter\Session\Handlers\FileHandler' driver.
INFO - 2023-05-16 08:14:20 --> Session: Class initialized using 'CodeIgniter\Session\Handlers\FileHandler' driver.
INFO - 2023-05-16 08:14:43 --> Session: Class initialized using 'CodeIgniter\Session\Handlers\FileHandler' driver.
INFO - 2023-05-16 08:14:56 --> Session: Class initialized using 'CodeIgniter\Session\Handlers\FileHandler' driver.
INFO - 2023-05-16 08:15:56 --> Session: Class initialized using 'CodeIgniter\Session\Handlers\FileHandler' driver.
INFO - 2023-05-16 08:17:38 --> Session: Class initialized using 'CodeIgniter\Session\Handlers\FileHandler' driver.
INFO - 2023-05-16 08:22:19 --> Session: Class initialized using 'CodeIgniter\Session\Handlers\FileHandler' driver.
INFO - 2023-05-16 08:23:00 --> Session: Class initialized using 'CodeIgniter\Session\Handlers\FileHandler' driver.
INFO - 2023-05-16 08:23:40 --> Session: Class initialized using 'CodeIgniter\Session\Handlers\FileHandler' driver.
INFO - 2023-05-16 08:25:24 --> Session: Class initialized using 'CodeIgniter\Session\Handlers\FileHandler' driver.
INFO - 2023-05-16 08:27:14 --> Session: Class initialized using 'CodeIgniter\Session\Handlers\FileHandler' driver.
INFO - 2023-05-16 08:27:34 --> Session: Class initialized using 'CodeIgniter\Session\Handlers\FileHandler' driver.
INFO - 2023-05-16 08:28:38 --> Session: Class initialized using 'CodeIgniter\Session\Handlers\FileHandler' driver.
INFO - 2023-05-16 08:29:14 --> Session: Class initialized using 'CodeIgniter\Session\Handlers\FileHandler' driver.
INFO - 2023-05-16 08:29:47 --> Session: Class initialized using 'CodeIgniter\Session\Handlers\FileHandler' driver.
INFO - 2023-05-16 08:42:11 --> Session: Class initialized using 'CodeIgniter\Session\Handlers\FileHandler' driver.
INFO - 2023-05-16 08:44:02 --> Session: Class initialized using 'CodeIgniter\Session\Handlers\FileHandler' driver.
INFO - 2023-05-16 08:44:12 --> Session: Class initialized using 'CodeIgniter\Session\Handlers\FileHandler' driver.
INFO - 2023-05-16 08:44:25 --> Session: Class initialized using 'CodeIgniter\Session\Handlers\FileHandler' driver.
INFO - 2023-05-16 08:44:34 --> Session: Class initialized using 'CodeIgniter\Session\Handlers\FileHandler' driver.
INFO - 2023-05-16 08:44:55 --> Session: Class initialized using 'CodeIgniter\Session\Handlers\FileHandler' driver.
INFO - 2023-05-16 08:45:59 --> Session: Class initialized using 'CodeIgniter\Session\Handlers\FileHandler' driver.
INFO - 2023-05-16 08:47:16 --> Session: Class initialized using 'CodeIgniter\Session\Handlers\FileHandler' driver.
INFO - 2023-05-16 08:47:25 --> Session: Class initialized using 'CodeIgniter\Session\Handlers\FileHandler' driver.
INFO - 2023-05-16 08:47:53 --> Session: Class initialized using 'CodeIgniter\Session\Handlers\FileHandler' driver.
INFO - 2023-05-16 09:27:30 --> Session: Class initialized using 'CodeIgniter\Session\Handlers\FileHandler' driver.
INFO - 2023-05-16 09:27:56 --> Session: Class initialized using 'CodeIgniter\Session\Handlers\FileHandler' driver.
INFO - 2023-05-16 09:28:16 --> Session: Class initialized using 'CodeIgniter\Session\Handlers\FileHandler' driver.
INFO - 2023-05-16 09:28:18 --> Session: Class initialized using 'CodeIgniter\Session\Handlers\FileHandler' driver.
INFO - 2023-05-16 09:28:20 --> Session: Class initialized using 'CodeIgniter\Session\Handlers\FileHandler' driver.
INFO - 2023-05-16 18:13:53 --> Session: Class initialized using 'CodeIgniter\Session\Handlers\FileHandler' driver.
INFO - 2023-05-16 18:13:57 --> Session: Class initialized using 'CodeIgniter\Session\Handlers\FileHandler' driver.
INFO - 2023-05-16 18:13:59 --> Session: Class initialized using 'CodeIgniter\Session\Handlers\FileHandler' driver.
INFO - 2023-05-16 18:14:01 --> Session: Class initialized using 'CodeIgniter\Session\Handlers\FileHandler' driver.
INFO - 2023-05-16 18:14:08 --> Session: Class initialized using 'CodeIgniter\Session\Handlers\FileHandler' driver.
INFO - 2023-05-16 18:15:21 --> Session: Class initialized using 'CodeIgniter\Session\Handlers\FileHandler' driver.
INFO - 2023-05-16 18:16:16 --> Session: Class initialized using 'CodeIgniter\Session\Handlers\FileHandler' driver.
INFO - 2023-05-16 18:16:21 --> Session: Class initialized using 'CodeIgniter\Session\Handlers\FileHandler' driver.
INFO - 2023-05-16 18:17:37 --> Session: Class initialized using 'CodeIgniter\Session\Handlers\FileHandler' driver.
INFO - 2023-05-16 18:17:48 --> Session: Class initialized using 'CodeIgniter\Session\Handlers\FileHandler' driver.
INFO - 2023-05-16 18:17:54 --> Session: Class initialized using 'CodeIgniter\Session\Handlers\FileHandler' driver.
INFO - 2023-05-16 18:18:12 --> Session: Class initialized using 'CodeIgniter\Session\Handlers\FileHandler' driver.
INFO - 2023-05-16 18:19:27 --> Session: Class initialized using 'CodeIgniter\Session\Handlers\FileHandler' driver.
INFO - 2023-05-16 18:19:42 --> Session: Class initialized using 'CodeIgniter\Session\Handlers\FileHandler' driver.
INFO - 2023-05-16 18:19:45 --> Session: Class initialized using 'CodeIgniter\Session\Handlers\FileHandler' driver.
INFO - 2023-05-16 18:20:46 --> Session: Class initialized using 'CodeIgniter\Session\Handlers\FileHandler' driver.
INFO - 2023-05-16 18:20:48 --> Session: Class initialized using 'CodeIgniter\Session\Handlers\FileHandler' driver.
INFO - 2023-05-16 18:34:24 --> Session: Class initialized using 'CodeIgniter\Session\Handlers\FileHandler' driver.
INFO - 2023-05-16 18:44:28 --> Session: Class initialized using 'CodeIgniter\Session\Handlers\FileHandler' driver.
INFO - 2023-05-16 19:28:09 --> Session: Class initialized using 'CodeIgniter\Session\Handlers\FileHandler' driver.
INFO - 2023-05-16 19:29:59 --> Session: Class initialized using 'CodeIgniter\Session\Handlers\FileHandler' driver.
INFO - 2023-05-16 19:31:58 --> Session: Class initialized using 'CodeIgniter\Session\Handlers\FileHandler' driver.
INFO - 2023-05-16 19:32:28 --> Session: Class initialized using 'CodeIgniter\Session\Handlers\FileHandler' driver.
INFO - 2023-05-16 19:36:41 --> Session: Class initialized using 'CodeIgniter\Session\Handlers\FileHandler' driver.
INFO - 2023-05-16 19:36:43 --> Session: Class initialized using 'CodeIgniter\Session\Handlers\FileHandler' driver.
INFO - 2023-05-16 19:37:38 --> Session: Class initialized using 'CodeIgniter\Session\Handlers\FileHandler' driver.
ERROR - 2023-05-16 20:05:11 --> Email: sendWithSmtp throwed ErrorException: fsockopen(): php_network_getaddresses: getaddrinfo failed: No such host is known.  in C:\wamp64\www\ITVoulnteer3.2\system\Email\Email.php:1868
Stack trace:
#0 [internal function]: CodeIgniter\Debug\Exceptions->errorHandler(2, 'fsockopen(): ph...', 'C:\\wamp64\\www\\I...', 1868, Array)
#1 C:\wamp64\www\ITVoulnteer3.2\system\Email\Email.php(1868): fsockopen('mail.jawebni.co...', 587, 0, 'php_network_get...', 15)
#2 C:\wamp64\www\ITVoulnteer3.2\system\Email\Email.php(1782): CodeIgniter\Email\Email->SMTPConnect()
#3 C:\wamp64\www\ITVoulnteer3.2\system\Email\Email.php(1667): CodeIgniter\Email\Email->sendWithSmtp()
#4 C:\wamp64\www\ITVoulnteer3.2\system\Email\Email.php(1565): CodeIgniter\Email\Email->spoolEmail()
#5 C:\wamp64\www\ITVoulnteer3.2\app\Config\Email.php(16): CodeIgniter\Email\Email->send()
#6 C:\wamp64\www\ITVoulnteer3.2\system\Autoloader\Autoloader.php(312): include_once('C:\\wamp64\\www\\I...')
#7 C:\wamp64\www\ITVoulnteer3.2\system\Autoloader\Autoloader.php(289): CodeIgniter\Autoloader\Autoloader->includeFile('C:\\wamp64\\www\\I...')
#8 C:\wamp64\www\ITVoulnteer3.2\system\Autoloader\Autoloader.php(267): CodeIgniter\Autoloader\Autoloader->loadInNamespace('Config\\Email')
#9 [internal function]: CodeIgniter\Autoloader\Autoloader->loadClass('Config\\Email')
#10 [internal function]: spl_autoload_call('Config\\Email')
#11 C:\wamp64\www\ITVoulnteer3.2\system\Config\Factories.php(155): class_exists('Config\\Email')
#12 C:\wamp64\www\ITVoulnteer3.2\system\Config\Factories.php(125): CodeIgniter\Config\Factories::locateClass(Array, 'Email')
#13 C:\wamp64\www\ITVoulnteer3.2\system\Common.php(216): CodeIgniter\Config\Factories::__callStatic('config', Array)
#14 C:\wamp64\www\ITVoulnteer3.2\system\Config\Services.php(220): config('Email')
#15 C:\wamp64\www\ITVoulnteer3.2\system\Config\BaseService.php(252): CodeIgniter\Config\Services::email(NULL, false)
#16 C:\wamp64\www\ITVoulnteer3.2\system\Config\BaseService.php(193): CodeIgniter\Config\BaseService::__callStatic('email', Array)
#17 C:\wamp64\www\ITVoulnteer3.2\system\Config\Services.php(216): CodeIgniter\Config\BaseService::getSharedInstance('email', NULL)
#18 C:\wamp64\www\ITVoulnteer3.2\system\Config\BaseService.php(252): CodeIgniter\Config\Services::email()
#19 C:\wamp64\www\ITVoulnteer3.2\app\Controllers\Pages.php(64): CodeIgniter\Config\BaseService::__callStatic('email', Array)
#20 C:\wamp64\www\ITVoulnteer3.2\system\CodeIgniter.php(934): App\Controllers\Pages->sendEmail()
#21 C:\wamp64\www\ITVoulnteer3.2\system\CodeIgniter.php(499): CodeIgniter\CodeIgniter->runController(Object(App\Controllers\Pages))
#22 C:\wamp64\www\ITVoulnteer3.2\system\CodeIgniter.php(368): CodeIgniter\CodeIgniter->handleRequest(NULL, Object(Config\Cache), false)
#23 C:\wamp64\www\ITVoulnteer3.2\public\index.php(67): CodeIgniter\CodeIgniter->run()
#24 C:\wamp64\www\ITVoulnteer3.2\system\Commands\Server\rewrite.php(47): require_once('C:\\wamp64\\www\\I...')
#25 {main}
ERROR - 2023-05-16 20:05:11 --> Email: Unable to send email using SMTP. Your server might not be configured to send mail using this method.
ERROR - 2023-05-16 20:05:11 --> 
ERROR - 2023-05-16 20:05:11 --> Email: sendWithSmtp throwed ErrorException: fsockopen(): php_network_getaddresses: getaddrinfo failed: No such host is known.  in C:\wamp64\www\ITVoulnteer3.2\system\Email\Email.php:1868
Stack trace:
#0 [internal function]: CodeIgniter\Debug\Exceptions->errorHandler(2, 'fsockopen(): ph...', 'C:\\wamp64\\www\\I...', 1868, Array)
#1 C:\wamp64\www\ITVoulnteer3.2\system\Email\Email.php(1868): fsockopen('mail.jawebni.co...', 587, 0, 'php_network_get...', 15)
#2 C:\wamp64\www\ITVoulnteer3.2\system\Email\Email.php(1782): CodeIgniter\Email\Email->SMTPConnect()
#3 C:\wamp64\www\ITVoulnteer3.2\system\Email\Email.php(1667): CodeIgniter\Email\Email->sendWithSmtp()
#4 C:\wamp64\www\ITVoulnteer3.2\system\Email\Email.php(1565): CodeIgniter\Email\Email->spoolEmail()
#5 C:\wamp64\www\ITVoulnteer3.2\app\Controllers\Pages.php(69): CodeIgniter\Email\Email->send()
#6 C:\wamp64\www\ITVoulnteer3.2\system\CodeIgniter.php(934): App\Controllers\Pages->sendEmail()
#7 C:\wamp64\www\ITVoulnteer3.2\system\CodeIgniter.php(499): CodeIgniter\CodeIgniter->runController(Object(App\Controllers\Pages))
#8 C:\wamp64\www\ITVoulnteer3.2\system\CodeIgniter.php(368): CodeIgniter\CodeIgniter->handleRequest(NULL, Object(Config\Cache), false)
#9 C:\wamp64\www\ITVoulnteer3.2\public\index.php(67): CodeIgniter\CodeIgniter->run()
#10 C:\wamp64\www\ITVoulnteer3.2\system\Commands\Server\rewrite.php(47): require_once('C:\\wamp64\\www\\I...')
#11 {main}
ERROR - 2023-05-16 20:05:11 --> Email: Unable to send email using SMTP. Your server might not be configured to send mail using this method.
ERROR - 2023-05-16 20:05:11 --> 
INFO - 2023-05-16 20:05:11 --> Session: Class initialized using 'CodeIgniter\Session\Handlers\FileHandler' driver.
INFO - 2023-05-16 20:05:11 --> Session: Class initialized using 'CodeIgniter\Session\Handlers\FileHandler' driver.
INFO - 2023-05-16 20:05:49 --> Session: Class initialized using 'CodeIgniter\Session\Handlers\FileHandler' driver.
ERROR - 2023-05-16 20:06:03 --> Email: sendWithSmtp throwed ErrorException: fsockopen(): php_network_getaddresses: getaddrinfo failed: No such host is known.  in C:\wamp64\www\ITVoulnteer3.2\system\Email\Email.php:1868
Stack trace:
#0 [internal function]: CodeIgniter\Debug\Exceptions->errorHandler(2, 'fsockopen(): ph...', 'C:\\wamp64\\www\\I...', 1868, Array)
#1 C:\wamp64\www\ITVoulnteer3.2\system\Email\Email.php(1868): fsockopen('mail.jawebni.co...', 587, 0, 'php_network_get...', 15)
#2 C:\wamp64\www\ITVoulnteer3.2\system\Email\Email.php(1782): CodeIgniter\Email\Email->SMTPConnect()
#3 C:\wamp64\www\ITVoulnteer3.2\system\Email\Email.php(1667): CodeIgniter\Email\Email->sendWithSmtp()
#4 C:\wamp64\www\ITVoulnteer3.2\system\Email\Email.php(1565): CodeIgniter\Email\Email->spoolEmail()
#5 C:\wamp64\www\ITVoulnteer3.2\app\Config\Email.php(16): CodeIgniter\Email\Email->send()
#6 C:\wamp64\www\ITVoulnteer3.2\system\Autoloader\Autoloader.php(312): include_once('C:\\wamp64\\www\\I...')
#7 C:\wamp64\www\ITVoulnteer3.2\system\Autoloader\Autoloader.php(289): CodeIgniter\Autoloader\Autoloader->includeFile('C:\\wamp64\\www\\I...')
#8 C:\wamp64\www\ITVoulnteer3.2\system\Autoloader\Autoloader.php(267): CodeIgniter\Autoloader\Autoloader->loadInNamespace('Config\\Email')
#9 [internal function]: CodeIgniter\Autoloader\Autoloader->loadClass('Config\\Email')
#10 [internal function]: spl_autoload_call('Config\\Email')
#11 C:\wamp64\www\ITVoulnteer3.2\system\Config\Factories.php(155): class_exists('Config\\Email')
#12 C:\wamp64\www\ITVoulnteer3.2\system\Config\Factories.php(125): CodeIgniter\Config\Factories::locateClass(Array, 'Email')
#13 C:\wamp64\www\ITVoulnteer3.2\system\Common.php(216): CodeIgniter\Config\Factories::__callStatic('config', Array)
#14 C:\wamp64\www\ITVoulnteer3.2\system\Config\Services.php(220): config('Email')
#15 C:\wamp64\www\ITVoulnteer3.2\system\Config\BaseService.php(252): CodeIgniter\Config\Services::email(NULL, false)
#16 C:\wamp64\www\ITVoulnteer3.2\system\Config\BaseService.php(193): CodeIgniter\Config\BaseService::__callStatic('email', Array)
#17 C:\wamp64\www\ITVoulnteer3.2\system\Config\Services.php(216): CodeIgniter\Config\BaseService::getSharedInstance('email', NULL)
#18 C:\wamp64\www\ITVoulnteer3.2\system\Config\BaseService.php(252): CodeIgniter\Config\Services::email()
#19 C:\wamp64\www\ITVoulnteer3.2\app\Controllers\Pages.php(64): CodeIgniter\Config\BaseService::__callStatic('email', Array)
#20 C:\wamp64\www\ITVoulnteer3.2\system\CodeIgniter.php(934): App\Controllers\Pages->sendEmail()
#21 C:\wamp64\www\ITVoulnteer3.2\system\CodeIgniter.php(499): CodeIgniter\CodeIgniter->runController(Object(App\Controllers\Pages))
#22 C:\wamp64\www\ITVoulnteer3.2\system\CodeIgniter.php(368): CodeIgniter\CodeIgniter->handleRequest(NULL, Object(Config\Cache), false)
#23 C:\wamp64\www\ITVoulnteer3.2\public\index.php(67): CodeIgniter\CodeIgniter->run()
#24 C:\wamp64\www\ITVoulnteer3.2\system\Commands\Server\rewrite.php(47): require_once('C:\\wamp64\\www\\I...')
#25 {main}
ERROR - 2023-05-16 20:06:03 --> Email: Unable to send email using SMTP. Your server might not be configured to send mail using this method.
ERROR - 2023-05-16 20:06:03 --> 
ERROR - 2023-05-16 20:06:03 --> Email: sendWithSmtp throwed ErrorException: fsockopen(): php_network_getaddresses: getaddrinfo failed: No such host is known.  in C:\wamp64\www\ITVoulnteer3.2\system\Email\Email.php:1868
Stack trace:
#0 [internal function]: CodeIgniter\Debug\Exceptions->errorHandler(2, 'fsockopen(): ph...', 'C:\\wamp64\\www\\I...', 1868, Array)
#1 C:\wamp64\www\ITVoulnteer3.2\system\Email\Email.php(1868): fsockopen('mail.jawebni.co...', 587, 0, 'php_network_get...', 15)
#2 C:\wamp64\www\ITVoulnteer3.2\system\Email\Email.php(1782): CodeIgniter\Email\Email->SMTPConnect()
#3 C:\wamp64\www\ITVoulnteer3.2\system\Email\Email.php(1667): CodeIgniter\Email\Email->sendWithSmtp()
#4 C:\wamp64\www\ITVoulnteer3.2\system\Email\Email.php(1565): CodeIgniter\Email\Email->spoolEmail()
#5 C:\wamp64\www\ITVoulnteer3.2\app\Controllers\Pages.php(69): CodeIgniter\Email\Email->send()
#6 C:\wamp64\www\ITVoulnteer3.2\system\CodeIgniter.php(934): App\Controllers\Pages->sendEmail()
#7 C:\wamp64\www\ITVoulnteer3.2\system\CodeIgniter.php(499): CodeIgniter\CodeIgniter->runController(Object(App\Controllers\Pages))
#8 C:\wamp64\www\ITVoulnteer3.2\system\CodeIgniter.php(368): CodeIgniter\CodeIgniter->handleRequest(NULL, Object(Config\Cache), false)
#9 C:\wamp64\www\ITVoulnteer3.2\public\index.php(67): CodeIgniter\CodeIgniter->run()
#10 C:\wamp64\www\ITVoulnteer3.2\system\Commands\Server\rewrite.php(47): require_once('C:\\wamp64\\www\\I...')
#11 {main}
ERROR - 2023-05-16 20:06:03 --> Email: Unable to send email using SMTP. Your server might not be configured to send mail using this method.
ERROR - 2023-05-16 20:06:03 --> 
INFO - 2023-05-16 20:06:03 --> Session: Class initialized using 'CodeIgniter\Session\Handlers\FileHandler' driver.
INFO - 2023-05-16 20:06:03 --> Session: Class initialized using 'CodeIgniter\Session\Handlers\FileHandler' driver.
ERROR - 2023-05-16 20:41:34 --> Email: sendWithSmtp throwed ErrorException: fsockopen(): php_network_getaddresses: getaddrinfo failed: No such host is known.  in C:\wamp64\www\ITVoulnteer3.2\system\Email\Email.php:1868
Stack trace:
#0 [internal function]: CodeIgniter\Debug\Exceptions->errorHandler(2, 'fsockopen(): ph...', 'C:\\wamp64\\www\\I...', 1868, Array)
#1 C:\wamp64\www\ITVoulnteer3.2\system\Email\Email.php(1868): fsockopen('smtp.gmail.com', 587, 0, 'php_network_get...', 15)
#2 C:\wamp64\www\ITVoulnteer3.2\system\Email\Email.php(1782): CodeIgniter\Email\Email->SMTPConnect()
#3 C:\wamp64\www\ITVoulnteer3.2\system\Email\Email.php(1667): CodeIgniter\Email\Email->sendWithSmtp()
#4 C:\wamp64\www\ITVoulnteer3.2\system\Email\Email.php(1565): CodeIgniter\Email\Email->spoolEmail()
#5 C:\wamp64\www\ITVoulnteer3.2\app\Config\Email.php(16): CodeIgniter\Email\Email->send()
#6 C:\wamp64\www\ITVoulnteer3.2\system\Autoloader\Autoloader.php(312): include_once('C:\\wamp64\\www\\I...')
#7 C:\wamp64\www\ITVoulnteer3.2\system\Autoloader\Autoloader.php(289): CodeIgniter\Autoloader\Autoloader->includeFile('C:\\wamp64\\www\\I...')
#8 C:\wamp64\www\ITVoulnteer3.2\system\Autoloader\Autoloader.php(267): CodeIgniter\Autoloader\Autoloader->loadInNamespace('Config\\Email')
#9 [internal function]: CodeIgniter\Autoloader\Autoloader->loadClass('Config\\Email')
#10 [internal function]: spl_autoload_call('Config\\Email')
#11 C:\wamp64\www\ITVoulnteer3.2\system\Config\Factories.php(155): class_exists('Config\\Email')
#12 C:\wamp64\www\ITVoulnteer3.2\system\Config\Factories.php(125): CodeIgniter\Config\Factories::locateClass(Array, 'Email')
#13 C:\wamp64\www\ITVoulnteer3.2\system\Common.php(216): CodeIgniter\Config\Factories::__callStatic('config', Array)
#14 C:\wamp64\www\ITVoulnteer3.2\system\Config\Services.php(220): config('Email')
#15 C:\wamp64\www\ITVoulnteer3.2\system\Config\BaseService.php(252): CodeIgniter\Config\Services::email(NULL, false)
#16 C:\wamp64\www\ITVoulnteer3.2\system\Config\BaseService.php(193): CodeIgniter\Config\BaseService::__callStatic('email', Array)
#17 C:\wamp64\www\ITVoulnteer3.2\system\Config\Services.php(216): CodeIgniter\Config\BaseService::getSharedInstance('email', NULL)
#18 C:\wamp64\www\ITVoulnteer3.2\system\Config\BaseService.php(252): CodeIgniter\Config\Services::email()
#19 C:\wamp64\www\ITVoulnteer3.2\app\Controllers\Pages.php(64): CodeIgniter\Config\BaseService::__callStatic('email', Array)
#20 C:\wamp64\www\ITVoulnteer3.2\system\CodeIgniter.php(934): App\Controllers\Pages->sendEmail()
#21 C:\wamp64\www\ITVoulnteer3.2\system\CodeIgniter.php(499): CodeIgniter\CodeIgniter->runController(Object(App\Controllers\Pages))
#22 C:\wamp64\www\ITVoulnteer3.2\system\CodeIgniter.php(368): CodeIgniter\CodeIgniter->handleRequest(NULL, Object(Config\Cache), false)
#23 C:\wamp64\www\ITVoulnteer3.2\public\index.php(67): CodeIgniter\CodeIgniter->run()
#24 C:\wamp64\www\ITVoulnteer3.2\system\Commands\Server\rewrite.php(47): require_once('C:\\wamp64\\www\\I...')
#25 {main}
ERROR - 2023-05-16 20:41:34 --> Email: Unable to send email using SMTP. Your server might not be configured to send mail using this method.
ERROR - 2023-05-16 20:41:34 --> 
ERROR - 2023-05-16 20:41:34 --> Email: sendWithSmtp throwed ErrorException: fsockopen(): php_network_getaddresses: getaddrinfo failed: No such host is known.  in C:\wamp64\www\ITVoulnteer3.2\system\Email\Email.php:1868
Stack trace:
#0 [internal function]: CodeIgniter\Debug\Exceptions->errorHandler(2, 'fsockopen(): ph...', 'C:\\wamp64\\www\\I...', 1868, Array)
#1 C:\wamp64\www\ITVoulnteer3.2\system\Email\Email.php(1868): fsockopen('smtp.gmail.com', 587, 0, 'php_network_get...', 15)
#2 C:\wamp64\www\ITVoulnteer3.2\system\Email\Email.php(1782): CodeIgniter\Email\Email->SMTPConnect()
#3 C:\wamp64\www\ITVoulnteer3.2\system\Email\Email.php(1667): CodeIgniter\Email\Email->sendWithSmtp()
#4 C:\wamp64\www\ITVoulnteer3.2\system\Email\Email.php(1565): CodeIgniter\Email\Email->spoolEmail()
#5 C:\wamp64\www\ITVoulnteer3.2\app\Controllers\Pages.php(69): CodeIgniter\Email\Email->send()
#6 C:\wamp64\www\ITVoulnteer3.2\system\CodeIgniter.php(934): App\Controllers\Pages->sendEmail()
#7 C:\wamp64\www\ITVoulnteer3.2\system\CodeIgniter.php(499): CodeIgniter\CodeIgniter->runController(Object(App\Controllers\Pages))
#8 C:\wamp64\www\ITVoulnteer3.2\system\CodeIgniter.php(368): CodeIgniter\CodeIgniter->handleRequest(NULL, Object(Config\Cache), false)
#9 C:\wamp64\www\ITVoulnteer3.2\public\index.php(67): CodeIgniter\CodeIgniter->run()
#10 C:\wamp64\www\ITVoulnteer3.2\system\Commands\Server\rewrite.php(47): require_once('C:\\wamp64\\www\\I...')
#11 {main}
ERROR - 2023-05-16 20:41:34 --> Email: Unable to send email using SMTP. Your server might not be configured to send mail using this method.
ERROR - 2023-05-16 20:41:34 --> 
INFO - 2023-05-16 20:41:34 --> Session: Class initialized using 'CodeIgniter\Session\Handlers\FileHandler' driver.
INFO - 2023-05-16 20:41:35 --> Session: Class initialized using 'CodeIgniter\Session\Handlers\FileHandler' driver.
ERROR - 2023-05-16 20:56:46 --> Email: Unable to send email using SMTP. Your server might not be configured to send mail using this method.
ERROR - 2023-05-16 20:56:46 --> 220 smtp.gmail.com ESMTP l15-20020adff48f000000b003063a1cdaf2sm117536wro.48 - gsmtp

hello: 250-smtp.gmail.com at your service, [151.255.142.109]
250-SIZE 35882577
250-8BITMIME
250-STARTTLS
250-ENHANCEDSTATUSCODES
250-PIPELINING
250-CHUNKING
250 SMTPUTF8

starttls: 220 2.0.0 Ready to start TLS

hello: 250-smtp.gmail.com at your service, [151.255.142.109]
250-SIZE 35882577
250-8BITMIME
250-AUTH LOGIN PLAIN XOAUTH2 PLAIN-CLIENTTOKEN OAUTHBEARER XOAUTH
250-ENHANCEDSTATUSCODES
250-PIPELINING
250-CHUNKING
250 SMTPUTF8

Failed to authenticate password. Error: 535-5.7.8 Username and Password not accepted. Learn more at
535 5.7.8  https://support.google.com/mail/?p=BadCredentials l15-20020adff48f000000b003063a1cdaf2sm117536wro.48 - gsmtp

ERROR - 2023-05-16 20:56:49 --> Email: Unable to send email using SMTP. Your server might not be configured to send mail using this method.
ERROR - 2023-05-16 20:56:49 --> 220 smtp.gmail.com ESMTP t22-20020a7bc3d6000000b003f427cba193sm2919676wmj.41 - gsmtp

hello: 250-smtp.gmail.com at your service, [151.255.142.109]
250-SIZE 35882577
250-8BITMIME
250-STARTTLS
250-ENHANCEDSTATUSCODES
250-PIPELINING
250-CHUNKING
250 SMTPUTF8

starttls: 220 2.0.0 Ready to start TLS

hello: 250-smtp.gmail.com at your service, [151.255.142.109]
250-SIZE 35882577
250-8BITMIME
250-AUTH LOGIN PLAIN XOAUTH2 PLAIN-CLIENTTOKEN OAUTHBEARER XOAUTH
250-ENHANCEDSTATUSCODES
250-PIPELINING
250-CHUNKING
250 SMTPUTF8

Failed to authenticate password. Error: 535-5.7.8 Username and Password not accepted. Learn more at
535 5.7.8  https://support.google.com/mail/?p=BadCredentials t22-20020a7bc3d6000000b003f427cba193sm2919676wmj.41 - gsmtp

INFO - 2023-05-16 20:56:49 --> Session: Class initialized using 'CodeIgniter\Session\Handlers\FileHandler' driver.
INFO - 2023-05-16 20:56:49 --> Session: Class initialized using 'CodeIgniter\Session\Handlers\FileHandler' driver.
INFO - 2023-05-16 21:14:26 --> Session: Class initialized using 'CodeIgniter\Session\Handlers\FileHandler' driver.
INFO - 2023-05-16 21:14:26 --> Session: Class initialized using 'CodeIgniter\Session\Handlers\FileHandler' driver.
INFO - 2023-05-16 21:30:52 --> Session: Class initialized using 'CodeIgniter\Session\Handlers\FileHandler' driver.
INFO - 2023-05-16 21:30:53 --> Session: Class initialized using 'CodeIgniter\Session\Handlers\FileHandler' driver.
INFO - 2023-05-16 21:30:56 --> Session: Class initialized using 'CodeIgniter\Session\Handlers\FileHandler' driver.
INFO - 2023-05-16 21:31:28 --> Session: Class initialized using 'CodeIgniter\Session\Handlers\FileHandler' driver.
INFO - 2023-05-16 21:31:28 --> Session: Class initialized using 'CodeIgniter\Session\Handlers\FileHandler' driver.
INFO - 2023-05-16 21:32:36 --> Session: Class initialized using 'CodeIgniter\Session\Handlers\FileHandler' driver.
INFO - 2023-05-16 21:33:01 --> Session: Class initialized using 'CodeIgniter\Session\Handlers\FileHandler' driver.
INFO - 2023-05-16 22:01:50 --> Session: Class initialized using 'CodeIgniter\Session\Handlers\FileHandler' driver.
INFO - 2023-05-16 22:01:51 --> Session: Class initialized using 'CodeIgniter\Session\Handlers\FileHandler' driver.
INFO - 2023-05-16 22:01:51 --> Session: Class initialized using 'CodeIgniter\Session\Handlers\FileHandler' driver.
INFO - 2023-05-16 22:01:52 --> Session: Class initialized using 'CodeIgniter\Session\Handlers\FileHandler' driver.
INFO - 2023-05-16 22:01:55 --> Session: Class initialized using 'CodeIgniter\Session\Handlers\FileHandler' driver.
INFO - 2023-05-16 22:02:00 --> Session: Class initialized using 'CodeIgniter\Session\Handlers\FileHandler' driver.
INFO - 2023-05-16 22:02:08 --> Session: Class initialized using 'CodeIgniter\Session\Handlers\FileHandler' driver.
INFO - 2023-05-16 22:05:01 --> Session: Class initialized using 'CodeIgniter\Session\Handlers\FileHandler' driver.
INFO - 2023-05-16 22:05:26 --> Session: Class initialized using 'CodeIgniter\Session\Handlers\FileHandler' driver.
INFO - 2023-05-16 22:05:40 --> Session: Class initialized using 'CodeIgniter\Session\Handlers\FileHandler' driver.
INFO - 2023-05-16 22:06:41 --> Session: Class initialized using 'CodeIgniter\Session\Handlers\FileHandler' driver.
INFO - 2023-05-16 22:06:49 --> Session: Class initialized using 'CodeIgniter\Session\Handlers\FileHandler' driver.
INFO - 2023-05-16 22:06:50 --> Session: Class initialized using 'CodeIgniter\Session\Handlers\FileHandler' driver.
