INFO - 2023-05-23 18:43:27 --> Session: Class initialized using 'CodeIgniter\Session\Handlers\FileHandler' driver.
CRITICAL - 2023-05-23 18:43:29 --> finfo::file(C:\wamp64\www\itvolunteer5\writable\uploads/event_images/1684697452_b4a5e0a10cfad26577dd.png): failed to open stream: No such file or directory
in APPPATH\Controllers\Events.php on line 257.
 1 [internal function]: CodeIgniter\Debug\Exceptions->errorHandler(2, 'finfo::file(C:\\wamp64\\www\\itvolunteer5\\writable\\uploads/event_images/1684697452_b4a5e0a10cfad26577dd.png): failed to open stream: No such file or directory', 'APPPATH\\Controllers\\Events.php', 257, [...])
 2 APPPATH\Controllers\Events.php(257): finfo->file('ROOTPATH\\writable\\uploads/event_images/1684697452_b4a5e0a10cfad26577dd.png')
 3 SYSTEMPATH\CodeIgniter.php(934): App\Controllers\Events->image('1684697452_b4a5e0a10cfad26577dd.png')
 4 SYSTEMPATH\CodeIgniter.php(499): CodeIgniter\CodeIgniter->runController(Object(App\Controllers\Events))
 5 SYSTEMPATH\CodeIgniter.php(368): CodeIgniter\CodeIgniter->handleRequest(null, Object(Config\Cache), false)
 6 FCPATH\index.php(67): CodeIgniter\CodeIgniter->run()
 7 SYSTEMPATH\Commands\Server\rewrite.php(47): require_once('FCPATH\\index.php')
INFO - 2023-05-23 18:43:45 --> Session: Class initialized using 'CodeIgniter\Session\Handlers\FileHandler' driver.
INFO - 2023-05-23 18:43:48 --> Session: Class initialized using 'CodeIgniter\Session\Handlers\FileHandler' driver.
INFO - 2023-05-23 18:43:48 --> Session: Class initialized using 'CodeIgniter\Session\Handlers\FileHandler' driver.
CRITICAL - 2023-05-23 18:43:50 --> finfo::file(C:\wamp64\www\itvolunteer5\writable\uploads/event_images/1684697452_b4a5e0a10cfad26577dd.png): failed to open stream: No such file or directory
in APPPATH\Controllers\Events.php on line 257.
 1 [internal function]: CodeIgniter\Debug\Exceptions->errorHandler(2, 'finfo::file(C:\\wamp64\\www\\itvolunteer5\\writable\\uploads/event_images/1684697452_b4a5e0a10cfad26577dd.png): failed to open stream: No such file or directory', 'APPPATH\\Controllers\\Events.php', 257, [...])
 2 APPPATH\Controllers\Events.php(257): finfo->file('ROOTPATH\\writable\\uploads/event_images/1684697452_b4a5e0a10cfad26577dd.png')
 3 SYSTEMPATH\CodeIgniter.php(934): App\Controllers\Events->image('1684697452_b4a5e0a10cfad26577dd.png')
 4 SYSTEMPATH\CodeIgniter.php(499): CodeIgniter\CodeIgniter->runController(Object(App\Controllers\Events))
 5 SYSTEMPATH\CodeIgniter.php(368): CodeIgniter\CodeIgniter->handleRequest(null, Object(Config\Cache), false)
 6 FCPATH\index.php(67): CodeIgniter\CodeIgniter->run()
 7 SYSTEMPATH\Commands\Server\rewrite.php(47): require_once('FCPATH\\index.php')
INFO - 2023-05-23 18:44:07 --> Session: Class initialized using 'CodeIgniter\Session\Handlers\FileHandler' driver.
INFO - 2023-05-23 18:44:13 --> Session: Class initialized using 'CodeIgniter\Session\Handlers\FileHandler' driver.
INFO - 2023-05-23 18:44:13 --> Session: Class initialized using 'CodeIgniter\Session\Handlers\FileHandler' driver.
INFO - 2023-05-23 18:44:19 --> Session: Class initialized using 'CodeIgniter\Session\Handlers\FileHandler' driver.
INFO - 2023-05-23 18:44:23 --> Session: Class initialized using 'CodeIgniter\Session\Handlers\FileHandler' driver.
CRITICAL - 2023-05-23 18:44:23 --> finfo::file(C:\wamp64\www\itvolunteer5\writable\uploads/event_images/1684697452_b4a5e0a10cfad26577dd.png): failed to open stream: No such file or directory
in APPPATH\Controllers\Events.php on line 257.
 1 [internal function]: CodeIgniter\Debug\Exceptions->errorHandler(2, 'finfo::file(C:\\wamp64\\www\\itvolunteer5\\writable\\uploads/event_images/1684697452_b4a5e0a10cfad26577dd.png): failed to open stream: No such file or directory', 'APPPATH\\Controllers\\Events.php', 257, [...])
 2 APPPATH\Controllers\Events.php(257): finfo->file('ROOTPATH\\writable\\uploads/event_images/1684697452_b4a5e0a10cfad26577dd.png')
 3 SYSTEMPATH\CodeIgniter.php(934): App\Controllers\Events->image('1684697452_b4a5e0a10cfad26577dd.png')
 4 SYSTEMPATH\CodeIgniter.php(499): CodeIgniter\CodeIgniter->runController(Object(App\Controllers\Events))
 5 SYSTEMPATH\CodeIgniter.php(368): CodeIgniter\CodeIgniter->handleRequest(null, Object(Config\Cache), false)
 6 FCPATH\index.php(67): CodeIgniter\CodeIgniter->run()
 7 SYSTEMPATH\Commands\Server\rewrite.php(47): require_once('FCPATH\\index.php')
INFO - 2023-05-23 18:48:07 --> Session: Class initialized using 'CodeIgniter\Session\Handlers\FileHandler' driver.
INFO - 2023-05-23 18:48:50 --> Session: Class initialized using 'CodeIgniter\Session\Handlers\FileHandler' driver.
INFO - 2023-05-23 18:49:17 --> Session: Class initialized using 'CodeIgniter\Session\Handlers\FileHandler' driver.
INFO - 2023-05-23 18:49:43 --> Session: Class initialized using 'CodeIgniter\Session\Handlers\FileHandler' driver.
INFO - 2023-05-23 18:49:58 --> Session: Class initialized using 'CodeIgniter\Session\Handlers\FileHandler' driver.
INFO - 2023-05-23 18:51:41 --> Session: Class initialized using 'CodeIgniter\Session\Handlers\FileHandler' driver.
INFO - 2023-05-23 18:51:41 --> Session: Class initialized using 'CodeIgniter\Session\Handlers\FileHandler' driver.
INFO - 2023-05-23 18:51:55 --> Session: Class initialized using 'CodeIgniter\Session\Handlers\FileHandler' driver.
INFO - 2023-05-23 18:51:59 --> Session: Class initialized using 'CodeIgniter\Session\Handlers\FileHandler' driver.
INFO - 2023-05-23 18:51:59 --> Session: Class initialized using 'CodeIgniter\Session\Handlers\FileHandler' driver.
INFO - 2023-05-23 18:52:13 --> Session: Class initialized using 'CodeIgniter\Session\Handlers\FileHandler' driver.
INFO - 2023-05-23 18:52:16 --> Session: Class initialized using 'CodeIgniter\Session\Handlers\FileHandler' driver.
INFO - 2023-05-23 18:52:19 --> Session: Class initialized using 'CodeIgniter\Session\Handlers\FileHandler' driver.
CRITICAL - 2023-05-23 18:52:21 --> finfo::file(C:\wamp64\www\itvolunteer5\writable\uploads/event_images/1684697452_b4a5e0a10cfad26577dd.png): failed to open stream: No such file or directory
in APPPATH\Controllers\Events.php on line 263.
 1 [internal function]: CodeIgniter\Debug\Exceptions->errorHandler(2, 'finfo::file(C:\\wamp64\\www\\itvolunteer5\\writable\\uploads/event_images/1684697452_b4a5e0a10cfad26577dd.png): failed to open stream: No such file or directory', 'APPPATH\\Controllers\\Events.php', 263, [...])
 2 APPPATH\Controllers\Events.php(263): finfo->file('ROOTPATH\\writable\\uploads/event_images/1684697452_b4a5e0a10cfad26577dd.png')
 3 SYSTEMPATH\CodeIgniter.php(934): App\Controllers\Events->image('1684697452_b4a5e0a10cfad26577dd.png')
 4 SYSTEMPATH\CodeIgniter.php(499): CodeIgniter\CodeIgniter->runController(Object(App\Controllers\Events))
 5 SYSTEMPATH\CodeIgniter.php(368): CodeIgniter\CodeIgniter->handleRequest(null, Object(Config\Cache), false)
 6 FCPATH\index.php(67): CodeIgniter\CodeIgniter->run()
 7 SYSTEMPATH\Commands\Server\rewrite.php(47): require_once('FCPATH\\index.php')
INFO - 2023-05-23 18:53:42 --> Session: Class initialized using 'CodeIgniter\Session\Handlers\FileHandler' driver.
CRITICAL - 2023-05-23 18:53:44 --> finfo::file(C:\wamp64\www\itvolunteer5\writable\uploads/event_images/1684697452_b4a5e0a10cfad26577dd.png): failed to open stream: No such file or directory
in APPPATH\Controllers\Events.php on line 263.
 1 [internal function]: CodeIgniter\Debug\Exceptions->errorHandler(2, 'finfo::file(C:\\wamp64\\www\\itvolunteer5\\writable\\uploads/event_images/1684697452_b4a5e0a10cfad26577dd.png): failed to open stream: No such file or directory', 'APPPATH\\Controllers\\Events.php', 263, [...])
 2 APPPATH\Controllers\Events.php(263): finfo->file('ROOTPATH\\writable\\uploads/event_images/1684697452_b4a5e0a10cfad26577dd.png')
 3 SYSTEMPATH\CodeIgniter.php(934): App\Controllers\Events->image('1684697452_b4a5e0a10cfad26577dd.png')
 4 SYSTEMPATH\CodeIgniter.php(499): CodeIgniter\CodeIgniter->runController(Object(App\Controllers\Events))
 5 SYSTEMPATH\CodeIgniter.php(368): CodeIgniter\CodeIgniter->handleRequest(null, Object(Config\Cache), false)
 6 FCPATH\index.php(67): CodeIgniter\CodeIgniter->run()
 7 SYSTEMPATH\Commands\Server\rewrite.php(47): require_once('FCPATH\\index.php')
INFO - 2023-05-23 18:54:28 --> Session: Class initialized using 'CodeIgniter\Session\Handlers\FileHandler' driver.
CRITICAL - 2023-05-23 18:54:30 --> finfo::file(C:\wamp64\www\itvolunteer5\writable\uploads/event_images/1684697452_b4a5e0a10cfad26577dd.png): failed to open stream: No such file or directory
in APPPATH\Controllers\Events.php on line 263.
 1 [internal function]: CodeIgniter\Debug\Exceptions->errorHandler(2, 'finfo::file(C:\\wamp64\\www\\itvolunteer5\\writable\\uploads/event_images/1684697452_b4a5e0a10cfad26577dd.png): failed to open stream: No such file or directory', 'APPPATH\\Controllers\\Events.php', 263, [...])
 2 APPPATH\Controllers\Events.php(263): finfo->file('ROOTPATH\\writable\\uploads/event_images/1684697452_b4a5e0a10cfad26577dd.png')
 3 SYSTEMPATH\CodeIgniter.php(934): App\Controllers\Events->image('1684697452_b4a5e0a10cfad26577dd.png')
 4 SYSTEMPATH\CodeIgniter.php(499): CodeIgniter\CodeIgniter->runController(Object(App\Controllers\Events))
 5 SYSTEMPATH\CodeIgniter.php(368): CodeIgniter\CodeIgniter->handleRequest(null, Object(Config\Cache), false)
 6 FCPATH\index.php(67): CodeIgniter\CodeIgniter->run()
 7 SYSTEMPATH\Commands\Server\rewrite.php(47): require_once('FCPATH\\index.php')
INFO - 2023-05-23 18:54:57 --> Session: Class initialized using 'CodeIgniter\Session\Handlers\FileHandler' driver.
CRITICAL - 2023-05-23 18:54:58 --> finfo::file(C:\wamp64\www\itvolunteer5\writable\uploads/event_images/1684697452_b4a5e0a10cfad26577dd.png): failed to open stream: No such file or directory
in APPPATH\Controllers\Events.php on line 263.
 1 [internal function]: CodeIgniter\Debug\Exceptions->errorHandler(2, 'finfo::file(C:\\wamp64\\www\\itvolunteer5\\writable\\uploads/event_images/1684697452_b4a5e0a10cfad26577dd.png): failed to open stream: No such file or directory', 'APPPATH\\Controllers\\Events.php', 263, [...])
 2 APPPATH\Controllers\Events.php(263): finfo->file('ROOTPATH\\writable\\uploads/event_images/1684697452_b4a5e0a10cfad26577dd.png')
 3 SYSTEMPATH\CodeIgniter.php(934): App\Controllers\Events->image('1684697452_b4a5e0a10cfad26577dd.png')
 4 SYSTEMPATH\CodeIgniter.php(499): CodeIgniter\CodeIgniter->runController(Object(App\Controllers\Events))
 5 SYSTEMPATH\CodeIgniter.php(368): CodeIgniter\CodeIgniter->handleRequest(null, Object(Config\Cache), false)
 6 FCPATH\index.php(67): CodeIgniter\CodeIgniter->run()
 7 SYSTEMPATH\Commands\Server\rewrite.php(47): require_once('FCPATH\\index.php')
INFO - 2023-05-23 18:56:33 --> Session: Class initialized using 'CodeIgniter\Session\Handlers\FileHandler' driver.
INFO - 2023-05-23 18:56:39 --> Session: Class initialized using 'CodeIgniter\Session\Handlers\FileHandler' driver.
INFO - 2023-05-23 18:56:46 --> Session: Class initialized using 'CodeIgniter\Session\Handlers\FileHandler' driver.
INFO - 2023-05-23 18:56:54 --> Session: Class initialized using 'CodeIgniter\Session\Handlers\FileHandler' driver.
CRITICAL - 2023-05-23 18:56:54 --> finfo::file(C:\wamp64\www\itvolunteer5\writable\uploads/event_images/1684697452_b4a5e0a10cfad26577dd.png): failed to open stream: No such file or directory
in APPPATH\Controllers\Events.php on line 263.
 1 [internal function]: CodeIgniter\Debug\Exceptions->errorHandler(2, 'finfo::file(C:\\wamp64\\www\\itvolunteer5\\writable\\uploads/event_images/1684697452_b4a5e0a10cfad26577dd.png): failed to open stream: No such file or directory', 'APPPATH\\Controllers\\Events.php', 263, [...])
 2 APPPATH\Controllers\Events.php(263): finfo->file('ROOTPATH\\writable\\uploads/event_images/1684697452_b4a5e0a10cfad26577dd.png')
 3 SYSTEMPATH\CodeIgniter.php(934): App\Controllers\Events->image('1684697452_b4a5e0a10cfad26577dd.png')
 4 SYSTEMPATH\CodeIgniter.php(499): CodeIgniter\CodeIgniter->runController(Object(App\Controllers\Events))
 5 SYSTEMPATH\CodeIgniter.php(368): CodeIgniter\CodeIgniter->handleRequest(null, Object(Config\Cache), false)
 6 FCPATH\index.php(67): CodeIgniter\CodeIgniter->run()
 7 SYSTEMPATH\Commands\Server\rewrite.php(47): require_once('FCPATH\\index.php')
INFO - 2023-05-23 18:56:57 --> Session: Class initialized using 'CodeIgniter\Session\Handlers\FileHandler' driver.
INFO - 2023-05-23 18:56:59 --> Session: Class initialized using 'CodeIgniter\Session\Handlers\FileHandler' driver.
INFO - 2023-05-23 18:57:01 --> Session: Class initialized using 'CodeIgniter\Session\Handlers\FileHandler' driver.
CRITICAL - 2023-05-23 18:57:02 --> finfo::file(C:\wamp64\www\itvolunteer5\writable\uploads/event_images/1684697452_b4a5e0a10cfad26577dd.png): failed to open stream: No such file or directory
in APPPATH\Controllers\Events.php on line 263.
 1 [internal function]: CodeIgniter\Debug\Exceptions->errorHandler(2, 'finfo::file(C:\\wamp64\\www\\itvolunteer5\\writable\\uploads/event_images/1684697452_b4a5e0a10cfad26577dd.png): failed to open stream: No such file or directory', 'APPPATH\\Controllers\\Events.php', 263, [...])
 2 APPPATH\Controllers\Events.php(263): finfo->file('ROOTPATH\\writable\\uploads/event_images/1684697452_b4a5e0a10cfad26577dd.png')
 3 SYSTEMPATH\CodeIgniter.php(934): App\Controllers\Events->image('1684697452_b4a5e0a10cfad26577dd.png')
 4 SYSTEMPATH\CodeIgniter.php(499): CodeIgniter\CodeIgniter->runController(Object(App\Controllers\Events))
 5 SYSTEMPATH\CodeIgniter.php(368): CodeIgniter\CodeIgniter->handleRequest(null, Object(Config\Cache), false)
 6 FCPATH\index.php(67): CodeIgniter\CodeIgniter->run()
 7 SYSTEMPATH\Commands\Server\rewrite.php(47): require_once('FCPATH\\index.php')
INFO - 2023-05-23 18:57:05 --> Session: Class initialized using 'CodeIgniter\Session\Handlers\FileHandler' driver.
INFO - 2023-05-23 19:00:12 --> Session: Class initialized using 'CodeIgniter\Session\Handlers\FileHandler' driver.
INFO - 2023-05-23 19:01:00 --> Session: Class initialized using 'CodeIgniter\Session\Handlers\FileHandler' driver.
INFO - 2023-05-23 19:01:07 --> Session: Class initialized using 'CodeIgniter\Session\Handlers\FileHandler' driver.
CRITICAL - 2023-05-23 19:01:08 --> finfo::file(C:\wamp64\www\itvolunteer5\writable\uploads/event_images/1684697452_b4a5e0a10cfad26577dd.png): failed to open stream: No such file or directory
in APPPATH\Controllers\Events.php on line 263.
 1 [internal function]: CodeIgniter\Debug\Exceptions->errorHandler(2, 'finfo::file(C:\\wamp64\\www\\itvolunteer5\\writable\\uploads/event_images/1684697452_b4a5e0a10cfad26577dd.png): failed to open stream: No such file or directory', 'APPPATH\\Controllers\\Events.php', 263, [...])
 2 APPPATH\Controllers\Events.php(263): finfo->file('ROOTPATH\\writable\\uploads/event_images/1684697452_b4a5e0a10cfad26577dd.png')
 3 SYSTEMPATH\CodeIgniter.php(934): App\Controllers\Events->image('1684697452_b4a5e0a10cfad26577dd.png')
 4 SYSTEMPATH\CodeIgniter.php(499): CodeIgniter\CodeIgniter->runController(Object(App\Controllers\Events))
 5 SYSTEMPATH\CodeIgniter.php(368): CodeIgniter\CodeIgniter->handleRequest(null, Object(Config\Cache), false)
 6 FCPATH\index.php(67): CodeIgniter\CodeIgniter->run()
 7 SYSTEMPATH\Commands\Server\rewrite.php(47): require_once('FCPATH\\index.php')
INFO - 2023-05-23 19:01:10 --> Session: Class initialized using 'CodeIgniter\Session\Handlers\FileHandler' driver.
INFO - 2023-05-23 19:01:17 --> Session: Class initialized using 'CodeIgniter\Session\Handlers\FileHandler' driver.
INFO - 2023-05-23 19:01:47 --> Session: Class initialized using 'CodeIgniter\Session\Handlers\FileHandler' driver.
CRITICAL - 2023-05-23 19:01:47 --> finfo::file(C:\wamp64\www\itvolunteer5\writable\uploads/event_images/1684697452_b4a5e0a10cfad26577dd.png): failed to open stream: No such file or directory
in APPPATH\Controllers\Events.php on line 263.
 1 [internal function]: CodeIgniter\Debug\Exceptions->errorHandler(2, 'finfo::file(C:\\wamp64\\www\\itvolunteer5\\writable\\uploads/event_images/1684697452_b4a5e0a10cfad26577dd.png): failed to open stream: No such file or directory', 'APPPATH\\Controllers\\Events.php', 263, [...])
 2 APPPATH\Controllers\Events.php(263): finfo->file('ROOTPATH\\writable\\uploads/event_images/1684697452_b4a5e0a10cfad26577dd.png')
 3 SYSTEMPATH\CodeIgniter.php(934): App\Controllers\Events->image('1684697452_b4a5e0a10cfad26577dd.png')
 4 SYSTEMPATH\CodeIgniter.php(499): CodeIgniter\CodeIgniter->runController(Object(App\Controllers\Events))
 5 SYSTEMPATH\CodeIgniter.php(368): CodeIgniter\CodeIgniter->handleRequest(null, Object(Config\Cache), false)
 6 FCPATH\index.php(67): CodeIgniter\CodeIgniter->run()
 7 SYSTEMPATH\Commands\Server\rewrite.php(47): require_once('FCPATH\\index.php')
INFO - 2023-05-23 19:01:52 --> Session: Class initialized using 'CodeIgniter\Session\Handlers\FileHandler' driver.
INFO - 2023-05-23 19:01:55 --> Session: Class initialized using 'CodeIgniter\Session\Handlers\FileHandler' driver.
CRITICAL - 2023-05-23 19:01:55 --> finfo::file(C:\wamp64\www\itvolunteer5\writable\uploads/event_images/1684697452_b4a5e0a10cfad26577dd.png): failed to open stream: No such file or directory
in APPPATH\Controllers\Events.php on line 263.
 1 [internal function]: CodeIgniter\Debug\Exceptions->errorHandler(2, 'finfo::file(C:\\wamp64\\www\\itvolunteer5\\writable\\uploads/event_images/1684697452_b4a5e0a10cfad26577dd.png): failed to open stream: No such file or directory', 'APPPATH\\Controllers\\Events.php', 263, [...])
 2 APPPATH\Controllers\Events.php(263): finfo->file('ROOTPATH\\writable\\uploads/event_images/1684697452_b4a5e0a10cfad26577dd.png')
 3 SYSTEMPATH\CodeIgniter.php(934): App\Controllers\Events->image('1684697452_b4a5e0a10cfad26577dd.png')
 4 SYSTEMPATH\CodeIgniter.php(499): CodeIgniter\CodeIgniter->runController(Object(App\Controllers\Events))
 5 SYSTEMPATH\CodeIgniter.php(368): CodeIgniter\CodeIgniter->handleRequest(null, Object(Config\Cache), false)
 6 FCPATH\index.php(67): CodeIgniter\CodeIgniter->run()
 7 SYSTEMPATH\Commands\Server\rewrite.php(47): require_once('FCPATH\\index.php')
INFO - 2023-05-23 19:01:58 --> Session: Class initialized using 'CodeIgniter\Session\Handlers\FileHandler' driver.
INFO - 2023-05-23 19:02:24 --> Session: Class initialized using 'CodeIgniter\Session\Handlers\FileHandler' driver.
INFO - 2023-05-23 19:03:11 --> Session: Class initialized using 'CodeIgniter\Session\Handlers\FileHandler' driver.
INFO - 2023-05-23 19:03:42 --> Session: Class initialized using 'CodeIgniter\Session\Handlers\FileHandler' driver.
INFO - 2023-05-23 19:04:22 --> Session: Class initialized using 'CodeIgniter\Session\Handlers\FileHandler' driver.
INFO - 2023-05-23 19:04:47 --> Session: Class initialized using 'CodeIgniter\Session\Handlers\FileHandler' driver.
INFO - 2023-05-23 19:05:03 --> Session: Class initialized using 'CodeIgniter\Session\Handlers\FileHandler' driver.
CRITICAL - 2023-05-23 19:05:04 --> finfo::file(C:\wamp64\www\itvolunteer5\writable\uploads/event_images/1684697452_b4a5e0a10cfad26577dd.png): failed to open stream: No such file or directory
in APPPATH\Controllers\Events.php on line 263.
 1 [internal function]: CodeIgniter\Debug\Exceptions->errorHandler(2, 'finfo::file(C:\\wamp64\\www\\itvolunteer5\\writable\\uploads/event_images/1684697452_b4a5e0a10cfad26577dd.png): failed to open stream: No such file or directory', 'APPPATH\\Controllers\\Events.php', 263, [...])
 2 APPPATH\Controllers\Events.php(263): finfo->file('ROOTPATH\\writable\\uploads/event_images/1684697452_b4a5e0a10cfad26577dd.png')
 3 SYSTEMPATH\CodeIgniter.php(934): App\Controllers\Events->image('1684697452_b4a5e0a10cfad26577dd.png')
 4 SYSTEMPATH\CodeIgniter.php(499): CodeIgniter\CodeIgniter->runController(Object(App\Controllers\Events))
 5 SYSTEMPATH\CodeIgniter.php(368): CodeIgniter\CodeIgniter->handleRequest(null, Object(Config\Cache), false)
 6 FCPATH\index.php(67): CodeIgniter\CodeIgniter->run()
 7 SYSTEMPATH\Commands\Server\rewrite.php(47): require_once('FCPATH\\index.php')
INFO - 2023-05-23 19:05:07 --> Session: Class initialized using 'CodeIgniter\Session\Handlers\FileHandler' driver.
INFO - 2023-05-23 19:05:14 --> Session: Class initialized using 'CodeIgniter\Session\Handlers\FileHandler' driver.
INFO - 2023-05-23 19:07:08 --> Session: Class initialized using 'CodeIgniter\Session\Handlers\FileHandler' driver.
