INFO - 2023-05-25 01:45:57 --> Session: Class initialized using 'CodeIgniter\Session\Handlers\FileHandler' driver.
INFO - 2023-05-25 01:45:57 --> Session: Class initialized using 'CodeIgniter\Session\Handlers\FileHandler' driver.
INFO - 2023-05-25 01:46:10 --> Session: Class initialized using 'CodeIgniter\Session\Handlers\FileHandler' driver.
INFO - 2023-05-25 01:46:11 --> Session: Class initialized using 'CodeIgniter\Session\Handlers\FileHandler' driver.
INFO - 2023-05-25 01:46:20 --> Session: Class initialized using 'CodeIgniter\Session\Handlers\FileHandler' driver.
INFO - 2023-05-25 01:46:29 --> Session: Class initialized using 'CodeIgniter\Session\Handlers\FileHandler' driver.
INFO - 2023-05-25 01:46:49 --> Session: Class initialized using 'CodeIgniter\Session\Handlers\FileHandler' driver.
INFO - 2023-05-25 01:46:50 --> Session: Class initialized using 'CodeIgniter\Session\Handlers\FileHandler' driver.
INFO - 2023-05-25 01:47:08 --> Session: Class initialized using 'CodeIgniter\Session\Handlers\FileHandler' driver.
INFO - 2023-05-25 01:47:12 --> Session: Class initialized using 'CodeIgniter\Session\Handlers\FileHandler' driver.
INFO - 2023-05-25 01:47:17 --> Session: Class initialized using 'CodeIgniter\Session\Handlers\FileHandler' driver.
INFO - 2023-05-25 01:47:20 --> Session: Class initialized using 'CodeIgniter\Session\Handlers\FileHandler' driver.
INFO - 2023-05-25 01:47:21 --> Session: Class initialized using 'CodeIgniter\Session\Handlers\FileHandler' driver.
INFO - 2023-05-25 01:50:53 --> Session: Class initialized using 'CodeIgniter\Session\Handlers\FileHandler' driver.
INFO - 2023-05-25 01:56:11 --> Session: Class initialized using 'CodeIgniter\Session\Handlers\FileHandler' driver.
INFO - 2023-05-25 01:57:23 --> Session: Class initialized using 'CodeIgniter\Session\Handlers\FileHandler' driver.
INFO - 2023-05-25 01:57:38 --> Session: Class initialized using 'CodeIgniter\Session\Handlers\FileHandler' driver.
INFO - 2023-05-25 02:10:24 --> Session: Class initialized using 'CodeIgniter\Session\Handlers\FileHandler' driver.
INFO - 2023-05-25 02:11:26 --> Session: Class initialized using 'CodeIgniter\Session\Handlers\FileHandler' driver.
INFO - 2023-05-25 02:11:28 --> Session: Class initialized using 'CodeIgniter\Session\Handlers\FileHandler' driver.
INFO - 2023-05-25 02:12:31 --> Session: Class initialized using 'CodeIgniter\Session\Handlers\FileHandler' driver.
INFO - 2023-05-25 02:13:49 --> Session: Class initialized using 'CodeIgniter\Session\Handlers\FileHandler' driver.
INFO - 2023-05-25 02:13:52 --> Session: Class initialized using 'CodeIgniter\Session\Handlers\FileHandler' driver.
INFO - 2023-05-25 02:13:57 --> Session: Class initialized using 'CodeIgniter\Session\Handlers\FileHandler' driver.
INFO - 2023-05-25 02:15:17 --> Session: Class initialized using 'CodeIgniter\Session\Handlers\FileHandler' driver.
INFO - 2023-05-25 02:21:13 --> Session: Class initialized using 'CodeIgniter\Session\Handlers\FileHandler' driver.
INFO - 2023-05-25 02:22:23 --> Session: Class initialized using 'CodeIgniter\Session\Handlers\FileHandler' driver.
INFO - 2023-05-25 02:22:31 --> Session: Class initialized using 'CodeIgniter\Session\Handlers\FileHandler' driver.
INFO - 2023-05-25 02:22:31 --> Session: Class initialized using 'CodeIgniter\Session\Handlers\FileHandler' driver.
INFO - 2023-05-25 02:22:54 --> Session: Class initialized using 'CodeIgniter\Session\Handlers\FileHandler' driver.
INFO - 2023-05-25 02:24:49 --> Session: Class initialized using 'CodeIgniter\Session\Handlers\FileHandler' driver.
INFO - 2023-05-25 02:25:22 --> Session: Class initialized using 'CodeIgniter\Session\Handlers\FileHandler' driver.
INFO - 2023-05-25 02:27:23 --> Session: Class initialized using 'CodeIgniter\Session\Handlers\FileHandler' driver.
INFO - 2023-05-25 02:27:30 --> Session: Class initialized using 'CodeIgniter\Session\Handlers\FileHandler' driver.
INFO - 2023-05-25 02:27:35 --> Session: Class initialized using 'CodeIgniter\Session\Handlers\FileHandler' driver.
INFO - 2023-05-25 02:27:58 --> Session: Class initialized using 'CodeIgniter\Session\Handlers\FileHandler' driver.
INFO - 2023-05-25 02:27:58 --> Session: Class initialized using 'CodeIgniter\Session\Handlers\FileHandler' driver.
INFO - 2023-05-25 02:28:26 --> Session: Class initialized using 'CodeIgniter\Session\Handlers\FileHandler' driver.
INFO - 2023-05-25 02:28:26 --> Session: Class initialized using 'CodeIgniter\Session\Handlers\FileHandler' driver.
INFO - 2023-05-25 02:29:08 --> Session: Class initialized using 'CodeIgniter\Session\Handlers\FileHandler' driver.
INFO - 2023-05-25 02:29:08 --> Session: Class initialized using 'CodeIgniter\Session\Handlers\FileHandler' driver.
INFO - 2023-05-25 02:29:12 --> Session: Class initialized using 'CodeIgniter\Session\Handlers\FileHandler' driver.
INFO - 2023-05-25 02:29:26 --> Session: Class initialized using 'CodeIgniter\Session\Handlers\FileHandler' driver.
INFO - 2023-05-25 02:29:30 --> Session: Class initialized using 'CodeIgniter\Session\Handlers\FileHandler' driver.
INFO - 2023-05-25 02:29:31 --> Session: Class initialized using 'CodeIgniter\Session\Handlers\FileHandler' driver.
INFO - 2023-05-25 02:29:39 --> Session: Class initialized using 'CodeIgniter\Session\Handlers\FileHandler' driver.
INFO - 2023-05-25 02:29:43 --> Session: Class initialized using 'CodeIgniter\Session\Handlers\FileHandler' driver.
INFO - 2023-05-25 02:29:57 --> Session: Class initialized using 'CodeIgniter\Session\Handlers\FileHandler' driver.
INFO - 2023-05-25 02:30:02 --> Session: Class initialized using 'CodeIgniter\Session\Handlers\FileHandler' driver.
INFO - 2023-05-25 02:30:02 --> Session: Class initialized using 'CodeIgniter\Session\Handlers\FileHandler' driver.
INFO - 2023-05-25 02:30:06 --> Session: Class initialized using 'CodeIgniter\Session\Handlers\FileHandler' driver.
INFO - 2023-05-25 02:30:10 --> Session: Class initialized using 'CodeIgniter\Session\Handlers\FileHandler' driver.
INFO - 2023-05-25 02:32:33 --> Session: Class initialized using 'CodeIgniter\Session\Handlers\FileHandler' driver.
INFO - 2023-05-25 02:32:41 --> Session: Class initialized using 'CodeIgniter\Session\Handlers\FileHandler' driver.
INFO - 2023-05-25 02:36:48 --> Session: Class initialized using 'CodeIgniter\Session\Handlers\FileHandler' driver.
CRITICAL - 2023-05-25 02:36:48 --> foreach() argument must be of type array|object, bool given
in APPPATH\Helpers\profile_helper.php on line 43.
 1 APPPATH\Helpers\profile_helper.php(43): CodeIgniter\Debug\Exceptions->errorHandler(2, 'foreach() argument must be of type array|object, bool given', 'APPPATH\\Helpers\\profile_helper.php', 43)
 2 APPPATH\Views\admin\users\index.php(37): render_user_groups(true)
 3 SYSTEMPATH\View\View.php(213): include('APPPATH\\Views\\admin\\users\\index.php')
 4 SYSTEMPATH\View\View.php(216): CodeIgniter\View\View->CodeIgniter\View\{closure}()
 5 SYSTEMPATH\Common.php(1184): CodeIgniter\View\View->render('admin/users/index', [], true)
 6 APPPATH\Controllers\Admin.php(49): view('admin/users/index', [...])
 7 SYSTEMPATH\CodeIgniter.php(934): App\Controllers\Admin->users()
 8 SYSTEMPATH\CodeIgniter.php(499): CodeIgniter\CodeIgniter->runController(Object(App\Controllers\Admin))
 9 SYSTEMPATH\CodeIgniter.php(368): CodeIgniter\CodeIgniter->handleRequest(null, Object(Config\Cache), false)
10 FCPATH\index.php(67): CodeIgniter\CodeIgniter->run()
11 SYSTEMPATH\Commands\Server\rewrite.php(47): require_once('FCPATH\\index.php')
INFO - 2023-05-25 02:37:04 --> Session: Class initialized using 'CodeIgniter\Session\Handlers\FileHandler' driver.
CRITICAL - 2023-05-25 02:37:04 --> foreach() argument must be of type array|object, null given
in APPPATH\Helpers\profile_helper.php on line 43.
 1 APPPATH\Helpers\profile_helper.php(43): CodeIgniter\Debug\Exceptions->errorHandler(2, 'foreach() argument must be of type array|object, null given', 'APPPATH\\Helpers\\profile_helper.php', 43)
 2 APPPATH\Views\admin\users\index.php(37): render_user_groups(null)
 3 SYSTEMPATH\View\View.php(213): include('APPPATH\\Views\\admin\\users\\index.php')
 4 SYSTEMPATH\View\View.php(216): CodeIgniter\View\View->CodeIgniter\View\{closure}()
 5 SYSTEMPATH\Common.php(1184): CodeIgniter\View\View->render('admin/users/index', [], true)
 6 APPPATH\Controllers\Admin.php(49): view('admin/users/index', [...])
 7 SYSTEMPATH\CodeIgniter.php(934): App\Controllers\Admin->users()
 8 SYSTEMPATH\CodeIgniter.php(499): CodeIgniter\CodeIgniter->runController(Object(App\Controllers\Admin))
 9 SYSTEMPATH\CodeIgniter.php(368): CodeIgniter\CodeIgniter->handleRequest(null, Object(Config\Cache), false)
10 FCPATH\index.php(67): CodeIgniter\CodeIgniter->run()
11 SYSTEMPATH\Commands\Server\rewrite.php(47): require_once('FCPATH\\index.php')
INFO - 2023-05-25 02:37:17 --> Session: Class initialized using 'CodeIgniter\Session\Handlers\FileHandler' driver.
CRITICAL - 2023-05-25 02:37:17 --> foreach() argument must be of type array|object, null given
in APPPATH\Helpers\profile_helper.php on line 43.
 1 APPPATH\Helpers\profile_helper.php(43): CodeIgniter\Debug\Exceptions->errorHandler(2, 'foreach() argument must be of type array|object, null given', 'APPPATH\\Helpers\\profile_helper.php', 43)
 2 APPPATH\Views\admin\users\index.php(37): render_user_groups(null)
 3 SYSTEMPATH\View\View.php(213): include('APPPATH\\Views\\admin\\users\\index.php')
 4 SYSTEMPATH\View\View.php(216): CodeIgniter\View\View->CodeIgniter\View\{closure}()
 5 SYSTEMPATH\Common.php(1184): CodeIgniter\View\View->render('admin/users/index', [], true)
 6 APPPATH\Controllers\Admin.php(49): view('admin/users/index', [...])
 7 SYSTEMPATH\CodeIgniter.php(934): App\Controllers\Admin->users()
 8 SYSTEMPATH\CodeIgniter.php(499): CodeIgniter\CodeIgniter->runController(Object(App\Controllers\Admin))
 9 SYSTEMPATH\CodeIgniter.php(368): CodeIgniter\CodeIgniter->handleRequest(null, Object(Config\Cache), false)
10 FCPATH\index.php(67): CodeIgniter\CodeIgniter->run()
11 SYSTEMPATH\Commands\Server\rewrite.php(47): require_once('FCPATH\\index.php')
INFO - 2023-05-25 02:42:05 --> Session: Class initialized using 'CodeIgniter\Session\Handlers\FileHandler' driver.
INFO - 2023-05-25 02:42:54 --> Session: Class initialized using 'CodeIgniter\Session\Handlers\FileHandler' driver.
INFO - 2023-05-25 02:45:53 --> Session: Class initialized using 'CodeIgniter\Session\Handlers\FileHandler' driver.
INFO - 2023-05-25 02:50:08 --> Session: Class initialized using 'CodeIgniter\Session\Handlers\FileHandler' driver.
INFO - 2023-05-25 02:50:13 --> Session: Class initialized using 'CodeIgniter\Session\Handlers\FileHandler' driver.
INFO - 2023-05-25 02:51:10 --> Session: Class initialized using 'CodeIgniter\Session\Handlers\FileHandler' driver.
CRITICAL - 2023-05-25 02:51:10 --> Undefined variable $user_groups
in APPPATH\Views\admin\users\index.php on line 37.
 1 APPPATH\Views\admin\users\index.php(37): CodeIgniter\Debug\Exceptions->errorHandler(2, 'Undefined variable $user_groups', 'APPPATH\\Views\\admin\\users\\index.php', 37)
 2 SYSTEMPATH\View\View.php(213): include('APPPATH\\Views\\admin\\users\\index.php')
 3 SYSTEMPATH\View\View.php(216): CodeIgniter\View\View->CodeIgniter\View\{closure}()
 4 SYSTEMPATH\Common.php(1184): CodeIgniter\View\View->render('admin/users/index', [], true)
 5 APPPATH\Controllers\Admin.php(49): view('admin/users/index', [...])
 6 SYSTEMPATH\CodeIgniter.php(934): App\Controllers\Admin->users()
 7 SYSTEMPATH\CodeIgniter.php(499): CodeIgniter\CodeIgniter->runController(Object(App\Controllers\Admin))
 8 SYSTEMPATH\CodeIgniter.php(368): CodeIgniter\CodeIgniter->handleRequest(null, Object(Config\Cache), false)
 9 FCPATH\index.php(67): CodeIgniter\CodeIgniter->run()
10 SYSTEMPATH\Commands\Server\rewrite.php(47): require_once('FCPATH\\index.php')
INFO - 2023-05-25 02:53:19 --> Session: Class initialized using 'CodeIgniter\Session\Handlers\FileHandler' driver.
INFO - 2023-05-25 02:56:00 --> Session: Class initialized using 'CodeIgniter\Session\Handlers\FileHandler' driver.
INFO - 2023-05-25 02:56:26 --> Session: Class initialized using 'CodeIgniter\Session\Handlers\FileHandler' driver.
CRITICAL - 2023-05-25 02:56:26 --> Call to undefined method App\Entities\User::in_groups()
in APPPATH\Views\admin\users\index.php on line 53.
 1 SYSTEMPATH\View\View.php(213): include()
 2 SYSTEMPATH\View\View.php(216): CodeIgniter\View\View->CodeIgniter\View\{closure}()
 3 SYSTEMPATH\Common.php(1184): CodeIgniter\View\View->render('admin/users/index', [], true)
 4 APPPATH\Controllers\Admin.php(49): view('admin/users/index', [...])
 5 SYSTEMPATH\CodeIgniter.php(934): App\Controllers\Admin->users()
 6 SYSTEMPATH\CodeIgniter.php(499): CodeIgniter\CodeIgniter->runController(Object(App\Controllers\Admin))
 7 SYSTEMPATH\CodeIgniter.php(368): CodeIgniter\CodeIgniter->handleRequest(null, Object(Config\Cache), false)
 8 FCPATH\index.php(67): CodeIgniter\CodeIgniter->run()
 9 SYSTEMPATH\Commands\Server\rewrite.php(47): require_once('FCPATH\\index.php')
INFO - 2023-05-25 02:57:22 --> Session: Class initialized using 'CodeIgniter\Session\Handlers\FileHandler' driver.
CRITICAL - 2023-05-25 02:57:22 --> Undefined variable $user_groups
in APPPATH\Views\admin\users\index.php on line 37.
 1 APPPATH\Views\admin\users\index.php(37): CodeIgniter\Debug\Exceptions->errorHandler(2, 'Undefined variable $user_groups', 'APPPATH\\Views\\admin\\users\\index.php', 37)
 2 SYSTEMPATH\View\View.php(213): include('APPPATH\\Views\\admin\\users\\index.php')
 3 SYSTEMPATH\View\View.php(216): CodeIgniter\View\View->CodeIgniter\View\{closure}()
 4 SYSTEMPATH\Common.php(1184): CodeIgniter\View\View->render('admin/users/index', [], true)
 5 APPPATH\Controllers\Admin.php(49): view('admin/users/index', [...])
 6 SYSTEMPATH\CodeIgniter.php(934): App\Controllers\Admin->users()
 7 SYSTEMPATH\CodeIgniter.php(499): CodeIgniter\CodeIgniter->runController(Object(App\Controllers\Admin))
 8 SYSTEMPATH\CodeIgniter.php(368): CodeIgniter\CodeIgniter->handleRequest(null, Object(Config\Cache), false)
 9 FCPATH\index.php(67): CodeIgniter\CodeIgniter->run()
10 SYSTEMPATH\Commands\Server\rewrite.php(47): require_once('FCPATH\\index.php')
INFO - 2023-05-25 02:58:21 --> Session: Class initialized using 'CodeIgniter\Session\Handlers\FileHandler' driver.
CRITICAL - 2023-05-25 02:58:21 --> Too few arguments to function App\Controllers\Admin::users(), 0 passed in C:\xampp\htdocs\itvolunteer5\system\CodeIgniter.php on line 934 and exactly 1 expected
in APPPATH\Controllers\Admin.php on line 43.
 1 SYSTEMPATH\CodeIgniter.php(934): App\Controllers\Admin->users()
 2 SYSTEMPATH\CodeIgniter.php(499): CodeIgniter\CodeIgniter->runController(Object(App\Controllers\Admin))
 3 SYSTEMPATH\CodeIgniter.php(368): CodeIgniter\CodeIgniter->handleRequest(null, Object(Config\Cache), false)
 4 FCPATH\index.php(67): CodeIgniter\CodeIgniter->run()
 5 SYSTEMPATH\Commands\Server\rewrite.php(47): require_once('FCPATH\\index.php')
INFO - 2023-05-25 02:58:27 --> Session: Class initialized using 'CodeIgniter\Session\Handlers\FileHandler' driver.
INFO - 2023-05-25 02:58:31 --> Session: Class initialized using 'CodeIgniter\Session\Handlers\FileHandler' driver.
INFO - 2023-05-25 02:58:33 --> Session: Class initialized using 'CodeIgniter\Session\Handlers\FileHandler' driver.
CRITICAL - 2023-05-25 02:58:33 --> Too few arguments to function App\Controllers\Admin::users(), 0 passed in C:\xampp\htdocs\itvolunteer5\system\CodeIgniter.php on line 934 and exactly 1 expected
in APPPATH\Controllers\Admin.php on line 43.
 1 SYSTEMPATH\CodeIgniter.php(934): App\Controllers\Admin->users()
 2 SYSTEMPATH\CodeIgniter.php(499): CodeIgniter\CodeIgniter->runController(Object(App\Controllers\Admin))
 3 SYSTEMPATH\CodeIgniter.php(368): CodeIgniter\CodeIgniter->handleRequest(null, Object(Config\Cache), false)
 4 FCPATH\index.php(67): CodeIgniter\CodeIgniter->run()
 5 SYSTEMPATH\Commands\Server\rewrite.php(47): require_once('FCPATH\\index.php')
INFO - 2023-05-25 02:59:48 --> Session: Class initialized using 'CodeIgniter\Session\Handlers\FileHandler' driver.
CRITICAL - 2023-05-25 02:59:48 --> Undefined variable $user_groups
in APPPATH\Views\admin\users\index.php on line 37.
 1 APPPATH\Views\admin\users\index.php(37): CodeIgniter\Debug\Exceptions->errorHandler(2, 'Undefined variable $user_groups', 'APPPATH\\Views\\admin\\users\\index.php', 37)
 2 SYSTEMPATH\View\View.php(213): include('APPPATH\\Views\\admin\\users\\index.php')
 3 SYSTEMPATH\View\View.php(216): CodeIgniter\View\View->CodeIgniter\View\{closure}()
 4 SYSTEMPATH\Common.php(1184): CodeIgniter\View\View->render('admin/users/index', [], true)
 5 APPPATH\Controllers\Admin.php(49): view('admin/users/index', [...])
 6 SYSTEMPATH\CodeIgniter.php(934): App\Controllers\Admin->users()
 7 SYSTEMPATH\CodeIgniter.php(499): CodeIgniter\CodeIgniter->runController(Object(App\Controllers\Admin))
 8 SYSTEMPATH\CodeIgniter.php(368): CodeIgniter\CodeIgniter->handleRequest(null, Object(Config\Cache), false)
 9 FCPATH\index.php(67): CodeIgniter\CodeIgniter->run()
10 SYSTEMPATH\Commands\Server\rewrite.php(47): require_once('FCPATH\\index.php')
INFO - 2023-05-25 02:59:50 --> Session: Class initialized using 'CodeIgniter\Session\Handlers\FileHandler' driver.
INFO - 2023-05-25 02:59:54 --> Session: Class initialized using 'CodeIgniter\Session\Handlers\FileHandler' driver.
CRITICAL - 2023-05-25 02:59:54 --> Undefined variable $user_groups
in APPPATH\Views\admin\users\index.php on line 37.
 1 APPPATH\Views\admin\users\index.php(37): CodeIgniter\Debug\Exceptions->errorHandler(2, 'Undefined variable $user_groups', 'APPPATH\\Views\\admin\\users\\index.php', 37)
 2 SYSTEMPATH\View\View.php(213): include('APPPATH\\Views\\admin\\users\\index.php')
 3 SYSTEMPATH\View\View.php(216): CodeIgniter\View\View->CodeIgniter\View\{closure}()
 4 SYSTEMPATH\Common.php(1184): CodeIgniter\View\View->render('admin/users/index', [], true)
 5 APPPATH\Controllers\Admin.php(49): view('admin/users/index', [...])
 6 SYSTEMPATH\CodeIgniter.php(934): App\Controllers\Admin->users()
 7 SYSTEMPATH\CodeIgniter.php(499): CodeIgniter\CodeIgniter->runController(Object(App\Controllers\Admin))
 8 SYSTEMPATH\CodeIgniter.php(368): CodeIgniter\CodeIgniter->handleRequest(null, Object(Config\Cache), false)
 9 FCPATH\index.php(67): CodeIgniter\CodeIgniter->run()
10 SYSTEMPATH\Commands\Server\rewrite.php(47): require_once('FCPATH\\index.php')
INFO - 2023-05-25 03:00:24 --> Session: Class initialized using 'CodeIgniter\Session\Handlers\FileHandler' driver.
INFO - 2023-05-25 03:00:28 --> Session: Class initialized using 'CodeIgniter\Session\Handlers\FileHandler' driver.
INFO - 2023-05-25 15:08:41 --> Session: Class initialized using 'CodeIgniter\Session\Handlers\FileHandler' driver.
CRITICAL - 2023-05-25 15:08:42 --> finfo::file(C:\wamp64\www\itvolunteer5\writable\uploads/event_images/1684697452_b4a5e0a10cfad26577dd.png): failed to open stream: No such file or directory
in APPPATH\Controllers\Events.php on line 263.
 1 [internal function]: CodeIgniter\Debug\Exceptions->errorHandler(2, 'finfo::file(C:\\wamp64\\www\\itvolunteer5\\writable\\uploads/event_images/1684697452_b4a5e0a10cfad26577dd.png): failed to open stream: No such file or directory', 'APPPATH\\Controllers\\Events.php', 263, [...])
 2 APPPATH\Controllers\Events.php(263): finfo->file('ROOTPATH\\writable\\uploads/event_images/1684697452_b4a5e0a10cfad26577dd.png')
 3 SYSTEMPATH\CodeIgniter.php(934): App\Controllers\Events->image('1684697452_b4a5e0a10cfad26577dd.png')
 4 SYSTEMPATH\CodeIgniter.php(499): CodeIgniter\CodeIgniter->runController(Object(App\Controllers\Events))
 5 SYSTEMPATH\CodeIgniter.php(368): CodeIgniter\CodeIgniter->handleRequest(null, Object(Config\Cache), false)
 6 FCPATH\index.php(67): CodeIgniter\CodeIgniter->run()
 7 SYSTEMPATH\Commands\Server\rewrite.php(47): require_once('FCPATH\\index.php')
INFO - 2023-05-25 15:08:45 --> Session: Class initialized using 'CodeIgniter\Session\Handlers\FileHandler' driver.
INFO - 2023-05-25 15:08:48 --> Session: Class initialized using 'CodeIgniter\Session\Handlers\FileHandler' driver.
INFO - 2023-05-25 15:08:48 --> Session: Class initialized using 'CodeIgniter\Session\Handlers\FileHandler' driver.
CRITICAL - 2023-05-25 15:08:50 --> finfo::file(C:\wamp64\www\itvolunteer5\writable\uploads/event_images/1684697452_b4a5e0a10cfad26577dd.png): failed to open stream: No such file or directory
in APPPATH\Controllers\Events.php on line 263.
 1 [internal function]: CodeIgniter\Debug\Exceptions->errorHandler(2, 'finfo::file(C:\\wamp64\\www\\itvolunteer5\\writable\\uploads/event_images/1684697452_b4a5e0a10cfad26577dd.png): failed to open stream: No such file or directory', 'APPPATH\\Controllers\\Events.php', 263, [...])
 2 APPPATH\Controllers\Events.php(263): finfo->file('ROOTPATH\\writable\\uploads/event_images/1684697452_b4a5e0a10cfad26577dd.png')
 3 SYSTEMPATH\CodeIgniter.php(934): App\Controllers\Events->image('1684697452_b4a5e0a10cfad26577dd.png')
 4 SYSTEMPATH\CodeIgniter.php(499): CodeIgniter\CodeIgniter->runController(Object(App\Controllers\Events))
 5 SYSTEMPATH\CodeIgniter.php(368): CodeIgniter\CodeIgniter->handleRequest(null, Object(Config\Cache), false)
 6 FCPATH\index.php(67): CodeIgniter\CodeIgniter->run()
 7 SYSTEMPATH\Commands\Server\rewrite.php(47): require_once('FCPATH\\index.php')
INFO - 2023-05-25 15:08:52 --> Session: Class initialized using 'CodeIgniter\Session\Handlers\FileHandler' driver.
INFO - 2023-05-25 15:08:55 --> Session: Class initialized using 'CodeIgniter\Session\Handlers\FileHandler' driver.
INFO - 2023-05-25 15:09:09 --> Session: Class initialized using 'CodeIgniter\Session\Handlers\FileHandler' driver.
CRITICAL - 2023-05-25 15:09:11 --> finfo::file(C:\wamp64\www\itvolunteer5\writable\uploads/event_images/1684697452_b4a5e0a10cfad26577dd.png): failed to open stream: No such file or directory
in APPPATH\Controllers\Events.php on line 263.
 1 [internal function]: CodeIgniter\Debug\Exceptions->errorHandler(2, 'finfo::file(C:\\wamp64\\www\\itvolunteer5\\writable\\uploads/event_images/1684697452_b4a5e0a10cfad26577dd.png): failed to open stream: No such file or directory', 'APPPATH\\Controllers\\Events.php', 263, [...])
 2 APPPATH\Controllers\Events.php(263): finfo->file('ROOTPATH\\writable\\uploads/event_images/1684697452_b4a5e0a10cfad26577dd.png')
 3 SYSTEMPATH\CodeIgniter.php(934): App\Controllers\Events->image('1684697452_b4a5e0a10cfad26577dd.png')
 4 SYSTEMPATH\CodeIgniter.php(499): CodeIgniter\CodeIgniter->runController(Object(App\Controllers\Events))
 5 SYSTEMPATH\CodeIgniter.php(368): CodeIgniter\CodeIgniter->handleRequest(null, Object(Config\Cache), false)
 6 FCPATH\index.php(67): CodeIgniter\CodeIgniter->run()
 7 SYSTEMPATH\Commands\Server\rewrite.php(47): require_once('FCPATH\\index.php')
INFO - 2023-05-25 15:09:15 --> Session: Class initialized using 'CodeIgniter\Session\Handlers\FileHandler' driver.
INFO - 2023-05-25 15:09:16 --> Session: Class initialized using 'CodeIgniter\Session\Handlers\FileHandler' driver.
CRITICAL - 2023-05-25 15:09:18 --> finfo::file(C:\wamp64\www\itvolunteer5\writable\uploads/event_images/1684697452_b4a5e0a10cfad26577dd.png): failed to open stream: No such file or directory
in APPPATH\Controllers\Events.php on line 263.
 1 [internal function]: CodeIgniter\Debug\Exceptions->errorHandler(2, 'finfo::file(C:\\wamp64\\www\\itvolunteer5\\writable\\uploads/event_images/1684697452_b4a5e0a10cfad26577dd.png): failed to open stream: No such file or directory', 'APPPATH\\Controllers\\Events.php', 263, [...])
 2 APPPATH\Controllers\Events.php(263): finfo->file('ROOTPATH\\writable\\uploads/event_images/1684697452_b4a5e0a10cfad26577dd.png')
 3 SYSTEMPATH\CodeIgniter.php(934): App\Controllers\Events->image('1684697452_b4a5e0a10cfad26577dd.png')
 4 SYSTEMPATH\CodeIgniter.php(499): CodeIgniter\CodeIgniter->runController(Object(App\Controllers\Events))
 5 SYSTEMPATH\CodeIgniter.php(368): CodeIgniter\CodeIgniter->handleRequest(null, Object(Config\Cache), false)
 6 FCPATH\index.php(67): CodeIgniter\CodeIgniter->run()
 7 SYSTEMPATH\Commands\Server\rewrite.php(47): require_once('FCPATH\\index.php')
INFO - 2023-05-25 15:09:21 --> Session: Class initialized using 'CodeIgniter\Session\Handlers\FileHandler' driver.
INFO - 2023-05-25 15:09:26 --> Session: Class initialized using 'CodeIgniter\Session\Handlers\FileHandler' driver.
INFO - 2023-05-25 15:09:27 --> Session: Class initialized using 'CodeIgniter\Session\Handlers\FileHandler' driver.
CRITICAL - 2023-05-25 15:09:29 --> finfo::file(C:\wamp64\www\itvolunteer5\writable\uploads/event_images/1684697452_b4a5e0a10cfad26577dd.png): failed to open stream: No such file or directory
in APPPATH\Controllers\Events.php on line 263.
 1 [internal function]: CodeIgniter\Debug\Exceptions->errorHandler(2, 'finfo::file(C:\\wamp64\\www\\itvolunteer5\\writable\\uploads/event_images/1684697452_b4a5e0a10cfad26577dd.png): failed to open stream: No such file or directory', 'APPPATH\\Controllers\\Events.php', 263, [...])
 2 APPPATH\Controllers\Events.php(263): finfo->file('ROOTPATH\\writable\\uploads/event_images/1684697452_b4a5e0a10cfad26577dd.png')
 3 SYSTEMPATH\CodeIgniter.php(934): App\Controllers\Events->image('1684697452_b4a5e0a10cfad26577dd.png')
 4 SYSTEMPATH\CodeIgniter.php(499): CodeIgniter\CodeIgniter->runController(Object(App\Controllers\Events))
 5 SYSTEMPATH\CodeIgniter.php(368): CodeIgniter\CodeIgniter->handleRequest(null, Object(Config\Cache), false)
 6 FCPATH\index.php(67): CodeIgniter\CodeIgniter->run()
 7 SYSTEMPATH\Commands\Server\rewrite.php(47): require_once('FCPATH\\index.php')
INFO - 2023-05-25 15:09:30 --> Session: Class initialized using 'CodeIgniter\Session\Handlers\FileHandler' driver.
INFO - 2023-05-25 15:09:59 --> Session: Class initialized using 'CodeIgniter\Session\Handlers\FileHandler' driver.
INFO - 2023-05-25 15:10:00 --> Session: Class initialized using 'CodeIgniter\Session\Handlers\FileHandler' driver.
INFO - 2023-05-25 15:10:04 --> Session: Class initialized using 'CodeIgniter\Session\Handlers\FileHandler' driver.
CRITICAL - 2023-05-25 15:10:06 --> finfo::file(C:\wamp64\www\itvolunteer5\writable\uploads/event_images/1684697452_b4a5e0a10cfad26577dd.png): failed to open stream: No such file or directory
in APPPATH\Controllers\Events.php on line 263.
 1 [internal function]: CodeIgniter\Debug\Exceptions->errorHandler(2, 'finfo::file(C:\\wamp64\\www\\itvolunteer5\\writable\\uploads/event_images/1684697452_b4a5e0a10cfad26577dd.png): failed to open stream: No such file or directory', 'APPPATH\\Controllers\\Events.php', 263, [...])
 2 APPPATH\Controllers\Events.php(263): finfo->file('ROOTPATH\\writable\\uploads/event_images/1684697452_b4a5e0a10cfad26577dd.png')
 3 SYSTEMPATH\CodeIgniter.php(934): App\Controllers\Events->image('1684697452_b4a5e0a10cfad26577dd.png')
 4 SYSTEMPATH\CodeIgniter.php(499): CodeIgniter\CodeIgniter->runController(Object(App\Controllers\Events))
 5 SYSTEMPATH\CodeIgniter.php(368): CodeIgniter\CodeIgniter->handleRequest(null, Object(Config\Cache), false)
 6 FCPATH\index.php(67): CodeIgniter\CodeIgniter->run()
 7 SYSTEMPATH\Commands\Server\rewrite.php(47): require_once('FCPATH\\index.php')
INFO - 2023-05-25 15:10:11 --> Session: Class initialized using 'CodeIgniter\Session\Handlers\FileHandler' driver.
INFO - 2023-05-25 15:10:23 --> Session: Class initialized using 'CodeIgniter\Session\Handlers\FileHandler' driver.
CRITICAL - 2023-05-25 15:10:24 --> finfo::file(C:\wamp64\www\itvolunteer5\writable\uploads/event_images/1684697452_b4a5e0a10cfad26577dd.png): failed to open stream: No such file or directory
in APPPATH\Controllers\Events.php on line 263.
 1 [internal function]: CodeIgniter\Debug\Exceptions->errorHandler(2, 'finfo::file(C:\\wamp64\\www\\itvolunteer5\\writable\\uploads/event_images/1684697452_b4a5e0a10cfad26577dd.png): failed to open stream: No such file or directory', 'APPPATH\\Controllers\\Events.php', 263, [...])
 2 APPPATH\Controllers\Events.php(263): finfo->file('ROOTPATH\\writable\\uploads/event_images/1684697452_b4a5e0a10cfad26577dd.png')
 3 SYSTEMPATH\CodeIgniter.php(934): App\Controllers\Events->image('1684697452_b4a5e0a10cfad26577dd.png')
 4 SYSTEMPATH\CodeIgniter.php(499): CodeIgniter\CodeIgniter->runController(Object(App\Controllers\Events))
 5 SYSTEMPATH\CodeIgniter.php(368): CodeIgniter\CodeIgniter->handleRequest(null, Object(Config\Cache), false)
 6 FCPATH\index.php(67): CodeIgniter\CodeIgniter->run()
 7 SYSTEMPATH\Commands\Server\rewrite.php(47): require_once('FCPATH\\index.php')
INFO - 2023-05-25 15:10:26 --> Session: Class initialized using 'CodeIgniter\Session\Handlers\FileHandler' driver.
INFO - 2023-05-25 15:10:27 --> Session: Class initialized using 'CodeIgniter\Session\Handlers\FileHandler' driver.
CRITICAL - 2023-05-25 15:10:28 --> finfo::file(C:\wamp64\www\itvolunteer5\writable\uploads/event_images/1684697452_b4a5e0a10cfad26577dd.png): failed to open stream: No such file or directory
in APPPATH\Controllers\Events.php on line 263.
 1 [internal function]: CodeIgniter\Debug\Exceptions->errorHandler(2, 'finfo::file(C:\\wamp64\\www\\itvolunteer5\\writable\\uploads/event_images/1684697452_b4a5e0a10cfad26577dd.png): failed to open stream: No such file or directory', 'APPPATH\\Controllers\\Events.php', 263, [...])
 2 APPPATH\Controllers\Events.php(263): finfo->file('ROOTPATH\\writable\\uploads/event_images/1684697452_b4a5e0a10cfad26577dd.png')
 3 SYSTEMPATH\CodeIgniter.php(934): App\Controllers\Events->image('1684697452_b4a5e0a10cfad26577dd.png')
 4 SYSTEMPATH\CodeIgniter.php(499): CodeIgniter\CodeIgniter->runController(Object(App\Controllers\Events))
 5 SYSTEMPATH\CodeIgniter.php(368): CodeIgniter\CodeIgniter->handleRequest(null, Object(Config\Cache), false)
 6 FCPATH\index.php(67): CodeIgniter\CodeIgniter->run()
 7 SYSTEMPATH\Commands\Server\rewrite.php(47): require_once('FCPATH\\index.php')
INFO - 2023-05-25 15:10:33 --> Session: Class initialized using 'CodeIgniter\Session\Handlers\FileHandler' driver.
INFO - 2023-05-25 15:10:36 --> Session: Class initialized using 'CodeIgniter\Session\Handlers\FileHandler' driver.
INFO - 2023-05-25 15:10:37 --> Session: Class initialized using 'CodeIgniter\Session\Handlers\FileHandler' driver.
CRITICAL - 2023-05-25 15:10:39 --> finfo::file(C:\wamp64\www\itvolunteer5\writable\uploads/event_images/1684697452_b4a5e0a10cfad26577dd.png): failed to open stream: No such file or directory
in APPPATH\Controllers\Events.php on line 263.
 1 [internal function]: CodeIgniter\Debug\Exceptions->errorHandler(2, 'finfo::file(C:\\wamp64\\www\\itvolunteer5\\writable\\uploads/event_images/1684697452_b4a5e0a10cfad26577dd.png): failed to open stream: No such file or directory', 'APPPATH\\Controllers\\Events.php', 263, [...])
 2 APPPATH\Controllers\Events.php(263): finfo->file('ROOTPATH\\writable\\uploads/event_images/1684697452_b4a5e0a10cfad26577dd.png')
 3 SYSTEMPATH\CodeIgniter.php(934): App\Controllers\Events->image('1684697452_b4a5e0a10cfad26577dd.png')
 4 SYSTEMPATH\CodeIgniter.php(499): CodeIgniter\CodeIgniter->runController(Object(App\Controllers\Events))
 5 SYSTEMPATH\CodeIgniter.php(368): CodeIgniter\CodeIgniter->handleRequest(null, Object(Config\Cache), false)
 6 FCPATH\index.php(67): CodeIgniter\CodeIgniter->run()
 7 SYSTEMPATH\Commands\Server\rewrite.php(47): require_once('FCPATH\\index.php')
INFO - 2023-05-25 15:10:43 --> Session: Class initialized using 'CodeIgniter\Session\Handlers\FileHandler' driver.
INFO - 2023-05-25 15:10:46 --> Session: Class initialized using 'CodeIgniter\Session\Handlers\FileHandler' driver.
INFO - 2023-05-25 15:10:54 --> Session: Class initialized using 'CodeIgniter\Session\Handlers\FileHandler' driver.
INFO - 2023-05-25 15:10:54 --> Session: Class initialized using 'CodeIgniter\Session\Handlers\FileHandler' driver.
INFO - 2023-05-25 15:11:01 --> Session: Class initialized using 'CodeIgniter\Session\Handlers\FileHandler' driver.
CRITICAL - 2023-05-25 15:11:03 --> finfo::file(C:\wamp64\www\itvolunteer5\writable\uploads/event_images/1684697452_b4a5e0a10cfad26577dd.png): failed to open stream: No such file or directory
in APPPATH\Controllers\Events.php on line 263.
 1 [internal function]: CodeIgniter\Debug\Exceptions->errorHandler(2, 'finfo::file(C:\\wamp64\\www\\itvolunteer5\\writable\\uploads/event_images/1684697452_b4a5e0a10cfad26577dd.png): failed to open stream: No such file or directory', 'APPPATH\\Controllers\\Events.php', 263, [...])
 2 APPPATH\Controllers\Events.php(263): finfo->file('ROOTPATH\\writable\\uploads/event_images/1684697452_b4a5e0a10cfad26577dd.png')
 3 SYSTEMPATH\CodeIgniter.php(934): App\Controllers\Events->image('1684697452_b4a5e0a10cfad26577dd.png')
 4 SYSTEMPATH\CodeIgniter.php(499): CodeIgniter\CodeIgniter->runController(Object(App\Controllers\Events))
 5 SYSTEMPATH\CodeIgniter.php(368): CodeIgniter\CodeIgniter->handleRequest(null, Object(Config\Cache), false)
 6 FCPATH\index.php(67): CodeIgniter\CodeIgniter->run()
 7 SYSTEMPATH\Commands\Server\rewrite.php(47): require_once('FCPATH\\index.php')
INFO - 2023-05-25 15:11:05 --> Session: Class initialized using 'CodeIgniter\Session\Handlers\FileHandler' driver.
CRITICAL - 2023-05-25 15:11:07 --> finfo::file(C:\wamp64\www\itvolunteer5\writable\uploads/event_images/1684697452_b4a5e0a10cfad26577dd.png): failed to open stream: No such file or directory
in APPPATH\Controllers\Events.php on line 263.
 1 [internal function]: CodeIgniter\Debug\Exceptions->errorHandler(2, 'finfo::file(C:\\wamp64\\www\\itvolunteer5\\writable\\uploads/event_images/1684697452_b4a5e0a10cfad26577dd.png): failed to open stream: No such file or directory', 'APPPATH\\Controllers\\Events.php', 263, [...])
 2 APPPATH\Controllers\Events.php(263): finfo->file('ROOTPATH\\writable\\uploads/event_images/1684697452_b4a5e0a10cfad26577dd.png')
 3 SYSTEMPATH\CodeIgniter.php(934): App\Controllers\Events->image('1684697452_b4a5e0a10cfad26577dd.png')
 4 SYSTEMPATH\CodeIgniter.php(499): CodeIgniter\CodeIgniter->runController(Object(App\Controllers\Events))
 5 SYSTEMPATH\CodeIgniter.php(368): CodeIgniter\CodeIgniter->handleRequest(null, Object(Config\Cache), false)
 6 FCPATH\index.php(67): CodeIgniter\CodeIgniter->run()
 7 SYSTEMPATH\Commands\Server\rewrite.php(47): require_once('FCPATH\\index.php')
INFO - 2023-05-25 15:19:13 --> Session: Class initialized using 'CodeIgniter\Session\Handlers\FileHandler' driver.
INFO - 2023-05-25 15:23:33 --> Session: Class initialized using 'CodeIgniter\Session\Handlers\FileHandler' driver.
INFO - 2023-05-25 15:24:17 --> Session: Class initialized using 'CodeIgniter\Session\Handlers\FileHandler' driver.
INFO - 2023-05-25 15:24:34 --> Session: Class initialized using 'CodeIgniter\Session\Handlers\FileHandler' driver.
INFO - 2023-05-25 15:24:49 --> Session: Class initialized using 'CodeIgniter\Session\Handlers\FileHandler' driver.
INFO - 2023-05-25 15:24:52 --> Session: Class initialized using 'CodeIgniter\Session\Handlers\FileHandler' driver.
INFO - 2023-05-25 15:24:54 --> Session: Class initialized using 'CodeIgniter\Session\Handlers\FileHandler' driver.
INFO - 2023-05-25 15:24:56 --> Session: Class initialized using 'CodeIgniter\Session\Handlers\FileHandler' driver.
INFO - 2023-05-25 15:24:58 --> Session: Class initialized using 'CodeIgniter\Session\Handlers\FileHandler' driver.
CRITICAL - 2023-05-25 15:24:59 --> finfo::file(C:\wamp64\www\itvolunteer5\writable\uploads/event_images/1684697452_b4a5e0a10cfad26577dd.png): failed to open stream: No such file or directory
in APPPATH\Controllers\Events.php on line 263.
 1 [internal function]: CodeIgniter\Debug\Exceptions->errorHandler(2, 'finfo::file(C:\\wamp64\\www\\itvolunteer5\\writable\\uploads/event_images/1684697452_b4a5e0a10cfad26577dd.png): failed to open stream: No such file or directory', 'APPPATH\\Controllers\\Events.php', 263, [...])
 2 APPPATH\Controllers\Events.php(263): finfo->file('ROOTPATH\\writable\\uploads/event_images/1684697452_b4a5e0a10cfad26577dd.png')
 3 SYSTEMPATH\CodeIgniter.php(934): App\Controllers\Events->image('1684697452_b4a5e0a10cfad26577dd.png')
 4 SYSTEMPATH\CodeIgniter.php(499): CodeIgniter\CodeIgniter->runController(Object(App\Controllers\Events))
 5 SYSTEMPATH\CodeIgniter.php(368): CodeIgniter\CodeIgniter->handleRequest(null, Object(Config\Cache), false)
 6 FCPATH\index.php(67): CodeIgniter\CodeIgniter->run()
 7 SYSTEMPATH\Commands\Server\rewrite.php(47): require_once('FCPATH\\index.php')
INFO - 2023-05-25 15:25:00 --> Session: Class initialized using 'CodeIgniter\Session\Handlers\FileHandler' driver.
INFO - 2023-05-25 15:25:02 --> Session: Class initialized using 'CodeIgniter\Session\Handlers\FileHandler' driver.
INFO - 2023-05-25 15:26:41 --> Session: Class initialized using 'CodeIgniter\Session\Handlers\FileHandler' driver.
INFO - 2023-05-25 15:30:51 --> Session: Class initialized using 'CodeIgniter\Session\Handlers\FileHandler' driver.
INFO - 2023-05-25 15:31:11 --> Session: Class initialized using 'CodeIgniter\Session\Handlers\FileHandler' driver.
INFO - 2023-05-25 15:31:25 --> Session: Class initialized using 'CodeIgniter\Session\Handlers\FileHandler' driver.
INFO - 2023-05-25 15:31:26 --> Session: Class initialized using 'CodeIgniter\Session\Handlers\FileHandler' driver.
INFO - 2023-05-25 15:31:28 --> Session: Class initialized using 'CodeIgniter\Session\Handlers\FileHandler' driver.
INFO - 2023-05-25 15:31:30 --> Session: Class initialized using 'CodeIgniter\Session\Handlers\FileHandler' driver.
INFO - 2023-05-25 15:33:08 --> Session: Class initialized using 'CodeIgniter\Session\Handlers\FileHandler' driver.
INFO - 2023-05-25 15:33:52 --> Session: Class initialized using 'CodeIgniter\Session\Handlers\FileHandler' driver.
INFO - 2023-05-25 15:34:17 --> Session: Class initialized using 'CodeIgniter\Session\Handlers\FileHandler' driver.
INFO - 2023-05-25 15:35:37 --> Session: Class initialized using 'CodeIgniter\Session\Handlers\FileHandler' driver.
INFO - 2023-05-25 15:35:38 --> Session: Class initialized using 'CodeIgniter\Session\Handlers\FileHandler' driver.
CRITICAL - 2023-05-25 15:35:39 --> finfo::file(C:\wamp64\www\itvolunteer5\writable\uploads/event_images/1684697452_b4a5e0a10cfad26577dd.png): failed to open stream: No such file or directory
in APPPATH\Controllers\Events.php on line 263.
 1 [internal function]: CodeIgniter\Debug\Exceptions->errorHandler(2, 'finfo::file(C:\\wamp64\\www\\itvolunteer5\\writable\\uploads/event_images/1684697452_b4a5e0a10cfad26577dd.png): failed to open stream: No such file or directory', 'APPPATH\\Controllers\\Events.php', 263, [...])
 2 APPPATH\Controllers\Events.php(263): finfo->file('ROOTPATH\\writable\\uploads/event_images/1684697452_b4a5e0a10cfad26577dd.png')
 3 SYSTEMPATH\CodeIgniter.php(934): App\Controllers\Events->image('1684697452_b4a5e0a10cfad26577dd.png')
 4 SYSTEMPATH\CodeIgniter.php(499): CodeIgniter\CodeIgniter->runController(Object(App\Controllers\Events))
 5 SYSTEMPATH\CodeIgniter.php(368): CodeIgniter\CodeIgniter->handleRequest(null, Object(Config\Cache), false)
 6 FCPATH\index.php(67): CodeIgniter\CodeIgniter->run()
 7 SYSTEMPATH\Commands\Server\rewrite.php(47): require_once('FCPATH\\index.php')
INFO - 2023-05-25 15:35:55 --> Session: Class initialized using 'CodeIgniter\Session\Handlers\FileHandler' driver.
INFO - 2023-05-25 15:35:58 --> Session: Class initialized using 'CodeIgniter\Session\Handlers\FileHandler' driver.
INFO - 2023-05-25 15:36:22 --> Session: Class initialized using 'CodeIgniter\Session\Handlers\FileHandler' driver.
INFO - 2023-05-25 15:37:12 --> Session: Class initialized using 'CodeIgniter\Session\Handlers\FileHandler' driver.
INFO - 2023-05-25 15:37:33 --> Session: Class initialized using 'CodeIgniter\Session\Handlers\FileHandler' driver.
INFO - 2023-05-25 15:38:00 --> Session: Class initialized using 'CodeIgniter\Session\Handlers\FileHandler' driver.
INFO - 2023-05-25 15:38:32 --> Session: Class initialized using 'CodeIgniter\Session\Handlers\FileHandler' driver.
INFO - 2023-05-25 15:38:54 --> Session: Class initialized using 'CodeIgniter\Session\Handlers\FileHandler' driver.
INFO - 2023-05-25 15:38:57 --> Session: Class initialized using 'CodeIgniter\Session\Handlers\FileHandler' driver.
INFO - 2023-05-25 15:39:12 --> Session: Class initialized using 'CodeIgniter\Session\Handlers\FileHandler' driver.
INFO - 2023-05-25 15:39:26 --> Session: Class initialized using 'CodeIgniter\Session\Handlers\FileHandler' driver.
INFO - 2023-05-25 15:40:48 --> Session: Class initialized using 'CodeIgniter\Session\Handlers\FileHandler' driver.
INFO - 2023-05-25 15:41:12 --> Session: Class initialized using 'CodeIgniter\Session\Handlers\FileHandler' driver.
INFO - 2023-05-25 15:41:16 --> Session: Class initialized using 'CodeIgniter\Session\Handlers\FileHandler' driver.
INFO - 2023-05-25 15:41:40 --> Session: Class initialized using 'CodeIgniter\Session\Handlers\FileHandler' driver.
INFO - 2023-05-25 15:41:54 --> Session: Class initialized using 'CodeIgniter\Session\Handlers\FileHandler' driver.
INFO - 2023-05-25 15:42:12 --> Session: Class initialized using 'CodeIgniter\Session\Handlers\FileHandler' driver.
INFO - 2023-05-25 15:42:21 --> Session: Class initialized using 'CodeIgniter\Session\Handlers\FileHandler' driver.
INFO - 2023-05-25 15:42:30 --> Session: Class initialized using 'CodeIgniter\Session\Handlers\FileHandler' driver.
INFO - 2023-05-25 15:43:43 --> Session: Class initialized using 'CodeIgniter\Session\Handlers\FileHandler' driver.
INFO - 2023-05-25 15:46:19 --> Session: Class initialized using 'CodeIgniter\Session\Handlers\FileHandler' driver.
INFO - 2023-05-25 15:46:25 --> Session: Class initialized using 'CodeIgniter\Session\Handlers\FileHandler' driver.
INFO - 2023-05-25 15:46:25 --> Session: Class initialized using 'CodeIgniter\Session\Handlers\FileHandler' driver.
INFO - 2023-05-25 15:46:38 --> Session: Class initialized using 'CodeIgniter\Session\Handlers\FileHandler' driver.
INFO - 2023-05-25 15:46:53 --> Session: Class initialized using 'CodeIgniter\Session\Handlers\FileHandler' driver.
INFO - 2023-05-25 15:48:11 --> Session: Class initialized using 'CodeIgniter\Session\Handlers\FileHandler' driver.
INFO - 2023-05-25 15:48:13 --> Session: Class initialized using 'CodeIgniter\Session\Handlers\FileHandler' driver.
INFO - 2023-05-25 15:48:14 --> Session: Class initialized using 'CodeIgniter\Session\Handlers\FileHandler' driver.
INFO - 2023-05-25 15:48:16 --> Session: Class initialized using 'CodeIgniter\Session\Handlers\FileHandler' driver.
INFO - 2023-05-25 15:48:17 --> Session: Class initialized using 'CodeIgniter\Session\Handlers\FileHandler' driver.
CRITICAL - 2023-05-25 15:48:18 --> finfo::file(C:\wamp64\www\itvolunteer5\writable\uploads/event_images/1684697452_b4a5e0a10cfad26577dd.png): failed to open stream: No such file or directory
in APPPATH\Controllers\Events.php on line 263.
 1 [internal function]: CodeIgniter\Debug\Exceptions->errorHandler(2, 'finfo::file(C:\\wamp64\\www\\itvolunteer5\\writable\\uploads/event_images/1684697452_b4a5e0a10cfad26577dd.png): failed to open stream: No such file or directory', 'APPPATH\\Controllers\\Events.php', 263, [...])
 2 APPPATH\Controllers\Events.php(263): finfo->file('ROOTPATH\\writable\\uploads/event_images/1684697452_b4a5e0a10cfad26577dd.png')
 3 SYSTEMPATH\CodeIgniter.php(934): App\Controllers\Events->image('1684697452_b4a5e0a10cfad26577dd.png')
 4 SYSTEMPATH\CodeIgniter.php(499): CodeIgniter\CodeIgniter->runController(Object(App\Controllers\Events))
 5 SYSTEMPATH\CodeIgniter.php(368): CodeIgniter\CodeIgniter->handleRequest(null, Object(Config\Cache), false)
 6 FCPATH\index.php(67): CodeIgniter\CodeIgniter->run()
 7 SYSTEMPATH\Commands\Server\rewrite.php(47): require_once('FCPATH\\index.php')
INFO - 2023-05-25 15:48:25 --> Session: Class initialized using 'CodeIgniter\Session\Handlers\FileHandler' driver.
CRITICAL - 2023-05-25 15:48:26 --> finfo::file(C:\wamp64\www\itvolunteer5\writable\uploads/event_images/1684697452_b4a5e0a10cfad26577dd.png): failed to open stream: No such file or directory
in APPPATH\Controllers\Events.php on line 263.
 1 [internal function]: CodeIgniter\Debug\Exceptions->errorHandler(2, 'finfo::file(C:\\wamp64\\www\\itvolunteer5\\writable\\uploads/event_images/1684697452_b4a5e0a10cfad26577dd.png): failed to open stream: No such file or directory', 'APPPATH\\Controllers\\Events.php', 263, [...])
 2 APPPATH\Controllers\Events.php(263): finfo->file('ROOTPATH\\writable\\uploads/event_images/1684697452_b4a5e0a10cfad26577dd.png')
 3 SYSTEMPATH\CodeIgniter.php(934): App\Controllers\Events->image('1684697452_b4a5e0a10cfad26577dd.png')
 4 SYSTEMPATH\CodeIgniter.php(499): CodeIgniter\CodeIgniter->runController(Object(App\Controllers\Events))
 5 SYSTEMPATH\CodeIgniter.php(368): CodeIgniter\CodeIgniter->handleRequest(null, Object(Config\Cache), false)
 6 FCPATH\index.php(67): CodeIgniter\CodeIgniter->run()
 7 SYSTEMPATH\Commands\Server\rewrite.php(47): require_once('FCPATH\\index.php')
INFO - 2023-05-25 15:48:31 --> Session: Class initialized using 'CodeIgniter\Session\Handlers\FileHandler' driver.
INFO - 2023-05-25 15:50:31 --> Session: Class initialized using 'CodeIgniter\Session\Handlers\FileHandler' driver.
INFO - 2023-05-25 15:50:38 --> Session: Class initialized using 'CodeIgniter\Session\Handlers\FileHandler' driver.
CRITICAL - 2023-05-25 15:50:39 --> finfo::file(C:\wamp64\www\itvolunteer5\writable\uploads/event_images/1684697452_b4a5e0a10cfad26577dd.png): failed to open stream: No such file or directory
in APPPATH\Controllers\Events.php on line 263.
 1 [internal function]: CodeIgniter\Debug\Exceptions->errorHandler(2, 'finfo::file(C:\\wamp64\\www\\itvolunteer5\\writable\\uploads/event_images/1684697452_b4a5e0a10cfad26577dd.png): failed to open stream: No such file or directory', 'APPPATH\\Controllers\\Events.php', 263, [...])
 2 APPPATH\Controllers\Events.php(263): finfo->file('ROOTPATH\\writable\\uploads/event_images/1684697452_b4a5e0a10cfad26577dd.png')
 3 SYSTEMPATH\CodeIgniter.php(934): App\Controllers\Events->image('1684697452_b4a5e0a10cfad26577dd.png')
 4 SYSTEMPATH\CodeIgniter.php(499): CodeIgniter\CodeIgniter->runController(Object(App\Controllers\Events))
 5 SYSTEMPATH\CodeIgniter.php(368): CodeIgniter\CodeIgniter->handleRequest(null, Object(Config\Cache), false)
 6 FCPATH\index.php(67): CodeIgniter\CodeIgniter->run()
 7 SYSTEMPATH\Commands\Server\rewrite.php(47): require_once('FCPATH\\index.php')
INFO - 2023-05-25 15:51:17 --> Session: Class initialized using 'CodeIgniter\Session\Handlers\FileHandler' driver.
CRITICAL - 2023-05-25 15:51:18 --> finfo::file(C:\wamp64\www\itvolunteer5\writable\uploads/event_images/1684697452_b4a5e0a10cfad26577dd.png): failed to open stream: No such file or directory
in APPPATH\Controllers\Events.php on line 263.
 1 [internal function]: CodeIgniter\Debug\Exceptions->errorHandler(2, 'finfo::file(C:\\wamp64\\www\\itvolunteer5\\writable\\uploads/event_images/1684697452_b4a5e0a10cfad26577dd.png): failed to open stream: No such file or directory', 'APPPATH\\Controllers\\Events.php', 263, [...])
 2 APPPATH\Controllers\Events.php(263): finfo->file('ROOTPATH\\writable\\uploads/event_images/1684697452_b4a5e0a10cfad26577dd.png')
 3 SYSTEMPATH\CodeIgniter.php(934): App\Controllers\Events->image('1684697452_b4a5e0a10cfad26577dd.png')
 4 SYSTEMPATH\CodeIgniter.php(499): CodeIgniter\CodeIgniter->runController(Object(App\Controllers\Events))
 5 SYSTEMPATH\CodeIgniter.php(368): CodeIgniter\CodeIgniter->handleRequest(null, Object(Config\Cache), false)
 6 FCPATH\index.php(67): CodeIgniter\CodeIgniter->run()
 7 SYSTEMPATH\Commands\Server\rewrite.php(47): require_once('FCPATH\\index.php')
INFO - 2023-05-25 15:51:29 --> Session: Class initialized using 'CodeIgniter\Session\Handlers\FileHandler' driver.
CRITICAL - 2023-05-25 15:51:30 --> finfo::file(C:\wamp64\www\itvolunteer5\writable\uploads/event_images/1684697452_b4a5e0a10cfad26577dd.png): failed to open stream: No such file or directory
in APPPATH\Controllers\Events.php on line 263.
 1 [internal function]: CodeIgniter\Debug\Exceptions->errorHandler(2, 'finfo::file(C:\\wamp64\\www\\itvolunteer5\\writable\\uploads/event_images/1684697452_b4a5e0a10cfad26577dd.png): failed to open stream: No such file or directory', 'APPPATH\\Controllers\\Events.php', 263, [...])
 2 APPPATH\Controllers\Events.php(263): finfo->file('ROOTPATH\\writable\\uploads/event_images/1684697452_b4a5e0a10cfad26577dd.png')
 3 SYSTEMPATH\CodeIgniter.php(934): App\Controllers\Events->image('1684697452_b4a5e0a10cfad26577dd.png')
 4 SYSTEMPATH\CodeIgniter.php(499): CodeIgniter\CodeIgniter->runController(Object(App\Controllers\Events))
 5 SYSTEMPATH\CodeIgniter.php(368): CodeIgniter\CodeIgniter->handleRequest(null, Object(Config\Cache), false)
 6 FCPATH\index.php(67): CodeIgniter\CodeIgniter->run()
 7 SYSTEMPATH\Commands\Server\rewrite.php(47): require_once('FCPATH\\index.php')
INFO - 2023-05-25 15:54:28 --> Session: Class initialized using 'CodeIgniter\Session\Handlers\FileHandler' driver.
CRITICAL - 2023-05-25 15:54:29 --> finfo::file(C:\wamp64\www\itvolunteer5\writable\uploads/event_images/1684697452_b4a5e0a10cfad26577dd.png): failed to open stream: No such file or directory
in APPPATH\Controllers\Events.php on line 263.
 1 [internal function]: CodeIgniter\Debug\Exceptions->errorHandler(2, 'finfo::file(C:\\wamp64\\www\\itvolunteer5\\writable\\uploads/event_images/1684697452_b4a5e0a10cfad26577dd.png): failed to open stream: No such file or directory', 'APPPATH\\Controllers\\Events.php', 263, [...])
 2 APPPATH\Controllers\Events.php(263): finfo->file('ROOTPATH\\writable\\uploads/event_images/1684697452_b4a5e0a10cfad26577dd.png')
 3 SYSTEMPATH\CodeIgniter.php(934): App\Controllers\Events->image('1684697452_b4a5e0a10cfad26577dd.png')
 4 SYSTEMPATH\CodeIgniter.php(499): CodeIgniter\CodeIgniter->runController(Object(App\Controllers\Events))
 5 SYSTEMPATH\CodeIgniter.php(368): CodeIgniter\CodeIgniter->handleRequest(null, Object(Config\Cache), false)
 6 FCPATH\index.php(67): CodeIgniter\CodeIgniter->run()
 7 SYSTEMPATH\Commands\Server\rewrite.php(47): require_once('FCPATH\\index.php')
INFO - 2023-05-25 15:55:35 --> Session: Class initialized using 'CodeIgniter\Session\Handlers\FileHandler' driver.
CRITICAL - 2023-05-25 15:55:36 --> finfo::file(C:\wamp64\www\itvolunteer5\writable\uploads/event_images/1684697452_b4a5e0a10cfad26577dd.png): failed to open stream: No such file or directory
in APPPATH\Controllers\Events.php on line 263.
 1 [internal function]: CodeIgniter\Debug\Exceptions->errorHandler(2, 'finfo::file(C:\\wamp64\\www\\itvolunteer5\\writable\\uploads/event_images/1684697452_b4a5e0a10cfad26577dd.png): failed to open stream: No such file or directory', 'APPPATH\\Controllers\\Events.php', 263, [...])
 2 APPPATH\Controllers\Events.php(263): finfo->file('ROOTPATH\\writable\\uploads/event_images/1684697452_b4a5e0a10cfad26577dd.png')
 3 SYSTEMPATH\CodeIgniter.php(934): App\Controllers\Events->image('1684697452_b4a5e0a10cfad26577dd.png')
 4 SYSTEMPATH\CodeIgniter.php(499): CodeIgniter\CodeIgniter->runController(Object(App\Controllers\Events))
 5 SYSTEMPATH\CodeIgniter.php(368): CodeIgniter\CodeIgniter->handleRequest(null, Object(Config\Cache), false)
 6 FCPATH\index.php(67): CodeIgniter\CodeIgniter->run()
 7 SYSTEMPATH\Commands\Server\rewrite.php(47): require_once('FCPATH\\index.php')
INFO - 2023-05-25 15:55:49 --> Session: Class initialized using 'CodeIgniter\Session\Handlers\FileHandler' driver.
CRITICAL - 2023-05-25 15:55:50 --> finfo::file(C:\wamp64\www\itvolunteer5\writable\uploads/event_images/1684697452_b4a5e0a10cfad26577dd.png): failed to open stream: No such file or directory
in APPPATH\Controllers\Events.php on line 263.
 1 [internal function]: CodeIgniter\Debug\Exceptions->errorHandler(2, 'finfo::file(C:\\wamp64\\www\\itvolunteer5\\writable\\uploads/event_images/1684697452_b4a5e0a10cfad26577dd.png): failed to open stream: No such file or directory', 'APPPATH\\Controllers\\Events.php', 263, [...])
 2 APPPATH\Controllers\Events.php(263): finfo->file('ROOTPATH\\writable\\uploads/event_images/1684697452_b4a5e0a10cfad26577dd.png')
 3 SYSTEMPATH\CodeIgniter.php(934): App\Controllers\Events->image('1684697452_b4a5e0a10cfad26577dd.png')
 4 SYSTEMPATH\CodeIgniter.php(499): CodeIgniter\CodeIgniter->runController(Object(App\Controllers\Events))
 5 SYSTEMPATH\CodeIgniter.php(368): CodeIgniter\CodeIgniter->handleRequest(null, Object(Config\Cache), false)
 6 FCPATH\index.php(67): CodeIgniter\CodeIgniter->run()
 7 SYSTEMPATH\Commands\Server\rewrite.php(47): require_once('FCPATH\\index.php')
INFO - 2023-05-25 15:56:24 --> Session: Class initialized using 'CodeIgniter\Session\Handlers\FileHandler' driver.
CRITICAL - 2023-05-25 15:56:25 --> finfo::file(C:\wamp64\www\itvolunteer5\writable\uploads/event_images/1684697452_b4a5e0a10cfad26577dd.png): failed to open stream: No such file or directory
in APPPATH\Controllers\Events.php on line 263.
 1 [internal function]: CodeIgniter\Debug\Exceptions->errorHandler(2, 'finfo::file(C:\\wamp64\\www\\itvolunteer5\\writable\\uploads/event_images/1684697452_b4a5e0a10cfad26577dd.png): failed to open stream: No such file or directory', 'APPPATH\\Controllers\\Events.php', 263, [...])
 2 APPPATH\Controllers\Events.php(263): finfo->file('ROOTPATH\\writable\\uploads/event_images/1684697452_b4a5e0a10cfad26577dd.png')
 3 SYSTEMPATH\CodeIgniter.php(934): App\Controllers\Events->image('1684697452_b4a5e0a10cfad26577dd.png')
 4 SYSTEMPATH\CodeIgniter.php(499): CodeIgniter\CodeIgniter->runController(Object(App\Controllers\Events))
 5 SYSTEMPATH\CodeIgniter.php(368): CodeIgniter\CodeIgniter->handleRequest(null, Object(Config\Cache), false)
 6 FCPATH\index.php(67): CodeIgniter\CodeIgniter->run()
 7 SYSTEMPATH\Commands\Server\rewrite.php(47): require_once('FCPATH\\index.php')
INFO - 2023-05-25 15:57:01 --> Session: Class initialized using 'CodeIgniter\Session\Handlers\FileHandler' driver.
CRITICAL - 2023-05-25 15:57:02 --> finfo::file(C:\wamp64\www\itvolunteer5\writable\uploads/event_images/1684697452_b4a5e0a10cfad26577dd.png): failed to open stream: No such file or directory
in APPPATH\Controllers\Events.php on line 263.
 1 [internal function]: CodeIgniter\Debug\Exceptions->errorHandler(2, 'finfo::file(C:\\wamp64\\www\\itvolunteer5\\writable\\uploads/event_images/1684697452_b4a5e0a10cfad26577dd.png): failed to open stream: No such file or directory', 'APPPATH\\Controllers\\Events.php', 263, [...])
 2 APPPATH\Controllers\Events.php(263): finfo->file('ROOTPATH\\writable\\uploads/event_images/1684697452_b4a5e0a10cfad26577dd.png')
 3 SYSTEMPATH\CodeIgniter.php(934): App\Controllers\Events->image('1684697452_b4a5e0a10cfad26577dd.png')
 4 SYSTEMPATH\CodeIgniter.php(499): CodeIgniter\CodeIgniter->runController(Object(App\Controllers\Events))
 5 SYSTEMPATH\CodeIgniter.php(368): CodeIgniter\CodeIgniter->handleRequest(null, Object(Config\Cache), false)
 6 FCPATH\index.php(67): CodeIgniter\CodeIgniter->run()
 7 SYSTEMPATH\Commands\Server\rewrite.php(47): require_once('FCPATH\\index.php')
INFO - 2023-05-25 18:53:54 --> Session: Class initialized using 'CodeIgniter\Session\Handlers\FileHandler' driver.
CRITICAL - 2023-05-25 18:53:56 --> finfo::file(C:\wamp64\www\itvolunteer5\writable\uploads/event_images/1684697452_b4a5e0a10cfad26577dd.png): failed to open stream: No such file or directory
in APPPATH\Controllers\Events.php on line 263.
 1 [internal function]: CodeIgniter\Debug\Exceptions->errorHandler(2, 'finfo::file(C:\\wamp64\\www\\itvolunteer5\\writable\\uploads/event_images/1684697452_b4a5e0a10cfad26577dd.png): failed to open stream: No such file or directory', 'APPPATH\\Controllers\\Events.php', 263, [...])
 2 APPPATH\Controllers\Events.php(263): finfo->file('ROOTPATH\\writable\\uploads/event_images/1684697452_b4a5e0a10cfad26577dd.png')
 3 SYSTEMPATH\CodeIgniter.php(934): App\Controllers\Events->image('1684697452_b4a5e0a10cfad26577dd.png')
 4 SYSTEMPATH\CodeIgniter.php(499): CodeIgniter\CodeIgniter->runController(Object(App\Controllers\Events))
 5 SYSTEMPATH\CodeIgniter.php(368): CodeIgniter\CodeIgniter->handleRequest(null, Object(Config\Cache), false)
 6 FCPATH\index.php(67): CodeIgniter\CodeIgniter->run()
 7 SYSTEMPATH\Commands\Server\rewrite.php(47): require_once('FCPATH\\index.php')
INFO - 2023-05-25 18:53:57 --> Session: Class initialized using 'CodeIgniter\Session\Handlers\FileHandler' driver.
INFO - 2023-05-25 18:53:59 --> Session: Class initialized using 'CodeIgniter\Session\Handlers\FileHandler' driver.
INFO - 2023-05-25 18:54:00 --> Session: Class initialized using 'CodeIgniter\Session\Handlers\FileHandler' driver.
CRITICAL - 2023-05-25 18:54:01 --> finfo::file(C:\wamp64\www\itvolunteer5\writable\uploads/event_images/1684697452_b4a5e0a10cfad26577dd.png): failed to open stream: No such file or directory
in APPPATH\Controllers\Events.php on line 263.
 1 [internal function]: CodeIgniter\Debug\Exceptions->errorHandler(2, 'finfo::file(C:\\wamp64\\www\\itvolunteer5\\writable\\uploads/event_images/1684697452_b4a5e0a10cfad26577dd.png): failed to open stream: No such file or directory', 'APPPATH\\Controllers\\Events.php', 263, [...])
 2 APPPATH\Controllers\Events.php(263): finfo->file('ROOTPATH\\writable\\uploads/event_images/1684697452_b4a5e0a10cfad26577dd.png')
 3 SYSTEMPATH\CodeIgniter.php(934): App\Controllers\Events->image('1684697452_b4a5e0a10cfad26577dd.png')
 4 SYSTEMPATH\CodeIgniter.php(499): CodeIgniter\CodeIgniter->runController(Object(App\Controllers\Events))
 5 SYSTEMPATH\CodeIgniter.php(368): CodeIgniter\CodeIgniter->handleRequest(null, Object(Config\Cache), false)
 6 FCPATH\index.php(67): CodeIgniter\CodeIgniter->run()
 7 SYSTEMPATH\Commands\Server\rewrite.php(47): require_once('FCPATH\\index.php')
INFO - 2023-05-25 18:54:15 --> Session: Class initialized using 'CodeIgniter\Session\Handlers\FileHandler' driver.
INFO - 2023-05-25 18:54:18 --> Session: Class initialized using 'CodeIgniter\Session\Handlers\FileHandler' driver.
INFO - 2023-05-25 18:54:19 --> Session: Class initialized using 'CodeIgniter\Session\Handlers\FileHandler' driver.
CRITICAL - 2023-05-25 18:54:20 --> finfo::file(C:\wamp64\www\itvolunteer5\writable\uploads/event_images/1684697452_b4a5e0a10cfad26577dd.png): failed to open stream: No such file or directory
in APPPATH\Controllers\Events.php on line 263.
 1 [internal function]: CodeIgniter\Debug\Exceptions->errorHandler(2, 'finfo::file(C:\\wamp64\\www\\itvolunteer5\\writable\\uploads/event_images/1684697452_b4a5e0a10cfad26577dd.png): failed to open stream: No such file or directory', 'APPPATH\\Controllers\\Events.php', 263, [...])
 2 APPPATH\Controllers\Events.php(263): finfo->file('ROOTPATH\\writable\\uploads/event_images/1684697452_b4a5e0a10cfad26577dd.png')
 3 SYSTEMPATH\CodeIgniter.php(934): App\Controllers\Events->image('1684697452_b4a5e0a10cfad26577dd.png')
 4 SYSTEMPATH\CodeIgniter.php(499): CodeIgniter\CodeIgniter->runController(Object(App\Controllers\Events))
 5 SYSTEMPATH\CodeIgniter.php(368): CodeIgniter\CodeIgniter->handleRequest(null, Object(Config\Cache), false)
 6 FCPATH\index.php(67): CodeIgniter\CodeIgniter->run()
 7 SYSTEMPATH\Commands\Server\rewrite.php(47): require_once('FCPATH\\index.php')
INFO - 2023-05-25 18:54:25 --> Session: Class initialized using 'CodeIgniter\Session\Handlers\FileHandler' driver.
INFO - 2023-05-25 18:54:26 --> Session: Class initialized using 'CodeIgniter\Session\Handlers\FileHandler' driver.
CRITICAL - 2023-05-25 18:54:26 --> finfo::file(C:\wamp64\www\itvolunteer5\writable\uploads/event_images/1684697452_b4a5e0a10cfad26577dd.png): failed to open stream: No such file or directory
in APPPATH\Controllers\Events.php on line 263.
 1 [internal function]: CodeIgniter\Debug\Exceptions->errorHandler(2, 'finfo::file(C:\\wamp64\\www\\itvolunteer5\\writable\\uploads/event_images/1684697452_b4a5e0a10cfad26577dd.png): failed to open stream: No such file or directory', 'APPPATH\\Controllers\\Events.php', 263, [...])
 2 APPPATH\Controllers\Events.php(263): finfo->file('ROOTPATH\\writable\\uploads/event_images/1684697452_b4a5e0a10cfad26577dd.png')
 3 SYSTEMPATH\CodeIgniter.php(934): App\Controllers\Events->image('1684697452_b4a5e0a10cfad26577dd.png')
 4 SYSTEMPATH\CodeIgniter.php(499): CodeIgniter\CodeIgniter->runController(Object(App\Controllers\Events))
 5 SYSTEMPATH\CodeIgniter.php(368): CodeIgniter\CodeIgniter->handleRequest(null, Object(Config\Cache), false)
 6 FCPATH\index.php(67): CodeIgniter\CodeIgniter->run()
 7 SYSTEMPATH\Commands\Server\rewrite.php(47): require_once('FCPATH\\index.php')
INFO - 2023-05-25 18:54:29 --> Session: Class initialized using 'CodeIgniter\Session\Handlers\FileHandler' driver.
INFO - 2023-05-25 18:54:29 --> Session: Class initialized using 'CodeIgniter\Session\Handlers\FileHandler' driver.
CRITICAL - 2023-05-25 18:54:30 --> finfo::file(C:\wamp64\www\itvolunteer5\writable\uploads/event_images/1684697452_b4a5e0a10cfad26577dd.png): failed to open stream: No such file or directory
in APPPATH\Controllers\Events.php on line 263.
 1 [internal function]: CodeIgniter\Debug\Exceptions->errorHandler(2, 'finfo::file(C:\\wamp64\\www\\itvolunteer5\\writable\\uploads/event_images/1684697452_b4a5e0a10cfad26577dd.png): failed to open stream: No such file or directory', 'APPPATH\\Controllers\\Events.php', 263, [...])
 2 APPPATH\Controllers\Events.php(263): finfo->file('ROOTPATH\\writable\\uploads/event_images/1684697452_b4a5e0a10cfad26577dd.png')
 3 SYSTEMPATH\CodeIgniter.php(934): App\Controllers\Events->image('1684697452_b4a5e0a10cfad26577dd.png')
 4 SYSTEMPATH\CodeIgniter.php(499): CodeIgniter\CodeIgniter->runController(Object(App\Controllers\Events))
 5 SYSTEMPATH\CodeIgniter.php(368): CodeIgniter\CodeIgniter->handleRequest(null, Object(Config\Cache), false)
 6 FCPATH\index.php(67): CodeIgniter\CodeIgniter->run()
 7 SYSTEMPATH\Commands\Server\rewrite.php(47): require_once('FCPATH\\index.php')
INFO - 2023-05-25 18:54:31 --> Session: Class initialized using 'CodeIgniter\Session\Handlers\FileHandler' driver.
INFO - 2023-05-25 18:54:32 --> Session: Class initialized using 'CodeIgniter\Session\Handlers\FileHandler' driver.
CRITICAL - 2023-05-25 18:54:33 --> finfo::file(C:\wamp64\www\itvolunteer5\writable\uploads/event_images/1684697452_b4a5e0a10cfad26577dd.png): failed to open stream: No such file or directory
in APPPATH\Controllers\Events.php on line 263.
 1 [internal function]: CodeIgniter\Debug\Exceptions->errorHandler(2, 'finfo::file(C:\\wamp64\\www\\itvolunteer5\\writable\\uploads/event_images/1684697452_b4a5e0a10cfad26577dd.png): failed to open stream: No such file or directory', 'APPPATH\\Controllers\\Events.php', 263, [...])
 2 APPPATH\Controllers\Events.php(263): finfo->file('ROOTPATH\\writable\\uploads/event_images/1684697452_b4a5e0a10cfad26577dd.png')
 3 SYSTEMPATH\CodeIgniter.php(934): App\Controllers\Events->image('1684697452_b4a5e0a10cfad26577dd.png')
 4 SYSTEMPATH\CodeIgniter.php(499): CodeIgniter\CodeIgniter->runController(Object(App\Controllers\Events))
 5 SYSTEMPATH\CodeIgniter.php(368): CodeIgniter\CodeIgniter->handleRequest(null, Object(Config\Cache), false)
 6 FCPATH\index.php(67): CodeIgniter\CodeIgniter->run()
 7 SYSTEMPATH\Commands\Server\rewrite.php(47): require_once('FCPATH\\index.php')
INFO - 2023-05-25 18:54:34 --> Session: Class initialized using 'CodeIgniter\Session\Handlers\FileHandler' driver.
INFO - 2023-05-25 18:54:35 --> Session: Class initialized using 'CodeIgniter\Session\Handlers\FileHandler' driver.
CRITICAL - 2023-05-25 18:54:35 --> finfo::file(C:\wamp64\www\itvolunteer5\writable\uploads/event_images/1684697452_b4a5e0a10cfad26577dd.png): failed to open stream: No such file or directory
in APPPATH\Controllers\Events.php on line 263.
 1 [internal function]: CodeIgniter\Debug\Exceptions->errorHandler(2, 'finfo::file(C:\\wamp64\\www\\itvolunteer5\\writable\\uploads/event_images/1684697452_b4a5e0a10cfad26577dd.png): failed to open stream: No such file or directory', 'APPPATH\\Controllers\\Events.php', 263, [...])
 2 APPPATH\Controllers\Events.php(263): finfo->file('ROOTPATH\\writable\\uploads/event_images/1684697452_b4a5e0a10cfad26577dd.png')
 3 SYSTEMPATH\CodeIgniter.php(934): App\Controllers\Events->image('1684697452_b4a5e0a10cfad26577dd.png')
 4 SYSTEMPATH\CodeIgniter.php(499): CodeIgniter\CodeIgniter->runController(Object(App\Controllers\Events))
 5 SYSTEMPATH\CodeIgniter.php(368): CodeIgniter\CodeIgniter->handleRequest(null, Object(Config\Cache), false)
 6 FCPATH\index.php(67): CodeIgniter\CodeIgniter->run()
 7 SYSTEMPATH\Commands\Server\rewrite.php(47): require_once('FCPATH\\index.php')
INFO - 2023-05-25 18:54:38 --> Session: Class initialized using 'CodeIgniter\Session\Handlers\FileHandler' driver.
INFO - 2023-05-25 18:54:38 --> Session: Class initialized using 'CodeIgniter\Session\Handlers\FileHandler' driver.
CRITICAL - 2023-05-25 18:54:39 --> finfo::file(C:\wamp64\www\itvolunteer5\writable\uploads/event_images/1684697452_b4a5e0a10cfad26577dd.png): failed to open stream: No such file or directory
in APPPATH\Controllers\Events.php on line 263.
 1 [internal function]: CodeIgniter\Debug\Exceptions->errorHandler(2, 'finfo::file(C:\\wamp64\\www\\itvolunteer5\\writable\\uploads/event_images/1684697452_b4a5e0a10cfad26577dd.png): failed to open stream: No such file or directory', 'APPPATH\\Controllers\\Events.php', 263, [...])
 2 APPPATH\Controllers\Events.php(263): finfo->file('ROOTPATH\\writable\\uploads/event_images/1684697452_b4a5e0a10cfad26577dd.png')
 3 SYSTEMPATH\CodeIgniter.php(934): App\Controllers\Events->image('1684697452_b4a5e0a10cfad26577dd.png')
 4 SYSTEMPATH\CodeIgniter.php(499): CodeIgniter\CodeIgniter->runController(Object(App\Controllers\Events))
 5 SYSTEMPATH\CodeIgniter.php(368): CodeIgniter\CodeIgniter->handleRequest(null, Object(Config\Cache), false)
 6 FCPATH\index.php(67): CodeIgniter\CodeIgniter->run()
 7 SYSTEMPATH\Commands\Server\rewrite.php(47): require_once('FCPATH\\index.php')
INFO - 2023-05-25 18:54:41 --> Session: Class initialized using 'CodeIgniter\Session\Handlers\FileHandler' driver.
INFO - 2023-05-25 18:54:41 --> Session: Class initialized using 'CodeIgniter\Session\Handlers\FileHandler' driver.
INFO - 2023-05-25 18:54:45 --> Session: Class initialized using 'CodeIgniter\Session\Handlers\FileHandler' driver.
INFO - 2023-05-25 18:54:45 --> Session: Class initialized using 'CodeIgniter\Session\Handlers\FileHandler' driver.
INFO - 2023-05-25 18:54:51 --> Session: Class initialized using 'CodeIgniter\Session\Handlers\FileHandler' driver.
INFO - 2023-05-25 18:54:55 --> Session: Class initialized using 'CodeIgniter\Session\Handlers\FileHandler' driver.
INFO - 2023-05-25 18:54:56 --> Session: Class initialized using 'CodeIgniter\Session\Handlers\FileHandler' driver.
INFO - 2023-05-25 18:55:01 --> Session: Class initialized using 'CodeIgniter\Session\Handlers\FileHandler' driver.
INFO - 2023-05-25 18:55:01 --> Session: Class initialized using 'CodeIgniter\Session\Handlers\FileHandler' driver.
INFO - 2023-05-25 18:55:09 --> Session: Class initialized using 'CodeIgniter\Session\Handlers\FileHandler' driver.
INFO - 2023-05-25 18:55:18 --> Session: Class initialized using 'CodeIgniter\Session\Handlers\FileHandler' driver.
INFO - 2023-05-25 18:55:18 --> Session: Class initialized using 'CodeIgniter\Session\Handlers\FileHandler' driver.
INFO - 2023-05-25 18:55:23 --> Session: Class initialized using 'CodeIgniter\Session\Handlers\FileHandler' driver.
INFO - 2023-05-25 18:55:26 --> Session: Class initialized using 'CodeIgniter\Session\Handlers\FileHandler' driver.
INFO - 2023-05-25 18:56:30 --> Session: Class initialized using 'CodeIgniter\Session\Handlers\FileHandler' driver.
INFO - 2023-05-25 18:56:30 --> Session: Class initialized using 'CodeIgniter\Session\Handlers\FileHandler' driver.
INFO - 2023-05-25 18:56:52 --> Session: Class initialized using 'CodeIgniter\Session\Handlers\FileHandler' driver.
INFO - 2023-05-25 18:56:53 --> Session: Class initialized using 'CodeIgniter\Session\Handlers\FileHandler' driver.
INFO - 2023-05-25 18:59:35 --> Session: Class initialized using 'CodeIgniter\Session\Handlers\FileHandler' driver.
INFO - 2023-05-25 18:59:36 --> Session: Class initialized using 'CodeIgniter\Session\Handlers\FileHandler' driver.
INFO - 2023-05-25 18:59:39 --> Session: Class initialized using 'CodeIgniter\Session\Handlers\FileHandler' driver.
INFO - 2023-05-25 18:59:46 --> Session: Class initialized using 'CodeIgniter\Session\Handlers\FileHandler' driver.
INFO - 2023-05-25 18:59:50 --> Session: Class initialized using 'CodeIgniter\Session\Handlers\FileHandler' driver.
INFO - 2023-05-25 18:59:54 --> Session: Class initialized using 'CodeIgniter\Session\Handlers\FileHandler' driver.
INFO - 2023-05-25 18:59:55 --> Session: Class initialized using 'CodeIgniter\Session\Handlers\FileHandler' driver.
INFO - 2023-05-25 18:59:59 --> Session: Class initialized using 'CodeIgniter\Session\Handlers\FileHandler' driver.
INFO - 2023-05-25 19:00:04 --> Session: Class initialized using 'CodeIgniter\Session\Handlers\FileHandler' driver.
INFO - 2023-05-25 19:01:58 --> Session: Class initialized using 'CodeIgniter\Session\Handlers\FileHandler' driver.
INFO - 2023-05-25 19:02:21 --> Session: Class initialized using 'CodeIgniter\Session\Handlers\FileHandler' driver.
INFO - 2023-05-25 19:02:21 --> Session: Class initialized using 'CodeIgniter\Session\Handlers\FileHandler' driver.
INFO - 2023-05-25 19:02:31 --> Session: Class initialized using 'CodeIgniter\Session\Handlers\FileHandler' driver.
INFO - 2023-05-25 19:02:32 --> Session: Class initialized using 'CodeIgniter\Session\Handlers\FileHandler' driver.
INFO - 2023-05-25 19:02:37 --> Session: Class initialized using 'CodeIgniter\Session\Handlers\FileHandler' driver.
INFO - 2023-05-25 19:02:38 --> Session: Class initialized using 'CodeIgniter\Session\Handlers\FileHandler' driver.
INFO - 2023-05-25 19:02:40 --> Session: Class initialized using 'CodeIgniter\Session\Handlers\FileHandler' driver.
INFO - 2023-05-25 19:03:10 --> Session: Class initialized using 'CodeIgniter\Session\Handlers\FileHandler' driver.
INFO - 2023-05-25 19:03:11 --> Session: Class initialized using 'CodeIgniter\Session\Handlers\FileHandler' driver.
INFO - 2023-05-25 19:03:48 --> Session: Class initialized using 'CodeIgniter\Session\Handlers\FileHandler' driver.
INFO - 2023-05-25 19:04:00 --> Session: Class initialized using 'CodeIgniter\Session\Handlers\FileHandler' driver.
INFO - 2023-05-25 19:04:33 --> Session: Class initialized using 'CodeIgniter\Session\Handlers\FileHandler' driver.
INFO - 2023-05-25 19:04:34 --> Session: Class initialized using 'CodeIgniter\Session\Handlers\FileHandler' driver.
INFO - 2023-05-25 19:04:58 --> Session: Class initialized using 'CodeIgniter\Session\Handlers\FileHandler' driver.
INFO - 2023-05-25 19:04:58 --> Session: Class initialized using 'CodeIgniter\Session\Handlers\FileHandler' driver.
INFO - 2023-05-25 19:05:05 --> Session: Class initialized using 'CodeIgniter\Session\Handlers\FileHandler' driver.
INFO - 2023-05-25 19:05:06 --> Session: Class initialized using 'CodeIgniter\Session\Handlers\FileHandler' driver.
INFO - 2023-05-25 19:05:13 --> Session: Class initialized using 'CodeIgniter\Session\Handlers\FileHandler' driver.
INFO - 2023-05-25 19:05:25 --> Session: Class initialized using 'CodeIgniter\Session\Handlers\FileHandler' driver.
INFO - 2023-05-25 19:05:25 --> Session: Class initialized using 'CodeIgniter\Session\Handlers\FileHandler' driver.
INFO - 2023-05-25 19:07:18 --> Session: Class initialized using 'CodeIgniter\Session\Handlers\FileHandler' driver.
INFO - 2023-05-25 19:07:24 --> Session: Class initialized using 'CodeIgniter\Session\Handlers\FileHandler' driver.
INFO - 2023-05-25 19:07:25 --> Session: Class initialized using 'CodeIgniter\Session\Handlers\FileHandler' driver.
INFO - 2023-05-25 19:07:29 --> Session: Class initialized using 'CodeIgniter\Session\Handlers\FileHandler' driver.
INFO - 2023-05-25 19:07:33 --> Session: Class initialized using 'CodeIgniter\Session\Handlers\FileHandler' driver.
INFO - 2023-05-25 19:07:34 --> Session: Class initialized using 'CodeIgniter\Session\Handlers\FileHandler' driver.
INFO - 2023-05-25 19:07:34 --> Session: Class initialized using 'CodeIgniter\Session\Handlers\FileHandler' driver.
INFO - 2023-05-25 19:07:35 --> Session: Class initialized using 'CodeIgniter\Session\Handlers\FileHandler' driver.
INFO - 2023-05-25 19:07:36 --> Session: Class initialized using 'CodeIgniter\Session\Handlers\FileHandler' driver.
INFO - 2023-05-25 19:07:37 --> Session: Class initialized using 'CodeIgniter\Session\Handlers\FileHandler' driver.
INFO - 2023-05-25 19:07:38 --> Session: Class initialized using 'CodeIgniter\Session\Handlers\FileHandler' driver.
INFO - 2023-05-25 19:07:38 --> Session: Class initialized using 'CodeIgniter\Session\Handlers\FileHandler' driver.
INFO - 2023-05-25 19:07:41 --> Session: Class initialized using 'CodeIgniter\Session\Handlers\FileHandler' driver.
INFO - 2023-05-25 19:07:49 --> Session: Class initialized using 'CodeIgniter\Session\Handlers\FileHandler' driver.
INFO - 2023-05-25 19:07:49 --> Session: Class initialized using 'CodeIgniter\Session\Handlers\FileHandler' driver.
INFO - 2023-05-25 19:08:42 --> Session: Class initialized using 'CodeIgniter\Session\Handlers\FileHandler' driver.
INFO - 2023-05-25 19:08:46 --> Session: Class initialized using 'CodeIgniter\Session\Handlers\FileHandler' driver.
INFO - 2023-05-25 19:09:58 --> Session: Class initialized using 'CodeIgniter\Session\Handlers\FileHandler' driver.
INFO - 2023-05-25 19:10:01 --> Session: Class initialized using 'CodeIgniter\Session\Handlers\FileHandler' driver.
INFO - 2023-05-25 19:10:08 --> Session: Class initialized using 'CodeIgniter\Session\Handlers\FileHandler' driver.
INFO - 2023-05-25 19:10:20 --> Session: Class initialized using 'CodeIgniter\Session\Handlers\FileHandler' driver.
INFO - 2023-05-25 19:10:26 --> Session: Class initialized using 'CodeIgniter\Session\Handlers\FileHandler' driver.
INFO - 2023-05-25 19:10:26 --> Session: Class initialized using 'CodeIgniter\Session\Handlers\FileHandler' driver.
INFO - 2023-05-25 19:10:28 --> Session: Class initialized using 'CodeIgniter\Session\Handlers\FileHandler' driver.
INFO - 2023-05-25 19:10:36 --> Session: Class initialized using 'CodeIgniter\Session\Handlers\FileHandler' driver.
INFO - 2023-05-25 19:10:36 --> Session: Class initialized using 'CodeIgniter\Session\Handlers\FileHandler' driver.
INFO - 2023-05-25 19:10:42 --> Session: Class initialized using 'CodeIgniter\Session\Handlers\FileHandler' driver.
INFO - 2023-05-25 19:10:44 --> Session: Class initialized using 'CodeIgniter\Session\Handlers\FileHandler' driver.
INFO - 2023-05-25 19:10:45 --> Session: Class initialized using 'CodeIgniter\Session\Handlers\FileHandler' driver.
INFO - 2023-05-25 19:10:47 --> Session: Class initialized using 'CodeIgniter\Session\Handlers\FileHandler' driver.
INFO - 2023-05-25 19:10:52 --> Session: Class initialized using 'CodeIgniter\Session\Handlers\FileHandler' driver.
INFO - 2023-05-25 19:10:52 --> Session: Class initialized using 'CodeIgniter\Session\Handlers\FileHandler' driver.
INFO - 2023-05-25 19:10:57 --> Session: Class initialized using 'CodeIgniter\Session\Handlers\FileHandler' driver.
INFO - 2023-05-25 19:32:00 --> Session: Class initialized using 'CodeIgniter\Session\Handlers\FileHandler' driver.
INFO - 2023-05-25 19:32:05 --> Session: Class initialized using 'CodeIgniter\Session\Handlers\FileHandler' driver.
