INFO - 2023-05-22 01:10:34 --> Session: Class initialized using 'CodeIgniter\Session\Handlers\FileHandler' driver.
CRITICAL - 2023-05-22 01:10:36 --> finfo::file(C:\wamp64\www\ITVolunteer3.5\writable\uploads/event_images/1684697452_b4a5e0a10cfad26577dd.png): failed to open stream: No such file or directory
in APPPATH\Controllers\Events.php on line 245.
 1 [internal function]: CodeIgniter\Debug\Exceptions->errorHandler(2, 'finfo::file(C:\\wamp64\\www\\ITVolunteer3.5\\writable\\uploads/event_images/1684697452_b4a5e0a10cfad26577dd.png): failed to open stream: No such file or directory', 'APPPATH\\Controllers\\Events.php', 245, [...])
 2 APPPATH\Controllers\Events.php(245): finfo->file('ROOTPATH\\writable\\uploads/event_images/1684697452_b4a5e0a10cfad26577dd.png')
 3 SYSTEMPATH\CodeIgniter.php(934): App\Controllers\Events->image('1684697452_b4a5e0a10cfad26577dd.png')
 4 SYSTEMPATH\CodeIgniter.php(499): CodeIgniter\CodeIgniter->runController(Object(App\Controllers\Events))
 5 SYSTEMPATH\CodeIgniter.php(368): CodeIgniter\CodeIgniter->handleRequest(null, Object(Config\Cache), false)
 6 FCPATH\index.php(67): CodeIgniter\CodeIgniter->run()
 7 SYSTEMPATH\Commands\Server\rewrite.php(47): require_once('FCPATH\\index.php')
INFO - 2023-05-22 01:14:34 --> Session: Class initialized using 'CodeIgniter\Session\Handlers\FileHandler' driver.
CRITICAL - 2023-05-22 01:14:36 --> finfo::file(C:\wamp64\www\ITVolunteer3.5\writable\uploads/event_images/1684697452_b4a5e0a10cfad26577dd.png): failed to open stream: No such file or directory
in APPPATH\Controllers\Events.php on line 245.
 1 [internal function]: CodeIgniter\Debug\Exceptions->errorHandler(2, 'finfo::file(C:\\wamp64\\www\\ITVolunteer3.5\\writable\\uploads/event_images/1684697452_b4a5e0a10cfad26577dd.png): failed to open stream: No such file or directory', 'APPPATH\\Controllers\\Events.php', 245, [...])
 2 APPPATH\Controllers\Events.php(245): finfo->file('ROOTPATH\\writable\\uploads/event_images/1684697452_b4a5e0a10cfad26577dd.png')
 3 SYSTEMPATH\CodeIgniter.php(934): App\Controllers\Events->image('1684697452_b4a5e0a10cfad26577dd.png')
 4 SYSTEMPATH\CodeIgniter.php(499): CodeIgniter\CodeIgniter->runController(Object(App\Controllers\Events))
 5 SYSTEMPATH\CodeIgniter.php(368): CodeIgniter\CodeIgniter->handleRequest(null, Object(Config\Cache), false)
 6 FCPATH\index.php(67): CodeIgniter\CodeIgniter->run()
 7 SYSTEMPATH\Commands\Server\rewrite.php(47): require_once('FCPATH\\index.php')
INFO - 2023-05-22 01:14:37 --> Session: Class initialized using 'CodeIgniter\Session\Handlers\FileHandler' driver.
INFO - 2023-05-22 01:14:38 --> Session: Class initialized using 'CodeIgniter\Session\Handlers\FileHandler' driver.
CRITICAL - 2023-05-22 01:14:39 --> finfo::file(C:\wamp64\www\ITVolunteer3.5\writable\uploads/event_images/1684697452_b4a5e0a10cfad26577dd.png): failed to open stream: No such file or directory
in APPPATH\Controllers\Events.php on line 245.
 1 [internal function]: CodeIgniter\Debug\Exceptions->errorHandler(2, 'finfo::file(C:\\wamp64\\www\\ITVolunteer3.5\\writable\\uploads/event_images/1684697452_b4a5e0a10cfad26577dd.png): failed to open stream: No such file or directory', 'APPPATH\\Controllers\\Events.php', 245, [...])
 2 APPPATH\Controllers\Events.php(245): finfo->file('ROOTPATH\\writable\\uploads/event_images/1684697452_b4a5e0a10cfad26577dd.png')
 3 SYSTEMPATH\CodeIgniter.php(934): App\Controllers\Events->image('1684697452_b4a5e0a10cfad26577dd.png')
 4 SYSTEMPATH\CodeIgniter.php(499): CodeIgniter\CodeIgniter->runController(Object(App\Controllers\Events))
 5 SYSTEMPATH\CodeIgniter.php(368): CodeIgniter\CodeIgniter->handleRequest(null, Object(Config\Cache), false)
 6 FCPATH\index.php(67): CodeIgniter\CodeIgniter->run()
 7 SYSTEMPATH\Commands\Server\rewrite.php(47): require_once('FCPATH\\index.php')
INFO - 2023-05-22 01:14:41 --> Session: Class initialized using 'CodeIgniter\Session\Handlers\FileHandler' driver.
INFO - 2023-05-22 01:14:47 --> Session: Class initialized using 'CodeIgniter\Session\Handlers\FileHandler' driver.
INFO - 2023-05-22 01:14:48 --> Session: Class initialized using 'CodeIgniter\Session\Handlers\FileHandler' driver.
CRITICAL - 2023-05-22 01:14:50 --> finfo::file(C:\wamp64\www\ITVolunteer3.5\writable\uploads/event_images/1684697452_b4a5e0a10cfad26577dd.png): failed to open stream: No such file or directory
in APPPATH\Controllers\Events.php on line 245.
 1 [internal function]: CodeIgniter\Debug\Exceptions->errorHandler(2, 'finfo::file(C:\\wamp64\\www\\ITVolunteer3.5\\writable\\uploads/event_images/1684697452_b4a5e0a10cfad26577dd.png): failed to open stream: No such file or directory', 'APPPATH\\Controllers\\Events.php', 245, [...])
 2 APPPATH\Controllers\Events.php(245): finfo->file('ROOTPATH\\writable\\uploads/event_images/1684697452_b4a5e0a10cfad26577dd.png')
 3 SYSTEMPATH\CodeIgniter.php(934): App\Controllers\Events->image('1684697452_b4a5e0a10cfad26577dd.png')
 4 SYSTEMPATH\CodeIgniter.php(499): CodeIgniter\CodeIgniter->runController(Object(App\Controllers\Events))
 5 SYSTEMPATH\CodeIgniter.php(368): CodeIgniter\CodeIgniter->handleRequest(null, Object(Config\Cache), false)
 6 FCPATH\index.php(67): CodeIgniter\CodeIgniter->run()
 7 SYSTEMPATH\Commands\Server\rewrite.php(47): require_once('FCPATH\\index.php')
INFO - 2023-05-22 01:14:51 --> Session: Class initialized using 'CodeIgniter\Session\Handlers\FileHandler' driver.
CRITICAL - 2023-05-22 01:14:51 --> You do not have sufficient permissions to access that page.
in VENDORPATH\myth\auth\src\Filters\RoleFilter.php on line 45.
 1 SYSTEMPATH\Filters\Filters.php(173): Myth\Auth\Filters\RoleFilter->before(Object(CodeIgniter\HTTP\IncomingRequest), [...])
 2 SYSTEMPATH\CodeIgniter.php(473): CodeIgniter\Filters\Filters->run('admin/index', 'before')
 3 SYSTEMPATH\CodeIgniter.php(368): CodeIgniter\CodeIgniter->handleRequest(null, Object(Config\Cache), false)
 4 FCPATH\index.php(67): CodeIgniter\CodeIgniter->run()
 5 SYSTEMPATH\Commands\Server\rewrite.php(47): require_once('FCPATH\\index.php')
INFO - 2023-05-22 01:15:58 --> Session: Class initialized using 'CodeIgniter\Session\Handlers\FileHandler' driver.
CRITICAL - 2023-05-22 01:15:59 --> finfo::file(C:\wamp64\www\ITVolunteer3.5\writable\uploads/event_images/1684697452_b4a5e0a10cfad26577dd.png): failed to open stream: No such file or directory
in APPPATH\Controllers\Events.php on line 245.
 1 [internal function]: CodeIgniter\Debug\Exceptions->errorHandler(2, 'finfo::file(C:\\wamp64\\www\\ITVolunteer3.5\\writable\\uploads/event_images/1684697452_b4a5e0a10cfad26577dd.png): failed to open stream: No such file or directory', 'APPPATH\\Controllers\\Events.php', 245, [...])
 2 APPPATH\Controllers\Events.php(245): finfo->file('ROOTPATH\\writable\\uploads/event_images/1684697452_b4a5e0a10cfad26577dd.png')
 3 SYSTEMPATH\CodeIgniter.php(934): App\Controllers\Events->image('1684697452_b4a5e0a10cfad26577dd.png')
 4 SYSTEMPATH\CodeIgniter.php(499): CodeIgniter\CodeIgniter->runController(Object(App\Controllers\Events))
 5 SYSTEMPATH\CodeIgniter.php(368): CodeIgniter\CodeIgniter->handleRequest(null, Object(Config\Cache), false)
 6 FCPATH\index.php(67): CodeIgniter\CodeIgniter->run()
 7 SYSTEMPATH\Commands\Server\rewrite.php(47): require_once('FCPATH\\index.php')
INFO - 2023-05-22 01:16:00 --> Session: Class initialized using 'CodeIgniter\Session\Handlers\FileHandler' driver.
CRITICAL - 2023-05-22 01:16:00 --> You do not have sufficient permissions to access that page.
in VENDORPATH\myth\auth\src\Filters\RoleFilter.php on line 45.
 1 SYSTEMPATH\Filters\Filters.php(173): Myth\Auth\Filters\RoleFilter->before(Object(CodeIgniter\HTTP\IncomingRequest), [...])
 2 SYSTEMPATH\CodeIgniter.php(473): CodeIgniter\Filters\Filters->run('events/new/', 'before')
 3 SYSTEMPATH\CodeIgniter.php(368): CodeIgniter\CodeIgniter->handleRequest(null, Object(Config\Cache), false)
 4 FCPATH\index.php(67): CodeIgniter\CodeIgniter->run()
 5 SYSTEMPATH\Commands\Server\rewrite.php(47): require_once('FCPATH\\index.php')
INFO - 2023-05-22 01:16:03 --> Session: Class initialized using 'CodeIgniter\Session\Handlers\FileHandler' driver.
CRITICAL - 2023-05-22 01:16:03 --> finfo::file(C:\wamp64\www\ITVolunteer3.5\writable\uploads/event_images/1684697452_b4a5e0a10cfad26577dd.png): failed to open stream: No such file or directory
in APPPATH\Controllers\Events.php on line 245.
 1 [internal function]: CodeIgniter\Debug\Exceptions->errorHandler(2, 'finfo::file(C:\\wamp64\\www\\ITVolunteer3.5\\writable\\uploads/event_images/1684697452_b4a5e0a10cfad26577dd.png): failed to open stream: No such file or directory', 'APPPATH\\Controllers\\Events.php', 245, [...])
 2 APPPATH\Controllers\Events.php(245): finfo->file('ROOTPATH\\writable\\uploads/event_images/1684697452_b4a5e0a10cfad26577dd.png')
 3 SYSTEMPATH\CodeIgniter.php(934): App\Controllers\Events->image('1684697452_b4a5e0a10cfad26577dd.png')
 4 SYSTEMPATH\CodeIgniter.php(499): CodeIgniter\CodeIgniter->runController(Object(App\Controllers\Events))
 5 SYSTEMPATH\CodeIgniter.php(368): CodeIgniter\CodeIgniter->handleRequest(null, Object(Config\Cache), false)
 6 FCPATH\index.php(67): CodeIgniter\CodeIgniter->run()
 7 SYSTEMPATH\Commands\Server\rewrite.php(47): require_once('FCPATH\\index.php')
INFO - 2023-05-22 01:16:06 --> Session: Class initialized using 'CodeIgniter\Session\Handlers\FileHandler' driver.
INFO - 2023-05-22 01:16:07 --> Session: Class initialized using 'CodeIgniter\Session\Handlers\FileHandler' driver.
CRITICAL - 2023-05-22 01:16:08 --> finfo::file(C:\wamp64\www\ITVolunteer3.5\writable\uploads/event_images/1684697452_b4a5e0a10cfad26577dd.png): failed to open stream: No such file or directory
in APPPATH\Controllers\Events.php on line 245.
 1 [internal function]: CodeIgniter\Debug\Exceptions->errorHandler(2, 'finfo::file(C:\\wamp64\\www\\ITVolunteer3.5\\writable\\uploads/event_images/1684697452_b4a5e0a10cfad26577dd.png): failed to open stream: No such file or directory', 'APPPATH\\Controllers\\Events.php', 245, [...])
 2 APPPATH\Controllers\Events.php(245): finfo->file('ROOTPATH\\writable\\uploads/event_images/1684697452_b4a5e0a10cfad26577dd.png')
 3 SYSTEMPATH\CodeIgniter.php(934): App\Controllers\Events->image('1684697452_b4a5e0a10cfad26577dd.png')
 4 SYSTEMPATH\CodeIgniter.php(499): CodeIgniter\CodeIgniter->runController(Object(App\Controllers\Events))
 5 SYSTEMPATH\CodeIgniter.php(368): CodeIgniter\CodeIgniter->handleRequest(null, Object(Config\Cache), false)
 6 FCPATH\index.php(67): CodeIgniter\CodeIgniter->run()
 7 SYSTEMPATH\Commands\Server\rewrite.php(47): require_once('FCPATH\\index.php')
INFO - 2023-05-22 01:16:09 --> Session: Class initialized using 'CodeIgniter\Session\Handlers\FileHandler' driver.
INFO - 2023-05-22 01:16:17 --> Session: Class initialized using 'CodeIgniter\Session\Handlers\FileHandler' driver.
INFO - 2023-05-22 01:16:17 --> Session: Class initialized using 'CodeIgniter\Session\Handlers\FileHandler' driver.
INFO - 2023-05-22 01:16:25 --> Session: Class initialized using 'CodeIgniter\Session\Handlers\FileHandler' driver.
INFO - 2023-05-22 01:16:25 --> Session: Class initialized using 'CodeIgniter\Session\Handlers\FileHandler' driver.
INFO - 2023-05-22 01:16:32 --> Session: Class initialized using 'CodeIgniter\Session\Handlers\FileHandler' driver.
INFO - 2023-05-22 01:16:32 --> Session: Class initialized using 'CodeIgniter\Session\Handlers\FileHandler' driver.
CRITICAL - 2023-05-22 01:16:34 --> finfo::file(C:\wamp64\www\ITVolunteer3.5\writable\uploads/event_images/1684697452_b4a5e0a10cfad26577dd.png): failed to open stream: No such file or directory
in APPPATH\Controllers\Events.php on line 245.
 1 [internal function]: CodeIgniter\Debug\Exceptions->errorHandler(2, 'finfo::file(C:\\wamp64\\www\\ITVolunteer3.5\\writable\\uploads/event_images/1684697452_b4a5e0a10cfad26577dd.png): failed to open stream: No such file or directory', 'APPPATH\\Controllers\\Events.php', 245, [...])
 2 APPPATH\Controllers\Events.php(245): finfo->file('ROOTPATH\\writable\\uploads/event_images/1684697452_b4a5e0a10cfad26577dd.png')
 3 SYSTEMPATH\CodeIgniter.php(934): App\Controllers\Events->image('1684697452_b4a5e0a10cfad26577dd.png')
 4 SYSTEMPATH\CodeIgniter.php(499): CodeIgniter\CodeIgniter->runController(Object(App\Controllers\Events))
 5 SYSTEMPATH\CodeIgniter.php(368): CodeIgniter\CodeIgniter->handleRequest(null, Object(Config\Cache), false)
 6 FCPATH\index.php(67): CodeIgniter\CodeIgniter->run()
 7 SYSTEMPATH\Commands\Server\rewrite.php(47): require_once('FCPATH\\index.php')
INFO - 2023-05-22 01:16:35 --> Session: Class initialized using 'CodeIgniter\Session\Handlers\FileHandler' driver.
INFO - 2023-05-22 01:16:38 --> Session: Class initialized using 'CodeIgniter\Session\Handlers\FileHandler' driver.
INFO - 2023-05-22 01:16:50 --> Session: Class initialized using 'CodeIgniter\Session\Handlers\FileHandler' driver.
INFO - 2023-05-22 01:16:58 --> Session: Class initialized using 'CodeIgniter\Session\Handlers\FileHandler' driver.
INFO - 2023-05-22 01:16:58 --> Session: Class initialized using 'CodeIgniter\Session\Handlers\FileHandler' driver.
INFO - 2023-05-22 01:17:11 --> Session: Class initialized using 'CodeIgniter\Session\Handlers\FileHandler' driver.
CRITICAL - 2023-05-22 01:17:12 --> finfo::file(C:\wamp64\www\ITVolunteer3.5\writable\uploads/event_images/1684697452_b4a5e0a10cfad26577dd.png): failed to open stream: No such file or directory
in APPPATH\Controllers\Events.php on line 245.
 1 [internal function]: CodeIgniter\Debug\Exceptions->errorHandler(2, 'finfo::file(C:\\wamp64\\www\\ITVolunteer3.5\\writable\\uploads/event_images/1684697452_b4a5e0a10cfad26577dd.png): failed to open stream: No such file or directory', 'APPPATH\\Controllers\\Events.php', 245, [...])
 2 APPPATH\Controllers\Events.php(245): finfo->file('ROOTPATH\\writable\\uploads/event_images/1684697452_b4a5e0a10cfad26577dd.png')
 3 SYSTEMPATH\CodeIgniter.php(934): App\Controllers\Events->image('1684697452_b4a5e0a10cfad26577dd.png')
 4 SYSTEMPATH\CodeIgniter.php(499): CodeIgniter\CodeIgniter->runController(Object(App\Controllers\Events))
 5 SYSTEMPATH\CodeIgniter.php(368): CodeIgniter\CodeIgniter->handleRequest(null, Object(Config\Cache), false)
 6 FCPATH\index.php(67): CodeIgniter\CodeIgniter->run()
 7 SYSTEMPATH\Commands\Server\rewrite.php(47): require_once('FCPATH\\index.php')
INFO - 2023-05-22 01:17:14 --> Session: Class initialized using 'CodeIgniter\Session\Handlers\FileHandler' driver.
INFO - 2023-05-22 01:17:14 --> Session: Class initialized using 'CodeIgniter\Session\Handlers\FileHandler' driver.
CRITICAL - 2023-05-22 01:17:15 --> finfo::file(C:\wamp64\www\ITVolunteer3.5\writable\uploads/event_images/1684697452_b4a5e0a10cfad26577dd.png): failed to open stream: No such file or directory
in APPPATH\Controllers\Events.php on line 245.
 1 [internal function]: CodeIgniter\Debug\Exceptions->errorHandler(2, 'finfo::file(C:\\wamp64\\www\\ITVolunteer3.5\\writable\\uploads/event_images/1684697452_b4a5e0a10cfad26577dd.png): failed to open stream: No such file or directory', 'APPPATH\\Controllers\\Events.php', 245, [...])
 2 APPPATH\Controllers\Events.php(245): finfo->file('ROOTPATH\\writable\\uploads/event_images/1684697452_b4a5e0a10cfad26577dd.png')
 3 SYSTEMPATH\CodeIgniter.php(934): App\Controllers\Events->image('1684697452_b4a5e0a10cfad26577dd.png')
 4 SYSTEMPATH\CodeIgniter.php(499): CodeIgniter\CodeIgniter->runController(Object(App\Controllers\Events))
 5 SYSTEMPATH\CodeIgniter.php(368): CodeIgniter\CodeIgniter->handleRequest(null, Object(Config\Cache), false)
 6 FCPATH\index.php(67): CodeIgniter\CodeIgniter->run()
 7 SYSTEMPATH\Commands\Server\rewrite.php(47): require_once('FCPATH\\index.php')
INFO - 2023-05-22 01:17:17 --> Session: Class initialized using 'CodeIgniter\Session\Handlers\FileHandler' driver.
INFO - 2023-05-22 01:17:21 --> Session: Class initialized using 'CodeIgniter\Session\Handlers\FileHandler' driver.
INFO - 2023-05-22 01:17:22 --> Session: Class initialized using 'CodeIgniter\Session\Handlers\FileHandler' driver.
CRITICAL - 2023-05-22 01:17:23 --> finfo::file(C:\wamp64\www\ITVolunteer3.5\writable\uploads/event_images/1684697452_b4a5e0a10cfad26577dd.png): failed to open stream: No such file or directory
in APPPATH\Controllers\Events.php on line 245.
 1 [internal function]: CodeIgniter\Debug\Exceptions->errorHandler(2, 'finfo::file(C:\\wamp64\\www\\ITVolunteer3.5\\writable\\uploads/event_images/1684697452_b4a5e0a10cfad26577dd.png): failed to open stream: No such file or directory', 'APPPATH\\Controllers\\Events.php', 245, [...])
 2 APPPATH\Controllers\Events.php(245): finfo->file('ROOTPATH\\writable\\uploads/event_images/1684697452_b4a5e0a10cfad26577dd.png')
 3 SYSTEMPATH\CodeIgniter.php(934): App\Controllers\Events->image('1684697452_b4a5e0a10cfad26577dd.png')
 4 SYSTEMPATH\CodeIgniter.php(499): CodeIgniter\CodeIgniter->runController(Object(App\Controllers\Events))
 5 SYSTEMPATH\CodeIgniter.php(368): CodeIgniter\CodeIgniter->handleRequest(null, Object(Config\Cache), false)
 6 FCPATH\index.php(67): CodeIgniter\CodeIgniter->run()
 7 SYSTEMPATH\Commands\Server\rewrite.php(47): require_once('FCPATH\\index.php')
INFO - 2023-05-22 01:17:24 --> Session: Class initialized using 'CodeIgniter\Session\Handlers\FileHandler' driver.
INFO - 2023-05-22 01:17:28 --> Session: Class initialized using 'CodeIgniter\Session\Handlers\FileHandler' driver.
INFO - 2023-05-22 01:17:49 --> Session: Class initialized using 'CodeIgniter\Session\Handlers\FileHandler' driver.
INFO - 2023-05-22 01:17:56 --> Session: Class initialized using 'CodeIgniter\Session\Handlers\FileHandler' driver.
CRITICAL - 2023-05-22 01:17:56 --> Undefined variable: event
in APPPATH\Views\admin\events\view_event.php on line 49.
 1 APPPATH\Views\admin\events\view_event.php(49): CodeIgniter\Debug\Exceptions->errorHandler(8, 'Undefined variable: event', 'APPPATH\\Views\\admin\\events\\view_event.php', 49, [...])
 2 SYSTEMPATH\View\View.php(213): include('APPPATH\\Views\\admin\\events\\view_event.php')
 3 SYSTEMPATH\View\View.php(216): CodeIgniter\View\View->CodeIgniter\View\{closure}()
 4 SYSTEMPATH\Common.php(1184): CodeIgniter\View\View->render('admin/events/view_event', [], true)
 5 APPPATH\Controllers\Admin.php(294): view('admin/events/view_event', [...])
 6 SYSTEMPATH\CodeIgniter.php(934): App\Controllers\Admin->viewRegisterEvent('15')
 7 SYSTEMPATH\CodeIgniter.php(499): CodeIgniter\CodeIgniter->runController(Object(App\Controllers\Admin))
 8 SYSTEMPATH\CodeIgniter.php(368): CodeIgniter\CodeIgniter->handleRequest(null, Object(Config\Cache), false)
 9 FCPATH\index.php(67): CodeIgniter\CodeIgniter->run()
10 SYSTEMPATH\Commands\Server\rewrite.php(47): require_once('FCPATH\\index.php')
INFO - 2023-05-22 01:18:36 --> Session: Class initialized using 'CodeIgniter\Session\Handlers\FileHandler' driver.
INFO - 2023-05-22 01:25:00 --> Session: Class initialized using 'CodeIgniter\Session\Handlers\FileHandler' driver.
INFO - 2023-05-22 01:27:32 --> Session: Class initialized using 'CodeIgniter\Session\Handlers\FileHandler' driver.
INFO - 2023-05-22 01:27:42 --> Session: Class initialized using 'CodeIgniter\Session\Handlers\FileHandler' driver.
INFO - 2023-05-22 01:28:17 --> Session: Class initialized using 'CodeIgniter\Session\Handlers\FileHandler' driver.
CRITICAL - 2023-05-22 01:28:18 --> finfo::file(C:\wamp64\www\ITVolunteer3.5\writable\uploads/event_images/1684697452_b4a5e0a10cfad26577dd.png): failed to open stream: No such file or directory
in APPPATH\Controllers\Events.php on line 245.
 1 [internal function]: CodeIgniter\Debug\Exceptions->errorHandler(2, 'finfo::file(C:\\wamp64\\www\\ITVolunteer3.5\\writable\\uploads/event_images/1684697452_b4a5e0a10cfad26577dd.png): failed to open stream: No such file or directory', 'APPPATH\\Controllers\\Events.php', 245, [...])
 2 APPPATH\Controllers\Events.php(245): finfo->file('ROOTPATH\\writable\\uploads/event_images/1684697452_b4a5e0a10cfad26577dd.png')
 3 SYSTEMPATH\CodeIgniter.php(934): App\Controllers\Events->image('1684697452_b4a5e0a10cfad26577dd.png')
 4 SYSTEMPATH\CodeIgniter.php(499): CodeIgniter\CodeIgniter->runController(Object(App\Controllers\Events))
 5 SYSTEMPATH\CodeIgniter.php(368): CodeIgniter\CodeIgniter->handleRequest(null, Object(Config\Cache), false)
 6 FCPATH\index.php(67): CodeIgniter\CodeIgniter->run()
 7 SYSTEMPATH\Commands\Server\rewrite.php(47): require_once('FCPATH\\index.php')
INFO - 2023-05-22 01:28:33 --> Session: Class initialized using 'CodeIgniter\Session\Handlers\FileHandler' driver.
CRITICAL - 2023-05-22 01:28:35 --> finfo::file(C:\wamp64\www\ITVolunteer3.5\writable\uploads/event_images/1684697452_b4a5e0a10cfad26577dd.png): failed to open stream: No such file or directory
in APPPATH\Controllers\Events.php on line 245.
 1 [internal function]: CodeIgniter\Debug\Exceptions->errorHandler(2, 'finfo::file(C:\\wamp64\\www\\ITVolunteer3.5\\writable\\uploads/event_images/1684697452_b4a5e0a10cfad26577dd.png): failed to open stream: No such file or directory', 'APPPATH\\Controllers\\Events.php', 245, [...])
 2 APPPATH\Controllers\Events.php(245): finfo->file('ROOTPATH\\writable\\uploads/event_images/1684697452_b4a5e0a10cfad26577dd.png')
 3 SYSTEMPATH\CodeIgniter.php(934): App\Controllers\Events->image('1684697452_b4a5e0a10cfad26577dd.png')
 4 SYSTEMPATH\CodeIgniter.php(499): CodeIgniter\CodeIgniter->runController(Object(App\Controllers\Events))
 5 SYSTEMPATH\CodeIgniter.php(368): CodeIgniter\CodeIgniter->handleRequest(null, Object(Config\Cache), false)
 6 FCPATH\index.php(67): CodeIgniter\CodeIgniter->run()
 7 SYSTEMPATH\Commands\Server\rewrite.php(47): require_once('FCPATH\\index.php')
INFO - 2023-05-22 01:28:51 --> Session: Class initialized using 'CodeIgniter\Session\Handlers\FileHandler' driver.
CRITICAL - 2023-05-22 01:28:52 --> finfo::file(C:\wamp64\www\ITVolunteer3.5\writable\uploads/event_images/1684697452_b4a5e0a10cfad26577dd.png): failed to open stream: No such file or directory
in APPPATH\Controllers\Events.php on line 245.
 1 [internal function]: CodeIgniter\Debug\Exceptions->errorHandler(2, 'finfo::file(C:\\wamp64\\www\\ITVolunteer3.5\\writable\\uploads/event_images/1684697452_b4a5e0a10cfad26577dd.png): failed to open stream: No such file or directory', 'APPPATH\\Controllers\\Events.php', 245, [...])
 2 APPPATH\Controllers\Events.php(245): finfo->file('ROOTPATH\\writable\\uploads/event_images/1684697452_b4a5e0a10cfad26577dd.png')
 3 SYSTEMPATH\CodeIgniter.php(934): App\Controllers\Events->image('1684697452_b4a5e0a10cfad26577dd.png')
 4 SYSTEMPATH\CodeIgniter.php(499): CodeIgniter\CodeIgniter->runController(Object(App\Controllers\Events))
 5 SYSTEMPATH\CodeIgniter.php(368): CodeIgniter\CodeIgniter->handleRequest(null, Object(Config\Cache), false)
 6 FCPATH\index.php(67): CodeIgniter\CodeIgniter->run()
 7 SYSTEMPATH\Commands\Server\rewrite.php(47): require_once('FCPATH\\index.php')
INFO - 2023-05-22 01:29:01 --> Session: Class initialized using 'CodeIgniter\Session\Handlers\FileHandler' driver.
CRITICAL - 2023-05-22 01:29:02 --> finfo::file(C:\wamp64\www\ITVolunteer3.5\writable\uploads/event_images/1684697452_b4a5e0a10cfad26577dd.png): failed to open stream: No such file or directory
in APPPATH\Controllers\Events.php on line 245.
 1 [internal function]: CodeIgniter\Debug\Exceptions->errorHandler(2, 'finfo::file(C:\\wamp64\\www\\ITVolunteer3.5\\writable\\uploads/event_images/1684697452_b4a5e0a10cfad26577dd.png): failed to open stream: No such file or directory', 'APPPATH\\Controllers\\Events.php', 245, [...])
 2 APPPATH\Controllers\Events.php(245): finfo->file('ROOTPATH\\writable\\uploads/event_images/1684697452_b4a5e0a10cfad26577dd.png')
 3 SYSTEMPATH\CodeIgniter.php(934): App\Controllers\Events->image('1684697452_b4a5e0a10cfad26577dd.png')
 4 SYSTEMPATH\CodeIgniter.php(499): CodeIgniter\CodeIgniter->runController(Object(App\Controllers\Events))
 5 SYSTEMPATH\CodeIgniter.php(368): CodeIgniter\CodeIgniter->handleRequest(null, Object(Config\Cache), false)
 6 FCPATH\index.php(67): CodeIgniter\CodeIgniter->run()
 7 SYSTEMPATH\Commands\Server\rewrite.php(47): require_once('FCPATH\\index.php')
INFO - 2023-05-22 01:29:17 --> Session: Class initialized using 'CodeIgniter\Session\Handlers\FileHandler' driver.
CRITICAL - 2023-05-22 01:29:18 --> finfo::file(C:\wamp64\www\ITVolunteer3.5\writable\uploads/event_images/1684697452_b4a5e0a10cfad26577dd.png): failed to open stream: No such file or directory
in APPPATH\Controllers\Events.php on line 245.
 1 [internal function]: CodeIgniter\Debug\Exceptions->errorHandler(2, 'finfo::file(C:\\wamp64\\www\\ITVolunteer3.5\\writable\\uploads/event_images/1684697452_b4a5e0a10cfad26577dd.png): failed to open stream: No such file or directory', 'APPPATH\\Controllers\\Events.php', 245, [...])
 2 APPPATH\Controllers\Events.php(245): finfo->file('ROOTPATH\\writable\\uploads/event_images/1684697452_b4a5e0a10cfad26577dd.png')
 3 SYSTEMPATH\CodeIgniter.php(934): App\Controllers\Events->image('1684697452_b4a5e0a10cfad26577dd.png')
 4 SYSTEMPATH\CodeIgniter.php(499): CodeIgniter\CodeIgniter->runController(Object(App\Controllers\Events))
 5 SYSTEMPATH\CodeIgniter.php(368): CodeIgniter\CodeIgniter->handleRequest(null, Object(Config\Cache), false)
 6 FCPATH\index.php(67): CodeIgniter\CodeIgniter->run()
 7 SYSTEMPATH\Commands\Server\rewrite.php(47): require_once('FCPATH\\index.php')
INFO - 2023-05-22 01:30:00 --> Session: Class initialized using 'CodeIgniter\Session\Handlers\FileHandler' driver.
CRITICAL - 2023-05-22 01:30:01 --> finfo::file(C:\wamp64\www\ITVolunteer3.5\writable\uploads/event_images/1684697452_b4a5e0a10cfad26577dd.png): failed to open stream: No such file or directory
in APPPATH\Controllers\Events.php on line 245.
 1 [internal function]: CodeIgniter\Debug\Exceptions->errorHandler(2, 'finfo::file(C:\\wamp64\\www\\ITVolunteer3.5\\writable\\uploads/event_images/1684697452_b4a5e0a10cfad26577dd.png): failed to open stream: No such file or directory', 'APPPATH\\Controllers\\Events.php', 245, [...])
 2 APPPATH\Controllers\Events.php(245): finfo->file('ROOTPATH\\writable\\uploads/event_images/1684697452_b4a5e0a10cfad26577dd.png')
 3 SYSTEMPATH\CodeIgniter.php(934): App\Controllers\Events->image('1684697452_b4a5e0a10cfad26577dd.png')
 4 SYSTEMPATH\CodeIgniter.php(499): CodeIgniter\CodeIgniter->runController(Object(App\Controllers\Events))
 5 SYSTEMPATH\CodeIgniter.php(368): CodeIgniter\CodeIgniter->handleRequest(null, Object(Config\Cache), false)
 6 FCPATH\index.php(67): CodeIgniter\CodeIgniter->run()
 7 SYSTEMPATH\Commands\Server\rewrite.php(47): require_once('FCPATH\\index.php')
INFO - 2023-05-22 01:30:21 --> Session: Class initialized using 'CodeIgniter\Session\Handlers\FileHandler' driver.
CRITICAL - 2023-05-22 01:30:22 --> finfo::file(C:\wamp64\www\ITVolunteer3.5\writable\uploads/event_images/1684697452_b4a5e0a10cfad26577dd.png): failed to open stream: No such file or directory
in APPPATH\Controllers\Events.php on line 245.
 1 [internal function]: CodeIgniter\Debug\Exceptions->errorHandler(2, 'finfo::file(C:\\wamp64\\www\\ITVolunteer3.5\\writable\\uploads/event_images/1684697452_b4a5e0a10cfad26577dd.png): failed to open stream: No such file or directory', 'APPPATH\\Controllers\\Events.php', 245, [...])
 2 APPPATH\Controllers\Events.php(245): finfo->file('ROOTPATH\\writable\\uploads/event_images/1684697452_b4a5e0a10cfad26577dd.png')
 3 SYSTEMPATH\CodeIgniter.php(934): App\Controllers\Events->image('1684697452_b4a5e0a10cfad26577dd.png')
 4 SYSTEMPATH\CodeIgniter.php(499): CodeIgniter\CodeIgniter->runController(Object(App\Controllers\Events))
 5 SYSTEMPATH\CodeIgniter.php(368): CodeIgniter\CodeIgniter->handleRequest(null, Object(Config\Cache), false)
 6 FCPATH\index.php(67): CodeIgniter\CodeIgniter->run()
 7 SYSTEMPATH\Commands\Server\rewrite.php(47): require_once('FCPATH\\index.php')
INFO - 2023-05-22 01:30:42 --> Session: Class initialized using 'CodeIgniter\Session\Handlers\FileHandler' driver.
CRITICAL - 2023-05-22 01:30:43 --> finfo::file(C:\wamp64\www\ITVolunteer3.5\writable\uploads/event_images/1684697452_b4a5e0a10cfad26577dd.png): failed to open stream: No such file or directory
in APPPATH\Controllers\Events.php on line 245.
 1 [internal function]: CodeIgniter\Debug\Exceptions->errorHandler(2, 'finfo::file(C:\\wamp64\\www\\ITVolunteer3.5\\writable\\uploads/event_images/1684697452_b4a5e0a10cfad26577dd.png): failed to open stream: No such file or directory', 'APPPATH\\Controllers\\Events.php', 245, [...])
 2 APPPATH\Controllers\Events.php(245): finfo->file('ROOTPATH\\writable\\uploads/event_images/1684697452_b4a5e0a10cfad26577dd.png')
 3 SYSTEMPATH\CodeIgniter.php(934): App\Controllers\Events->image('1684697452_b4a5e0a10cfad26577dd.png')
 4 SYSTEMPATH\CodeIgniter.php(499): CodeIgniter\CodeIgniter->runController(Object(App\Controllers\Events))
 5 SYSTEMPATH\CodeIgniter.php(368): CodeIgniter\CodeIgniter->handleRequest(null, Object(Config\Cache), false)
 6 FCPATH\index.php(67): CodeIgniter\CodeIgniter->run()
 7 SYSTEMPATH\Commands\Server\rewrite.php(47): require_once('FCPATH\\index.php')
INFO - 2023-05-22 01:30:58 --> Session: Class initialized using 'CodeIgniter\Session\Handlers\FileHandler' driver.
CRITICAL - 2023-05-22 01:30:59 --> finfo::file(C:\wamp64\www\ITVolunteer3.5\writable\uploads/event_images/1684697452_b4a5e0a10cfad26577dd.png): failed to open stream: No such file or directory
in APPPATH\Controllers\Events.php on line 245.
 1 [internal function]: CodeIgniter\Debug\Exceptions->errorHandler(2, 'finfo::file(C:\\wamp64\\www\\ITVolunteer3.5\\writable\\uploads/event_images/1684697452_b4a5e0a10cfad26577dd.png): failed to open stream: No such file or directory', 'APPPATH\\Controllers\\Events.php', 245, [...])
 2 APPPATH\Controllers\Events.php(245): finfo->file('ROOTPATH\\writable\\uploads/event_images/1684697452_b4a5e0a10cfad26577dd.png')
 3 SYSTEMPATH\CodeIgniter.php(934): App\Controllers\Events->image('1684697452_b4a5e0a10cfad26577dd.png')
 4 SYSTEMPATH\CodeIgniter.php(499): CodeIgniter\CodeIgniter->runController(Object(App\Controllers\Events))
 5 SYSTEMPATH\CodeIgniter.php(368): CodeIgniter\CodeIgniter->handleRequest(null, Object(Config\Cache), false)
 6 FCPATH\index.php(67): CodeIgniter\CodeIgniter->run()
 7 SYSTEMPATH\Commands\Server\rewrite.php(47): require_once('FCPATH\\index.php')
INFO - 2023-05-22 01:31:31 --> Session: Class initialized using 'CodeIgniter\Session\Handlers\FileHandler' driver.
CRITICAL - 2023-05-22 01:31:32 --> finfo::file(C:\wamp64\www\ITVolunteer3.5\writable\uploads/event_images/1684697452_b4a5e0a10cfad26577dd.png): failed to open stream: No such file or directory
in APPPATH\Controllers\Events.php on line 245.
 1 [internal function]: CodeIgniter\Debug\Exceptions->errorHandler(2, 'finfo::file(C:\\wamp64\\www\\ITVolunteer3.5\\writable\\uploads/event_images/1684697452_b4a5e0a10cfad26577dd.png): failed to open stream: No such file or directory', 'APPPATH\\Controllers\\Events.php', 245, [...])
 2 APPPATH\Controllers\Events.php(245): finfo->file('ROOTPATH\\writable\\uploads/event_images/1684697452_b4a5e0a10cfad26577dd.png')
 3 SYSTEMPATH\CodeIgniter.php(934): App\Controllers\Events->image('1684697452_b4a5e0a10cfad26577dd.png')
 4 SYSTEMPATH\CodeIgniter.php(499): CodeIgniter\CodeIgniter->runController(Object(App\Controllers\Events))
 5 SYSTEMPATH\CodeIgniter.php(368): CodeIgniter\CodeIgniter->handleRequest(null, Object(Config\Cache), false)
 6 FCPATH\index.php(67): CodeIgniter\CodeIgniter->run()
 7 SYSTEMPATH\Commands\Server\rewrite.php(47): require_once('FCPATH\\index.php')
INFO - 2023-05-22 01:31:45 --> Session: Class initialized using 'CodeIgniter\Session\Handlers\FileHandler' driver.
CRITICAL - 2023-05-22 01:31:46 --> finfo::file(C:\wamp64\www\ITVolunteer3.5\writable\uploads/event_images/1684697452_b4a5e0a10cfad26577dd.png): failed to open stream: No such file or directory
in APPPATH\Controllers\Events.php on line 245.
 1 [internal function]: CodeIgniter\Debug\Exceptions->errorHandler(2, 'finfo::file(C:\\wamp64\\www\\ITVolunteer3.5\\writable\\uploads/event_images/1684697452_b4a5e0a10cfad26577dd.png): failed to open stream: No such file or directory', 'APPPATH\\Controllers\\Events.php', 245, [...])
 2 APPPATH\Controllers\Events.php(245): finfo->file('ROOTPATH\\writable\\uploads/event_images/1684697452_b4a5e0a10cfad26577dd.png')
 3 SYSTEMPATH\CodeIgniter.php(934): App\Controllers\Events->image('1684697452_b4a5e0a10cfad26577dd.png')
 4 SYSTEMPATH\CodeIgniter.php(499): CodeIgniter\CodeIgniter->runController(Object(App\Controllers\Events))
 5 SYSTEMPATH\CodeIgniter.php(368): CodeIgniter\CodeIgniter->handleRequest(null, Object(Config\Cache), false)
 6 FCPATH\index.php(67): CodeIgniter\CodeIgniter->run()
 7 SYSTEMPATH\Commands\Server\rewrite.php(47): require_once('FCPATH\\index.php')
INFO - 2023-05-22 01:31:55 --> Session: Class initialized using 'CodeIgniter\Session\Handlers\FileHandler' driver.
CRITICAL - 2023-05-22 01:31:56 --> finfo::file(C:\wamp64\www\ITVolunteer3.5\writable\uploads/event_images/1684697452_b4a5e0a10cfad26577dd.png): failed to open stream: No such file or directory
in APPPATH\Controllers\Events.php on line 245.
 1 [internal function]: CodeIgniter\Debug\Exceptions->errorHandler(2, 'finfo::file(C:\\wamp64\\www\\ITVolunteer3.5\\writable\\uploads/event_images/1684697452_b4a5e0a10cfad26577dd.png): failed to open stream: No such file or directory', 'APPPATH\\Controllers\\Events.php', 245, [...])
 2 APPPATH\Controllers\Events.php(245): finfo->file('ROOTPATH\\writable\\uploads/event_images/1684697452_b4a5e0a10cfad26577dd.png')
 3 SYSTEMPATH\CodeIgniter.php(934): App\Controllers\Events->image('1684697452_b4a5e0a10cfad26577dd.png')
 4 SYSTEMPATH\CodeIgniter.php(499): CodeIgniter\CodeIgniter->runController(Object(App\Controllers\Events))
 5 SYSTEMPATH\CodeIgniter.php(368): CodeIgniter\CodeIgniter->handleRequest(null, Object(Config\Cache), false)
 6 FCPATH\index.php(67): CodeIgniter\CodeIgniter->run()
 7 SYSTEMPATH\Commands\Server\rewrite.php(47): require_once('FCPATH\\index.php')
INFO - 2023-05-22 01:33:10 --> Session: Class initialized using 'CodeIgniter\Session\Handlers\FileHandler' driver.
CRITICAL - 2023-05-22 01:33:12 --> finfo::file(C:\wamp64\www\ITVolunteer3.5\writable\uploads/event_images/1684697452_b4a5e0a10cfad26577dd.png): failed to open stream: No such file or directory
in APPPATH\Controllers\Events.php on line 245.
 1 [internal function]: CodeIgniter\Debug\Exceptions->errorHandler(2, 'finfo::file(C:\\wamp64\\www\\ITVolunteer3.5\\writable\\uploads/event_images/1684697452_b4a5e0a10cfad26577dd.png): failed to open stream: No such file or directory', 'APPPATH\\Controllers\\Events.php', 245, [...])
 2 APPPATH\Controllers\Events.php(245): finfo->file('ROOTPATH\\writable\\uploads/event_images/1684697452_b4a5e0a10cfad26577dd.png')
 3 SYSTEMPATH\CodeIgniter.php(934): App\Controllers\Events->image('1684697452_b4a5e0a10cfad26577dd.png')
 4 SYSTEMPATH\CodeIgniter.php(499): CodeIgniter\CodeIgniter->runController(Object(App\Controllers\Events))
 5 SYSTEMPATH\CodeIgniter.php(368): CodeIgniter\CodeIgniter->handleRequest(null, Object(Config\Cache), false)
 6 FCPATH\index.php(67): CodeIgniter\CodeIgniter->run()
 7 SYSTEMPATH\Commands\Server\rewrite.php(47): require_once('FCPATH\\index.php')
INFO - 2023-05-22 01:33:54 --> Session: Class initialized using 'CodeIgniter\Session\Handlers\FileHandler' driver.
CRITICAL - 2023-05-22 01:33:56 --> finfo::file(C:\wamp64\www\ITVolunteer3.5\writable\uploads/event_images/1684697452_b4a5e0a10cfad26577dd.png): failed to open stream: No such file or directory
in APPPATH\Controllers\Events.php on line 245.
 1 [internal function]: CodeIgniter\Debug\Exceptions->errorHandler(2, 'finfo::file(C:\\wamp64\\www\\ITVolunteer3.5\\writable\\uploads/event_images/1684697452_b4a5e0a10cfad26577dd.png): failed to open stream: No such file or directory', 'APPPATH\\Controllers\\Events.php', 245, [...])
 2 APPPATH\Controllers\Events.php(245): finfo->file('ROOTPATH\\writable\\uploads/event_images/1684697452_b4a5e0a10cfad26577dd.png')
 3 SYSTEMPATH\CodeIgniter.php(934): App\Controllers\Events->image('1684697452_b4a5e0a10cfad26577dd.png')
 4 SYSTEMPATH\CodeIgniter.php(499): CodeIgniter\CodeIgniter->runController(Object(App\Controllers\Events))
 5 SYSTEMPATH\CodeIgniter.php(368): CodeIgniter\CodeIgniter->handleRequest(null, Object(Config\Cache), false)
 6 FCPATH\index.php(67): CodeIgniter\CodeIgniter->run()
 7 SYSTEMPATH\Commands\Server\rewrite.php(47): require_once('FCPATH\\index.php')
INFO - 2023-05-22 01:34:18 --> Session: Class initialized using 'CodeIgniter\Session\Handlers\FileHandler' driver.
CRITICAL - 2023-05-22 01:34:19 --> finfo::file(C:\wamp64\www\ITVolunteer3.5\writable\uploads/event_images/1684697452_b4a5e0a10cfad26577dd.png): failed to open stream: No such file or directory
in APPPATH\Controllers\Events.php on line 245.
 1 [internal function]: CodeIgniter\Debug\Exceptions->errorHandler(2, 'finfo::file(C:\\wamp64\\www\\ITVolunteer3.5\\writable\\uploads/event_images/1684697452_b4a5e0a10cfad26577dd.png): failed to open stream: No such file or directory', 'APPPATH\\Controllers\\Events.php', 245, [...])
 2 APPPATH\Controllers\Events.php(245): finfo->file('ROOTPATH\\writable\\uploads/event_images/1684697452_b4a5e0a10cfad26577dd.png')
 3 SYSTEMPATH\CodeIgniter.php(934): App\Controllers\Events->image('1684697452_b4a5e0a10cfad26577dd.png')
 4 SYSTEMPATH\CodeIgniter.php(499): CodeIgniter\CodeIgniter->runController(Object(App\Controllers\Events))
 5 SYSTEMPATH\CodeIgniter.php(368): CodeIgniter\CodeIgniter->handleRequest(null, Object(Config\Cache), false)
 6 FCPATH\index.php(67): CodeIgniter\CodeIgniter->run()
 7 SYSTEMPATH\Commands\Server\rewrite.php(47): require_once('FCPATH\\index.php')
INFO - 2023-05-22 01:34:30 --> Session: Class initialized using 'CodeIgniter\Session\Handlers\FileHandler' driver.
INFO - 2023-05-22 01:34:54 --> Session: Class initialized using 'CodeIgniter\Session\Handlers\FileHandler' driver.
INFO - 2023-05-22 01:35:44 --> Session: Class initialized using 'CodeIgniter\Session\Handlers\FileHandler' driver.
INFO - 2023-05-22 01:36:13 --> Session: Class initialized using 'CodeIgniter\Session\Handlers\FileHandler' driver.
INFO - 2023-05-22 01:36:25 --> Session: Class initialized using 'CodeIgniter\Session\Handlers\FileHandler' driver.
INFO - 2023-05-22 01:36:34 --> Session: Class initialized using 'CodeIgniter\Session\Handlers\FileHandler' driver.
INFO - 2023-05-22 01:36:43 --> Session: Class initialized using 'CodeIgniter\Session\Handlers\FileHandler' driver.
INFO - 2023-05-22 01:36:55 --> Session: Class initialized using 'CodeIgniter\Session\Handlers\FileHandler' driver.
INFO - 2023-05-22 01:38:32 --> Session: Class initialized using 'CodeIgniter\Session\Handlers\FileHandler' driver.
INFO - 2023-05-22 01:38:59 --> Session: Class initialized using 'CodeIgniter\Session\Handlers\FileHandler' driver.
INFO - 2023-05-22 01:39:11 --> Session: Class initialized using 'CodeIgniter\Session\Handlers\FileHandler' driver.
INFO - 2023-05-22 01:41:53 --> Session: Class initialized using 'CodeIgniter\Session\Handlers\FileHandler' driver.
INFO - 2023-05-22 01:42:38 --> Session: Class initialized using 'CodeIgniter\Session\Handlers\FileHandler' driver.
INFO - 2023-05-22 01:42:52 --> Session: Class initialized using 'CodeIgniter\Session\Handlers\FileHandler' driver.
INFO - 2023-05-22 01:43:02 --> Session: Class initialized using 'CodeIgniter\Session\Handlers\FileHandler' driver.
INFO - 2023-05-22 01:43:33 --> Session: Class initialized using 'CodeIgniter\Session\Handlers\FileHandler' driver.
CRITICAL - 2023-05-22 01:43:34 --> finfo::file(C:\wamp64\www\ITVolunteer3.5\writable\uploads/event_images/1684697452_b4a5e0a10cfad26577dd.png): failed to open stream: No such file or directory
in APPPATH\Controllers\Events.php on line 245.
 1 [internal function]: CodeIgniter\Debug\Exceptions->errorHandler(2, 'finfo::file(C:\\wamp64\\www\\ITVolunteer3.5\\writable\\uploads/event_images/1684697452_b4a5e0a10cfad26577dd.png): failed to open stream: No such file or directory', 'APPPATH\\Controllers\\Events.php', 245, [...])
 2 APPPATH\Controllers\Events.php(245): finfo->file('ROOTPATH\\writable\\uploads/event_images/1684697452_b4a5e0a10cfad26577dd.png')
 3 SYSTEMPATH\CodeIgniter.php(934): App\Controllers\Events->image('1684697452_b4a5e0a10cfad26577dd.png')
 4 SYSTEMPATH\CodeIgniter.php(499): CodeIgniter\CodeIgniter->runController(Object(App\Controllers\Events))
 5 SYSTEMPATH\CodeIgniter.php(368): CodeIgniter\CodeIgniter->handleRequest(null, Object(Config\Cache), false)
 6 FCPATH\index.php(67): CodeIgniter\CodeIgniter->run()
 7 SYSTEMPATH\Commands\Server\rewrite.php(47): require_once('FCPATH\\index.php')
INFO - 2023-05-22 01:43:40 --> Session: Class initialized using 'CodeIgniter\Session\Handlers\FileHandler' driver.
INFO - 2023-05-22 01:43:41 --> Session: Class initialized using 'CodeIgniter\Session\Handlers\FileHandler' driver.
CRITICAL - 2023-05-22 01:43:42 --> finfo::file(C:\wamp64\www\ITVolunteer3.5\writable\uploads/event_images/1684697452_b4a5e0a10cfad26577dd.png): failed to open stream: No such file or directory
in APPPATH\Controllers\Events.php on line 245.
 1 [internal function]: CodeIgniter\Debug\Exceptions->errorHandler(2, 'finfo::file(C:\\wamp64\\www\\ITVolunteer3.5\\writable\\uploads/event_images/1684697452_b4a5e0a10cfad26577dd.png): failed to open stream: No such file or directory', 'APPPATH\\Controllers\\Events.php', 245, [...])
 2 APPPATH\Controllers\Events.php(245): finfo->file('ROOTPATH\\writable\\uploads/event_images/1684697452_b4a5e0a10cfad26577dd.png')
 3 SYSTEMPATH\CodeIgniter.php(934): App\Controllers\Events->image('1684697452_b4a5e0a10cfad26577dd.png')
 4 SYSTEMPATH\CodeIgniter.php(499): CodeIgniter\CodeIgniter->runController(Object(App\Controllers\Events))
 5 SYSTEMPATH\CodeIgniter.php(368): CodeIgniter\CodeIgniter->handleRequest(null, Object(Config\Cache), false)
 6 FCPATH\index.php(67): CodeIgniter\CodeIgniter->run()
 7 SYSTEMPATH\Commands\Server\rewrite.php(47): require_once('FCPATH\\index.php')
INFO - 2023-05-22 01:43:50 --> Session: Class initialized using 'CodeIgniter\Session\Handlers\FileHandler' driver.
INFO - 2023-05-22 01:43:50 --> Session: Class initialized using 'CodeIgniter\Session\Handlers\FileHandler' driver.
CRITICAL - 2023-05-22 01:43:51 --> finfo::file(C:\wamp64\www\ITVolunteer3.5\writable\uploads/event_images/1684697452_b4a5e0a10cfad26577dd.png): failed to open stream: No such file or directory
in APPPATH\Controllers\Events.php on line 245.
 1 [internal function]: CodeIgniter\Debug\Exceptions->errorHandler(2, 'finfo::file(C:\\wamp64\\www\\ITVolunteer3.5\\writable\\uploads/event_images/1684697452_b4a5e0a10cfad26577dd.png): failed to open stream: No such file or directory', 'APPPATH\\Controllers\\Events.php', 245, [...])
 2 APPPATH\Controllers\Events.php(245): finfo->file('ROOTPATH\\writable\\uploads/event_images/1684697452_b4a5e0a10cfad26577dd.png')
 3 SYSTEMPATH\CodeIgniter.php(934): App\Controllers\Events->image('1684697452_b4a5e0a10cfad26577dd.png')
 4 SYSTEMPATH\CodeIgniter.php(499): CodeIgniter\CodeIgniter->runController(Object(App\Controllers\Events))
 5 SYSTEMPATH\CodeIgniter.php(368): CodeIgniter\CodeIgniter->handleRequest(null, Object(Config\Cache), false)
 6 FCPATH\index.php(67): CodeIgniter\CodeIgniter->run()
 7 SYSTEMPATH\Commands\Server\rewrite.php(47): require_once('FCPATH\\index.php')
INFO - 2023-05-22 01:43:53 --> Session: Class initialized using 'CodeIgniter\Session\Handlers\FileHandler' driver.
INFO - 2023-05-22 01:43:56 --> Session: Class initialized using 'CodeIgniter\Session\Handlers\FileHandler' driver.
CRITICAL - 2023-05-22 01:43:56 --> finfo::file(C:\wamp64\www\ITVolunteer3.5\writable\uploads/event_images/1684697452_b4a5e0a10cfad26577dd.png): failed to open stream: No such file or directory
in APPPATH\Controllers\Events.php on line 245.
 1 [internal function]: CodeIgniter\Debug\Exceptions->errorHandler(2, 'finfo::file(C:\\wamp64\\www\\ITVolunteer3.5\\writable\\uploads/event_images/1684697452_b4a5e0a10cfad26577dd.png): failed to open stream: No such file or directory', 'APPPATH\\Controllers\\Events.php', 245, [...])
 2 APPPATH\Controllers\Events.php(245): finfo->file('ROOTPATH\\writable\\uploads/event_images/1684697452_b4a5e0a10cfad26577dd.png')
 3 SYSTEMPATH\CodeIgniter.php(934): App\Controllers\Events->image('1684697452_b4a5e0a10cfad26577dd.png')
 4 SYSTEMPATH\CodeIgniter.php(499): CodeIgniter\CodeIgniter->runController(Object(App\Controllers\Events))
 5 SYSTEMPATH\CodeIgniter.php(368): CodeIgniter\CodeIgniter->handleRequest(null, Object(Config\Cache), false)
 6 FCPATH\index.php(67): CodeIgniter\CodeIgniter->run()
 7 SYSTEMPATH\Commands\Server\rewrite.php(47): require_once('FCPATH\\index.php')
INFO - 2023-05-22 01:44:54 --> Session: Class initialized using 'CodeIgniter\Session\Handlers\FileHandler' driver.
CRITICAL - 2023-05-22 01:44:56 --> finfo::file(C:\wamp64\www\ITVolunteer3.5\writable\uploads/event_images/1684697452_b4a5e0a10cfad26577dd.png): failed to open stream: No such file or directory
in APPPATH\Controllers\Events.php on line 245.
 1 [internal function]: CodeIgniter\Debug\Exceptions->errorHandler(2, 'finfo::file(C:\\wamp64\\www\\ITVolunteer3.5\\writable\\uploads/event_images/1684697452_b4a5e0a10cfad26577dd.png): failed to open stream: No such file or directory', 'APPPATH\\Controllers\\Events.php', 245, [...])
 2 APPPATH\Controllers\Events.php(245): finfo->file('ROOTPATH\\writable\\uploads/event_images/1684697452_b4a5e0a10cfad26577dd.png')
 3 SYSTEMPATH\CodeIgniter.php(934): App\Controllers\Events->image('1684697452_b4a5e0a10cfad26577dd.png')
 4 SYSTEMPATH\CodeIgniter.php(499): CodeIgniter\CodeIgniter->runController(Object(App\Controllers\Events))
 5 SYSTEMPATH\CodeIgniter.php(368): CodeIgniter\CodeIgniter->handleRequest(null, Object(Config\Cache), false)
 6 FCPATH\index.php(67): CodeIgniter\CodeIgniter->run()
 7 SYSTEMPATH\Commands\Server\rewrite.php(47): require_once('FCPATH\\index.php')
INFO - 2023-05-22 01:46:05 --> Session: Class initialized using 'CodeIgniter\Session\Handlers\FileHandler' driver.
CRITICAL - 2023-05-22 01:46:06 --> finfo::file(C:\wamp64\www\ITVolunteer3.5\writable\uploads/event_images/1684697452_b4a5e0a10cfad26577dd.png): failed to open stream: No such file or directory
in APPPATH\Controllers\Events.php on line 245.
 1 [internal function]: CodeIgniter\Debug\Exceptions->errorHandler(2, 'finfo::file(C:\\wamp64\\www\\ITVolunteer3.5\\writable\\uploads/event_images/1684697452_b4a5e0a10cfad26577dd.png): failed to open stream: No such file or directory', 'APPPATH\\Controllers\\Events.php', 245, [...])
 2 APPPATH\Controllers\Events.php(245): finfo->file('ROOTPATH\\writable\\uploads/event_images/1684697452_b4a5e0a10cfad26577dd.png')
 3 SYSTEMPATH\CodeIgniter.php(934): App\Controllers\Events->image('1684697452_b4a5e0a10cfad26577dd.png')
 4 SYSTEMPATH\CodeIgniter.php(499): CodeIgniter\CodeIgniter->runController(Object(App\Controllers\Events))
 5 SYSTEMPATH\CodeIgniter.php(368): CodeIgniter\CodeIgniter->handleRequest(null, Object(Config\Cache), false)
 6 FCPATH\index.php(67): CodeIgniter\CodeIgniter->run()
 7 SYSTEMPATH\Commands\Server\rewrite.php(47): require_once('FCPATH\\index.php')
INFO - 2023-05-22 01:49:09 --> Session: Class initialized using 'CodeIgniter\Session\Handlers\FileHandler' driver.
CRITICAL - 2023-05-22 01:49:11 --> finfo::file(C:\wamp64\www\ITVolunteer3.5\writable\uploads/event_images/1684697452_b4a5e0a10cfad26577dd.png): failed to open stream: No such file or directory
in APPPATH\Controllers\Events.php on line 245.
 1 [internal function]: CodeIgniter\Debug\Exceptions->errorHandler(2, 'finfo::file(C:\\wamp64\\www\\ITVolunteer3.5\\writable\\uploads/event_images/1684697452_b4a5e0a10cfad26577dd.png): failed to open stream: No such file or directory', 'APPPATH\\Controllers\\Events.php', 245, [...])
 2 APPPATH\Controllers\Events.php(245): finfo->file('ROOTPATH\\writable\\uploads/event_images/1684697452_b4a5e0a10cfad26577dd.png')
 3 SYSTEMPATH\CodeIgniter.php(934): App\Controllers\Events->image('1684697452_b4a5e0a10cfad26577dd.png')
 4 SYSTEMPATH\CodeIgniter.php(499): CodeIgniter\CodeIgniter->runController(Object(App\Controllers\Events))
 5 SYSTEMPATH\CodeIgniter.php(368): CodeIgniter\CodeIgniter->handleRequest(null, Object(Config\Cache), false)
 6 FCPATH\index.php(67): CodeIgniter\CodeIgniter->run()
 7 SYSTEMPATH\Commands\Server\rewrite.php(47): require_once('FCPATH\\index.php')
INFO - 2023-05-22 01:49:23 --> Session: Class initialized using 'CodeIgniter\Session\Handlers\FileHandler' driver.
CRITICAL - 2023-05-22 01:49:24 --> finfo::file(C:\wamp64\www\ITVolunteer3.5\writable\uploads/event_images/1684697452_b4a5e0a10cfad26577dd.png): failed to open stream: No such file or directory
in APPPATH\Controllers\Events.php on line 245.
 1 [internal function]: CodeIgniter\Debug\Exceptions->errorHandler(2, 'finfo::file(C:\\wamp64\\www\\ITVolunteer3.5\\writable\\uploads/event_images/1684697452_b4a5e0a10cfad26577dd.png): failed to open stream: No such file or directory', 'APPPATH\\Controllers\\Events.php', 245, [...])
 2 APPPATH\Controllers\Events.php(245): finfo->file('ROOTPATH\\writable\\uploads/event_images/1684697452_b4a5e0a10cfad26577dd.png')
 3 SYSTEMPATH\CodeIgniter.php(934): App\Controllers\Events->image('1684697452_b4a5e0a10cfad26577dd.png')
 4 SYSTEMPATH\CodeIgniter.php(499): CodeIgniter\CodeIgniter->runController(Object(App\Controllers\Events))
 5 SYSTEMPATH\CodeIgniter.php(368): CodeIgniter\CodeIgniter->handleRequest(null, Object(Config\Cache), false)
 6 FCPATH\index.php(67): CodeIgniter\CodeIgniter->run()
 7 SYSTEMPATH\Commands\Server\rewrite.php(47): require_once('FCPATH\\index.php')
INFO - 2023-05-22 01:50:25 --> Session: Class initialized using 'CodeIgniter\Session\Handlers\FileHandler' driver.
CRITICAL - 2023-05-22 01:50:26 --> finfo::file(C:\wamp64\www\ITVolunteer3.5\writable\uploads/event_images/1684697452_b4a5e0a10cfad26577dd.png): failed to open stream: No such file or directory
in APPPATH\Controllers\Events.php on line 245.
 1 [internal function]: CodeIgniter\Debug\Exceptions->errorHandler(2, 'finfo::file(C:\\wamp64\\www\\ITVolunteer3.5\\writable\\uploads/event_images/1684697452_b4a5e0a10cfad26577dd.png): failed to open stream: No such file or directory', 'APPPATH\\Controllers\\Events.php', 245, [...])
 2 APPPATH\Controllers\Events.php(245): finfo->file('ROOTPATH\\writable\\uploads/event_images/1684697452_b4a5e0a10cfad26577dd.png')
 3 SYSTEMPATH\CodeIgniter.php(934): App\Controllers\Events->image('1684697452_b4a5e0a10cfad26577dd.png')
 4 SYSTEMPATH\CodeIgniter.php(499): CodeIgniter\CodeIgniter->runController(Object(App\Controllers\Events))
 5 SYSTEMPATH\CodeIgniter.php(368): CodeIgniter\CodeIgniter->handleRequest(null, Object(Config\Cache), false)
 6 FCPATH\index.php(67): CodeIgniter\CodeIgniter->run()
 7 SYSTEMPATH\Commands\Server\rewrite.php(47): require_once('FCPATH\\index.php')
INFO - 2023-05-22 01:50:32 --> Session: Class initialized using 'CodeIgniter\Session\Handlers\FileHandler' driver.
INFO - 2023-05-22 01:50:43 --> Session: Class initialized using 'CodeIgniter\Session\Handlers\FileHandler' driver.
INFO - 2023-05-22 01:50:55 --> Session: Class initialized using 'CodeIgniter\Session\Handlers\FileHandler' driver.
INFO - 2023-05-22 01:51:03 --> Session: Class initialized using 'CodeIgniter\Session\Handlers\FileHandler' driver.
CRITICAL - 2023-05-22 01:51:05 --> finfo::file(C:\wamp64\www\ITVolunteer3.5\writable\uploads/event_images/1684697452_b4a5e0a10cfad26577dd.png): failed to open stream: No such file or directory
in APPPATH\Controllers\Events.php on line 245.
 1 [internal function]: CodeIgniter\Debug\Exceptions->errorHandler(2, 'finfo::file(C:\\wamp64\\www\\ITVolunteer3.5\\writable\\uploads/event_images/1684697452_b4a5e0a10cfad26577dd.png): failed to open stream: No such file or directory', 'APPPATH\\Controllers\\Events.php', 245, [...])
 2 APPPATH\Controllers\Events.php(245): finfo->file('ROOTPATH\\writable\\uploads/event_images/1684697452_b4a5e0a10cfad26577dd.png')
 3 SYSTEMPATH\CodeIgniter.php(934): App\Controllers\Events->image('1684697452_b4a5e0a10cfad26577dd.png')
 4 SYSTEMPATH\CodeIgniter.php(499): CodeIgniter\CodeIgniter->runController(Object(App\Controllers\Events))
 5 SYSTEMPATH\CodeIgniter.php(368): CodeIgniter\CodeIgniter->handleRequest(null, Object(Config\Cache), false)
 6 FCPATH\index.php(67): CodeIgniter\CodeIgniter->run()
 7 SYSTEMPATH\Commands\Server\rewrite.php(47): require_once('FCPATH\\index.php')
INFO - 2023-05-22 01:51:10 --> Session: Class initialized using 'CodeIgniter\Session\Handlers\FileHandler' driver.
INFO - 2023-05-22 15:12:59 --> Session: Class initialized using 'CodeIgniter\Session\Handlers\FileHandler' driver.
CRITICAL - 2023-05-22 15:13:01 --> finfo::file(C:\wamp64\www\ITVolunteer3.5\writable\uploads/event_images/1684697452_b4a5e0a10cfad26577dd.png): failed to open stream: No such file or directory
in APPPATH\Controllers\Events.php on line 245.
 1 [internal function]: CodeIgniter\Debug\Exceptions->errorHandler(2, 'finfo::file(C:\\wamp64\\www\\ITVolunteer3.5\\writable\\uploads/event_images/1684697452_b4a5e0a10cfad26577dd.png): failed to open stream: No such file or directory', 'APPPATH\\Controllers\\Events.php', 245, [...])
 2 APPPATH\Controllers\Events.php(245): finfo->file('ROOTPATH\\writable\\uploads/event_images/1684697452_b4a5e0a10cfad26577dd.png')
 3 SYSTEMPATH\CodeIgniter.php(934): App\Controllers\Events->image('1684697452_b4a5e0a10cfad26577dd.png')
 4 SYSTEMPATH\CodeIgniter.php(499): CodeIgniter\CodeIgniter->runController(Object(App\Controllers\Events))
 5 SYSTEMPATH\CodeIgniter.php(368): CodeIgniter\CodeIgniter->handleRequest(null, Object(Config\Cache), false)
 6 FCPATH\index.php(67): CodeIgniter\CodeIgniter->run()
 7 SYSTEMPATH\Commands\Server\rewrite.php(47): require_once('FCPATH\\index.php')
INFO - 2023-05-22 15:21:26 --> Session: Class initialized using 'CodeIgniter\Session\Handlers\FileHandler' driver.
INFO - 2023-05-22 15:21:29 --> Session: Class initialized using 'CodeIgniter\Session\Handlers\FileHandler' driver.
INFO - 2023-05-22 15:21:29 --> Session: Class initialized using 'CodeIgniter\Session\Handlers\FileHandler' driver.
CRITICAL - 2023-05-22 15:21:31 --> finfo::file(C:\wamp64\www\ITVolunteer3.5\writable\uploads/event_images/1684697452_b4a5e0a10cfad26577dd.png): failed to open stream: No such file or directory
in APPPATH\Controllers\Events.php on line 245.
 1 [internal function]: CodeIgniter\Debug\Exceptions->errorHandler(2, 'finfo::file(C:\\wamp64\\www\\ITVolunteer3.5\\writable\\uploads/event_images/1684697452_b4a5e0a10cfad26577dd.png): failed to open stream: No such file or directory', 'APPPATH\\Controllers\\Events.php', 245, [...])
 2 APPPATH\Controllers\Events.php(245): finfo->file('ROOTPATH\\writable\\uploads/event_images/1684697452_b4a5e0a10cfad26577dd.png')
 3 SYSTEMPATH\CodeIgniter.php(934): App\Controllers\Events->image('1684697452_b4a5e0a10cfad26577dd.png')
 4 SYSTEMPATH\CodeIgniter.php(499): CodeIgniter\CodeIgniter->runController(Object(App\Controllers\Events))
 5 SYSTEMPATH\CodeIgniter.php(368): CodeIgniter\CodeIgniter->handleRequest(null, Object(Config\Cache), false)
 6 FCPATH\index.php(67): CodeIgniter\CodeIgniter->run()
 7 SYSTEMPATH\Commands\Server\rewrite.php(47): require_once('FCPATH\\index.php')
INFO - 2023-05-22 15:21:32 --> Session: Class initialized using 'CodeIgniter\Session\Handlers\FileHandler' driver.
CRITICAL - 2023-05-22 15:21:32 --> Call to undefined method App\Models\UserModel::getTotalVolunteerHours
in SYSTEMPATH\Model.php on line 842.
 1 APPPATH\Controllers\Profile.php(35): CodeIgniter\Model->__call('getTotalVolunteerHours', [...])
 2 SYSTEMPATH\CodeIgniter.php(934): App\Controllers\Profile->edit()
 3 SYSTEMPATH\CodeIgniter.php(499): CodeIgniter\CodeIgniter->runController(Object(App\Controllers\Profile))
 4 SYSTEMPATH\CodeIgniter.php(368): CodeIgniter\CodeIgniter->handleRequest(null, Object(Config\Cache), false)
 5 FCPATH\index.php(67): CodeIgniter\CodeIgniter->run()
 6 SYSTEMPATH\Commands\Server\rewrite.php(47): require_once('FCPATH\\index.php')
INFO - 2023-05-22 15:22:45 --> Session: Class initialized using 'CodeIgniter\Session\Handlers\FileHandler' driver.
INFO - 2023-05-22 15:23:47 --> Session: Class initialized using 'CodeIgniter\Session\Handlers\FileHandler' driver.
INFO - 2023-05-22 15:24:17 --> Session: Class initialized using 'CodeIgniter\Session\Handlers\FileHandler' driver.
INFO - 2023-05-22 15:25:01 --> Session: Class initialized using 'CodeIgniter\Session\Handlers\FileHandler' driver.
INFO - 2023-05-22 15:25:24 --> Session: Class initialized using 'CodeIgniter\Session\Handlers\FileHandler' driver.
INFO - 2023-05-22 15:25:36 --> Session: Class initialized using 'CodeIgniter\Session\Handlers\FileHandler' driver.
INFO - 2023-05-22 15:25:41 --> Session: Class initialized using 'CodeIgniter\Session\Handlers\FileHandler' driver.
CRITICAL - 2023-05-22 15:25:42 --> finfo::file(C:\wamp64\www\ITVolunteer3.5\writable\uploads/event_images/1684697452_b4a5e0a10cfad26577dd.png): failed to open stream: No such file or directory
in APPPATH\Controllers\Events.php on line 245.
 1 [internal function]: CodeIgniter\Debug\Exceptions->errorHandler(2, 'finfo::file(C:\\wamp64\\www\\ITVolunteer3.5\\writable\\uploads/event_images/1684697452_b4a5e0a10cfad26577dd.png): failed to open stream: No such file or directory', 'APPPATH\\Controllers\\Events.php', 245, [...])
 2 APPPATH\Controllers\Events.php(245): finfo->file('ROOTPATH\\writable\\uploads/event_images/1684697452_b4a5e0a10cfad26577dd.png')
 3 SYSTEMPATH\CodeIgniter.php(934): App\Controllers\Events->image('1684697452_b4a5e0a10cfad26577dd.png')
 4 SYSTEMPATH\CodeIgniter.php(499): CodeIgniter\CodeIgniter->runController(Object(App\Controllers\Events))
 5 SYSTEMPATH\CodeIgniter.php(368): CodeIgniter\CodeIgniter->handleRequest(null, Object(Config\Cache), false)
 6 FCPATH\index.php(67): CodeIgniter\CodeIgniter->run()
 7 SYSTEMPATH\Commands\Server\rewrite.php(47): require_once('FCPATH\\index.php')
INFO - 2023-05-22 15:25:47 --> Session: Class initialized using 'CodeIgniter\Session\Handlers\FileHandler' driver.
INFO - 2023-05-22 15:25:56 --> Session: Class initialized using 'CodeIgniter\Session\Handlers\FileHandler' driver.
INFO - 2023-05-22 15:25:57 --> Session: Class initialized using 'CodeIgniter\Session\Handlers\FileHandler' driver.
INFO - 2023-05-22 15:26:02 --> Session: Class initialized using 'CodeIgniter\Session\Handlers\FileHandler' driver.
CRITICAL - 2023-05-22 15:26:03 --> finfo::file(C:\wamp64\www\ITVolunteer3.5\writable\uploads/event_images/1684697452_b4a5e0a10cfad26577dd.png): failed to open stream: No such file or directory
in APPPATH\Controllers\Events.php on line 245.
 1 [internal function]: CodeIgniter\Debug\Exceptions->errorHandler(2, 'finfo::file(C:\\wamp64\\www\\ITVolunteer3.5\\writable\\uploads/event_images/1684697452_b4a5e0a10cfad26577dd.png): failed to open stream: No such file or directory', 'APPPATH\\Controllers\\Events.php', 245, [...])
 2 APPPATH\Controllers\Events.php(245): finfo->file('ROOTPATH\\writable\\uploads/event_images/1684697452_b4a5e0a10cfad26577dd.png')
 3 SYSTEMPATH\CodeIgniter.php(934): App\Controllers\Events->image('1684697452_b4a5e0a10cfad26577dd.png')
 4 SYSTEMPATH\CodeIgniter.php(499): CodeIgniter\CodeIgniter->runController(Object(App\Controllers\Events))
 5 SYSTEMPATH\CodeIgniter.php(368): CodeIgniter\CodeIgniter->handleRequest(null, Object(Config\Cache), false)
 6 FCPATH\index.php(67): CodeIgniter\CodeIgniter->run()
 7 SYSTEMPATH\Commands\Server\rewrite.php(47): require_once('FCPATH\\index.php')
INFO - 2023-05-22 15:26:09 --> Session: Class initialized using 'CodeIgniter\Session\Handlers\FileHandler' driver.
INFO - 2023-05-22 15:26:12 --> Session: Class initialized using 'CodeIgniter\Session\Handlers\FileHandler' driver.
INFO - 2023-05-22 15:28:26 --> Session: Class initialized using 'CodeIgniter\Session\Handlers\FileHandler' driver.
INFO - 2023-05-22 15:28:30 --> Session: Class initialized using 'CodeIgniter\Session\Handlers\FileHandler' driver.
INFO - 2023-05-22 15:28:31 --> Session: Class initialized using 'CodeIgniter\Session\Handlers\FileHandler' driver.
CRITICAL - 2023-05-22 15:28:33 --> finfo::file(C:\wamp64\www\ITVolunteer3.5\writable\uploads/event_images/1684697452_b4a5e0a10cfad26577dd.png): failed to open stream: No such file or directory
in APPPATH\Controllers\Events.php on line 245.
 1 [internal function]: CodeIgniter\Debug\Exceptions->errorHandler(2, 'finfo::file(C:\\wamp64\\www\\ITVolunteer3.5\\writable\\uploads/event_images/1684697452_b4a5e0a10cfad26577dd.png): failed to open stream: No such file or directory', 'APPPATH\\Controllers\\Events.php', 245, [...])
 2 APPPATH\Controllers\Events.php(245): finfo->file('ROOTPATH\\writable\\uploads/event_images/1684697452_b4a5e0a10cfad26577dd.png')
 3 SYSTEMPATH\CodeIgniter.php(934): App\Controllers\Events->image('1684697452_b4a5e0a10cfad26577dd.png')
 4 SYSTEMPATH\CodeIgniter.php(499): CodeIgniter\CodeIgniter->runController(Object(App\Controllers\Events))
 5 SYSTEMPATH\CodeIgniter.php(368): CodeIgniter\CodeIgniter->handleRequest(null, Object(Config\Cache), false)
 6 FCPATH\index.php(67): CodeIgniter\CodeIgniter->run()
 7 SYSTEMPATH\Commands\Server\rewrite.php(47): require_once('FCPATH\\index.php')
INFO - 2023-05-22 15:28:55 --> Session: Class initialized using 'CodeIgniter\Session\Handlers\FileHandler' driver.
CRITICAL - 2023-05-22 15:28:57 --> finfo::file(C:\wamp64\www\ITVolunteer3.5\writable\uploads/event_images/1684697452_b4a5e0a10cfad26577dd.png): failed to open stream: No such file or directory
in APPPATH\Controllers\Events.php on line 245.
 1 [internal function]: CodeIgniter\Debug\Exceptions->errorHandler(2, 'finfo::file(C:\\wamp64\\www\\ITVolunteer3.5\\writable\\uploads/event_images/1684697452_b4a5e0a10cfad26577dd.png): failed to open stream: No such file or directory', 'APPPATH\\Controllers\\Events.php', 245, [...])
 2 APPPATH\Controllers\Events.php(245): finfo->file('ROOTPATH\\writable\\uploads/event_images/1684697452_b4a5e0a10cfad26577dd.png')
 3 SYSTEMPATH\CodeIgniter.php(934): App\Controllers\Events->image('1684697452_b4a5e0a10cfad26577dd.png')
 4 SYSTEMPATH\CodeIgniter.php(499): CodeIgniter\CodeIgniter->runController(Object(App\Controllers\Events))
 5 SYSTEMPATH\CodeIgniter.php(368): CodeIgniter\CodeIgniter->handleRequest(null, Object(Config\Cache), false)
 6 FCPATH\index.php(67): CodeIgniter\CodeIgniter->run()
 7 SYSTEMPATH\Commands\Server\rewrite.php(47): require_once('FCPATH\\index.php')
INFO - 2023-05-22 15:28:57 --> Session: Class initialized using 'CodeIgniter\Session\Handlers\FileHandler' driver.
INFO - 2023-05-22 15:29:00 --> Session: Class initialized using 'CodeIgniter\Session\Handlers\FileHandler' driver.
INFO - 2023-05-22 15:29:00 --> Session: Class initialized using 'CodeIgniter\Session\Handlers\FileHandler' driver.
CRITICAL - 2023-05-22 15:29:02 --> finfo::file(C:\wamp64\www\ITVolunteer3.5\writable\uploads/event_images/1684697452_b4a5e0a10cfad26577dd.png): failed to open stream: No such file or directory
in APPPATH\Controllers\Events.php on line 245.
 1 [internal function]: CodeIgniter\Debug\Exceptions->errorHandler(2, 'finfo::file(C:\\wamp64\\www\\ITVolunteer3.5\\writable\\uploads/event_images/1684697452_b4a5e0a10cfad26577dd.png): failed to open stream: No such file or directory', 'APPPATH\\Controllers\\Events.php', 245, [...])
 2 APPPATH\Controllers\Events.php(245): finfo->file('ROOTPATH\\writable\\uploads/event_images/1684697452_b4a5e0a10cfad26577dd.png')
 3 SYSTEMPATH\CodeIgniter.php(934): App\Controllers\Events->image('1684697452_b4a5e0a10cfad26577dd.png')
 4 SYSTEMPATH\CodeIgniter.php(499): CodeIgniter\CodeIgniter->runController(Object(App\Controllers\Events))
 5 SYSTEMPATH\CodeIgniter.php(368): CodeIgniter\CodeIgniter->handleRequest(null, Object(Config\Cache), false)
 6 FCPATH\index.php(67): CodeIgniter\CodeIgniter->run()
 7 SYSTEMPATH\Commands\Server\rewrite.php(47): require_once('FCPATH\\index.php')
INFO - 2023-05-22 15:29:06 --> Session: Class initialized using 'CodeIgniter\Session\Handlers\FileHandler' driver.
INFO - 2023-05-22 15:29:06 --> Session: Class initialized using 'CodeIgniter\Session\Handlers\FileHandler' driver.
CRITICAL - 2023-05-22 15:29:08 --> finfo::file(C:\wamp64\www\ITVolunteer3.5\writable\uploads/event_images/1684697452_b4a5e0a10cfad26577dd.png): failed to open stream: No such file or directory
in APPPATH\Controllers\Events.php on line 245.
 1 [internal function]: CodeIgniter\Debug\Exceptions->errorHandler(2, 'finfo::file(C:\\wamp64\\www\\ITVolunteer3.5\\writable\\uploads/event_images/1684697452_b4a5e0a10cfad26577dd.png): failed to open stream: No such file or directory', 'APPPATH\\Controllers\\Events.php', 245, [...])
 2 APPPATH\Controllers\Events.php(245): finfo->file('ROOTPATH\\writable\\uploads/event_images/1684697452_b4a5e0a10cfad26577dd.png')
 3 SYSTEMPATH\CodeIgniter.php(934): App\Controllers\Events->image('1684697452_b4a5e0a10cfad26577dd.png')
 4 SYSTEMPATH\CodeIgniter.php(499): CodeIgniter\CodeIgniter->runController(Object(App\Controllers\Events))
 5 SYSTEMPATH\CodeIgniter.php(368): CodeIgniter\CodeIgniter->handleRequest(null, Object(Config\Cache), false)
 6 FCPATH\index.php(67): CodeIgniter\CodeIgniter->run()
 7 SYSTEMPATH\Commands\Server\rewrite.php(47): require_once('FCPATH\\index.php')
INFO - 2023-05-22 15:29:09 --> Session: Class initialized using 'CodeIgniter\Session\Handlers\FileHandler' driver.
INFO - 2023-05-22 15:29:11 --> Session: Class initialized using 'CodeIgniter\Session\Handlers\FileHandler' driver.
INFO - 2023-05-22 15:29:11 --> Session: Class initialized using 'CodeIgniter\Session\Handlers\FileHandler' driver.
CRITICAL - 2023-05-22 15:29:13 --> finfo::file(C:\wamp64\www\ITVolunteer3.5\writable\uploads/event_images/1684697452_b4a5e0a10cfad26577dd.png): failed to open stream: No such file or directory
in APPPATH\Controllers\Events.php on line 245.
 1 [internal function]: CodeIgniter\Debug\Exceptions->errorHandler(2, 'finfo::file(C:\\wamp64\\www\\ITVolunteer3.5\\writable\\uploads/event_images/1684697452_b4a5e0a10cfad26577dd.png): failed to open stream: No such file or directory', 'APPPATH\\Controllers\\Events.php', 245, [...])
 2 APPPATH\Controllers\Events.php(245): finfo->file('ROOTPATH\\writable\\uploads/event_images/1684697452_b4a5e0a10cfad26577dd.png')
 3 SYSTEMPATH\CodeIgniter.php(934): App\Controllers\Events->image('1684697452_b4a5e0a10cfad26577dd.png')
 4 SYSTEMPATH\CodeIgniter.php(499): CodeIgniter\CodeIgniter->runController(Object(App\Controllers\Events))
 5 SYSTEMPATH\CodeIgniter.php(368): CodeIgniter\CodeIgniter->handleRequest(null, Object(Config\Cache), false)
 6 FCPATH\index.php(67): CodeIgniter\CodeIgniter->run()
 7 SYSTEMPATH\Commands\Server\rewrite.php(47): require_once('FCPATH\\index.php')
INFO - 2023-05-22 15:29:15 --> Session: Class initialized using 'CodeIgniter\Session\Handlers\FileHandler' driver.
INFO - 2023-05-22 15:29:42 --> Session: Class initialized using 'CodeIgniter\Session\Handlers\FileHandler' driver.
INFO - 2023-05-22 15:29:44 --> Session: Class initialized using 'CodeIgniter\Session\Handlers\FileHandler' driver.
CRITICAL - 2023-05-22 15:29:46 --> finfo::file(C:\wamp64\www\ITVolunteer3.5\writable\uploads/event_images/1684697452_b4a5e0a10cfad26577dd.png): failed to open stream: No such file or directory
in APPPATH\Controllers\Events.php on line 245.
 1 [internal function]: CodeIgniter\Debug\Exceptions->errorHandler(2, 'finfo::file(C:\\wamp64\\www\\ITVolunteer3.5\\writable\\uploads/event_images/1684697452_b4a5e0a10cfad26577dd.png): failed to open stream: No such file or directory', 'APPPATH\\Controllers\\Events.php', 245, [...])
 2 APPPATH\Controllers\Events.php(245): finfo->file('ROOTPATH\\writable\\uploads/event_images/1684697452_b4a5e0a10cfad26577dd.png')
 3 SYSTEMPATH\CodeIgniter.php(934): App\Controllers\Events->image('1684697452_b4a5e0a10cfad26577dd.png')
 4 SYSTEMPATH\CodeIgniter.php(499): CodeIgniter\CodeIgniter->runController(Object(App\Controllers\Events))
 5 SYSTEMPATH\CodeIgniter.php(368): CodeIgniter\CodeIgniter->handleRequest(null, Object(Config\Cache), false)
 6 FCPATH\index.php(67): CodeIgniter\CodeIgniter->run()
 7 SYSTEMPATH\Commands\Server\rewrite.php(47): require_once('FCPATH\\index.php')
INFO - 2023-05-22 15:30:47 --> Session: Class initialized using 'CodeIgniter\Session\Handlers\FileHandler' driver.
INFO - 2023-05-22 15:30:49 --> Session: Class initialized using 'CodeIgniter\Session\Handlers\FileHandler' driver.
CRITICAL - 2023-05-22 15:30:52 --> finfo::file(C:\wamp64\www\ITVolunteer3.5\writable\uploads/event_images/1684697452_b4a5e0a10cfad26577dd.png): failed to open stream: No such file or directory
in APPPATH\Controllers\Events.php on line 245.
 1 [internal function]: CodeIgniter\Debug\Exceptions->errorHandler(2, 'finfo::file(C:\\wamp64\\www\\ITVolunteer3.5\\writable\\uploads/event_images/1684697452_b4a5e0a10cfad26577dd.png): failed to open stream: No such file or directory', 'APPPATH\\Controllers\\Events.php', 245, [...])
 2 APPPATH\Controllers\Events.php(245): finfo->file('ROOTPATH\\writable\\uploads/event_images/1684697452_b4a5e0a10cfad26577dd.png')
 3 SYSTEMPATH\CodeIgniter.php(934): App\Controllers\Events->image('1684697452_b4a5e0a10cfad26577dd.png')
 4 SYSTEMPATH\CodeIgniter.php(499): CodeIgniter\CodeIgniter->runController(Object(App\Controllers\Events))
 5 SYSTEMPATH\CodeIgniter.php(368): CodeIgniter\CodeIgniter->handleRequest(null, Object(Config\Cache), false)
 6 FCPATH\index.php(67): CodeIgniter\CodeIgniter->run()
 7 SYSTEMPATH\Commands\Server\rewrite.php(47): require_once('FCPATH\\index.php')
INFO - 2023-05-22 15:30:55 --> Session: Class initialized using 'CodeIgniter\Session\Handlers\FileHandler' driver.
INFO - 2023-05-22 15:31:03 --> Session: Class initialized using 'CodeIgniter\Session\Handlers\FileHandler' driver.
INFO - 2023-05-22 15:34:42 --> Session: Class initialized using 'CodeIgniter\Session\Handlers\FileHandler' driver.
INFO - 2023-05-22 15:35:02 --> Session: Class initialized using 'CodeIgniter\Session\Handlers\FileHandler' driver.
INFO - 2023-05-22 15:35:28 --> Session: Class initialized using 'CodeIgniter\Session\Handlers\FileHandler' driver.
INFO - 2023-05-22 15:35:45 --> Session: Class initialized using 'CodeIgniter\Session\Handlers\FileHandler' driver.
INFO - 2023-05-22 15:35:58 --> Session: Class initialized using 'CodeIgniter\Session\Handlers\FileHandler' driver.
INFO - 2023-05-22 15:36:10 --> Session: Class initialized using 'CodeIgniter\Session\Handlers\FileHandler' driver.
INFO - 2023-05-22 15:36:27 --> Session: Class initialized using 'CodeIgniter\Session\Handlers\FileHandler' driver.
INFO - 2023-05-22 15:36:39 --> Session: Class initialized using 'CodeIgniter\Session\Handlers\FileHandler' driver.
INFO - 2023-05-22 15:37:24 --> Session: Class initialized using 'CodeIgniter\Session\Handlers\FileHandler' driver.
INFO - 2023-05-22 15:37:38 --> Session: Class initialized using 'CodeIgniter\Session\Handlers\FileHandler' driver.
INFO - 2023-05-22 15:38:34 --> Session: Class initialized using 'CodeIgniter\Session\Handlers\FileHandler' driver.
INFO - 2023-05-22 15:39:04 --> Session: Class initialized using 'CodeIgniter\Session\Handlers\FileHandler' driver.
INFO - 2023-05-22 17:43:55 --> Session: Class initialized using 'CodeIgniter\Session\Handlers\FileHandler' driver.
INFO - 2023-05-22 17:44:04 --> Session: Class initialized using 'CodeIgniter\Session\Handlers\FileHandler' driver.
INFO - 2023-05-22 18:08:05 --> Session: Class initialized using 'CodeIgniter\Session\Handlers\FileHandler' driver.
INFO - 2023-05-22 18:09:27 --> Session: Class initialized using 'CodeIgniter\Session\Handlers\FileHandler' driver.
INFO - 2023-05-22 18:15:40 --> Session: Class initialized using 'CodeIgniter\Session\Handlers\FileHandler' driver.
INFO - 2023-05-22 18:17:29 --> Session: Class initialized using 'CodeIgniter\Session\Handlers\FileHandler' driver.
INFO - 2023-05-22 18:17:29 --> Session: Class initialized using 'CodeIgniter\Session\Handlers\FileHandler' driver.
INFO - 2023-05-22 18:17:52 --> Session: Class initialized using 'CodeIgniter\Session\Handlers\FileHandler' driver.
INFO - 2023-05-22 18:17:52 --> Session: Class initialized using 'CodeIgniter\Session\Handlers\FileHandler' driver.
INFO - 2023-05-22 18:18:04 --> Session: Class initialized using 'CodeIgniter\Session\Handlers\FileHandler' driver.
INFO - 2023-05-22 18:18:20 --> Session: Class initialized using 'CodeIgniter\Session\Handlers\FileHandler' driver.
INFO - 2023-05-22 18:18:27 --> Session: Class initialized using 'CodeIgniter\Session\Handlers\FileHandler' driver.
INFO - 2023-05-22 18:18:27 --> Session: Class initialized using 'CodeIgniter\Session\Handlers\FileHandler' driver.
INFO - 2023-05-22 18:18:50 --> Session: Class initialized using 'CodeIgniter\Session\Handlers\FileHandler' driver.
INFO - 2023-05-22 18:18:51 --> Session: Class initialized using 'CodeIgniter\Session\Handlers\FileHandler' driver.
INFO - 2023-05-22 18:18:58 --> Session: Class initialized using 'CodeIgniter\Session\Handlers\FileHandler' driver.
INFO - 2023-05-22 18:19:41 --> Session: Class initialized using 'CodeIgniter\Session\Handlers\FileHandler' driver.
INFO - 2023-05-22 18:19:42 --> Session: Class initialized using 'CodeIgniter\Session\Handlers\FileHandler' driver.
INFO - 2023-05-22 18:19:45 --> Session: Class initialized using 'CodeIgniter\Session\Handlers\FileHandler' driver.
CRITICAL - 2023-05-22 18:19:45 --> You do not have sufficient permissions to access that page.
in VENDORPATH\myth\auth\src\Filters\RoleFilter.php on line 45.
 1 SYSTEMPATH\Filters\Filters.php(173): Myth\Auth\Filters\RoleFilter->before(Object(CodeIgniter\HTTP\IncomingRequest), [...])
 2 SYSTEMPATH\CodeIgniter.php(473): CodeIgniter\Filters\Filters->run('events/new/', 'before')
 3 SYSTEMPATH\CodeIgniter.php(368): CodeIgniter\CodeIgniter->handleRequest(null, Object(Config\Cache), false)
 4 FCPATH\index.php(67): CodeIgniter\CodeIgniter->run()
 5 SYSTEMPATH\Commands\Server\rewrite.php(47): require_once('FCPATH\\index.php')
INFO - 2023-05-22 18:19:58 --> Session: Class initialized using 'CodeIgniter\Session\Handlers\FileHandler' driver.
INFO - 2023-05-22 18:20:10 --> Session: Class initialized using 'CodeIgniter\Session\Handlers\FileHandler' driver.
CRITICAL - 2023-05-22 18:20:10 --> You do not have sufficient permissions to access that page.
in VENDORPATH\myth\auth\src\Filters\RoleFilter.php on line 45.
 1 SYSTEMPATH\Filters\Filters.php(173): Myth\Auth\Filters\RoleFilter->before(Object(CodeIgniter\HTTP\IncomingRequest), [...])
 2 SYSTEMPATH\CodeIgniter.php(473): CodeIgniter\Filters\Filters->run('admin/index', 'before')
 3 SYSTEMPATH\CodeIgniter.php(368): CodeIgniter\CodeIgniter->handleRequest(null, Object(Config\Cache), false)
 4 FCPATH\index.php(67): CodeIgniter\CodeIgniter->run()
 5 SYSTEMPATH\Commands\Server\rewrite.php(47): require_once('FCPATH\\index.php')
INFO - 2023-05-22 18:20:13 --> Session: Class initialized using 'CodeIgniter\Session\Handlers\FileHandler' driver.
INFO - 2023-05-22 18:22:06 --> Session: Class initialized using 'CodeIgniter\Session\Handlers\FileHandler' driver.
INFO - 2023-05-22 18:22:49 --> Session: Class initialized using 'CodeIgniter\Session\Handlers\FileHandler' driver.
INFO - 2023-05-22 18:22:52 --> Session: Class initialized using 'CodeIgniter\Session\Handlers\FileHandler' driver.
INFO - 2023-05-22 18:22:56 --> Session: Class initialized using 'CodeIgniter\Session\Handlers\FileHandler' driver.
INFO - 2023-05-22 18:22:56 --> Session: Class initialized using 'CodeIgniter\Session\Handlers\FileHandler' driver.
INFO - 2023-05-22 18:22:58 --> Session: Class initialized using 'CodeIgniter\Session\Handlers\FileHandler' driver.
INFO - 2023-05-22 18:23:09 --> Session: Class initialized using 'CodeIgniter\Session\Handlers\FileHandler' driver.
INFO - 2023-05-22 18:23:09 --> Session: Class initialized using 'CodeIgniter\Session\Handlers\FileHandler' driver.
INFO - 2023-05-22 18:26:33 --> Session: Class initialized using 'CodeIgniter\Session\Handlers\FileHandler' driver.
INFO - 2023-05-22 18:26:33 --> Session: Class initialized using 'CodeIgniter\Session\Handlers\FileHandler' driver.
INFO - 2023-05-22 18:26:47 --> Session: Class initialized using 'CodeIgniter\Session\Handlers\FileHandler' driver.
INFO - 2023-05-22 18:26:59 --> Session: Class initialized using 'CodeIgniter\Session\Handlers\FileHandler' driver.
INFO - 2023-05-22 18:26:59 --> Session: Class initialized using 'CodeIgniter\Session\Handlers\FileHandler' driver.
INFO - 2023-05-22 18:27:07 --> Session: Class initialized using 'CodeIgniter\Session\Handlers\FileHandler' driver.
INFO - 2023-05-22 18:27:10 --> Session: Class initialized using 'CodeIgniter\Session\Handlers\FileHandler' driver.
INFO - 2023-05-22 18:27:19 --> Session: Class initialized using 'CodeIgniter\Session\Handlers\FileHandler' driver.
INFO - 2023-05-22 18:28:03 --> Session: Class initialized using 'CodeIgniter\Session\Handlers\FileHandler' driver.
INFO - 2023-05-22 18:28:03 --> Session: Class initialized using 'CodeIgniter\Session\Handlers\FileHandler' driver.
INFO - 2023-05-22 18:28:13 --> Session: Class initialized using 'CodeIgniter\Session\Handlers\FileHandler' driver.
INFO - 2023-05-22 18:30:20 --> Session: Class initialized using 'CodeIgniter\Session\Handlers\FileHandler' driver.
INFO - 2023-05-22 18:30:31 --> Session: Class initialized using 'CodeIgniter\Session\Handlers\FileHandler' driver.
INFO - 2023-05-22 18:30:58 --> Session: Class initialized using 'CodeIgniter\Session\Handlers\FileHandler' driver.
INFO - 2023-05-22 18:31:55 --> Session: Class initialized using 'CodeIgniter\Session\Handlers\FileHandler' driver.
INFO - 2023-05-22 18:32:40 --> Session: Class initialized using 'CodeIgniter\Session\Handlers\FileHandler' driver.
INFO - 2023-05-22 18:33:23 --> Session: Class initialized using 'CodeIgniter\Session\Handlers\FileHandler' driver.
INFO - 2023-05-22 18:33:25 --> Session: Class initialized using 'CodeIgniter\Session\Handlers\FileHandler' driver.
INFO - 2023-05-22 18:33:43 --> Session: Class initialized using 'CodeIgniter\Session\Handlers\FileHandler' driver.
INFO - 2023-05-22 18:33:48 --> Session: Class initialized using 'CodeIgniter\Session\Handlers\FileHandler' driver.
INFO - 2023-05-22 18:34:34 --> Session: Class initialized using 'CodeIgniter\Session\Handlers\FileHandler' driver.
INFO - 2023-05-22 18:34:39 --> Session: Class initialized using 'CodeIgniter\Session\Handlers\FileHandler' driver.
INFO - 2023-05-22 18:36:55 --> Session: Class initialized using 'CodeIgniter\Session\Handlers\FileHandler' driver.
INFO - 2023-05-22 18:36:55 --> Session: Class initialized using 'CodeIgniter\Session\Handlers\FileHandler' driver.
INFO - 2023-05-22 18:36:57 --> Session: Class initialized using 'CodeIgniter\Session\Handlers\FileHandler' driver.
INFO - 2023-05-22 18:37:02 --> Session: Class initialized using 'CodeIgniter\Session\Handlers\FileHandler' driver.
INFO - 2023-05-22 18:37:19 --> Session: Class initialized using 'CodeIgniter\Session\Handlers\FileHandler' driver.
INFO - 2023-05-22 18:37:22 --> Session: Class initialized using 'CodeIgniter\Session\Handlers\FileHandler' driver.
INFO - 2023-05-22 18:37:33 --> Session: Class initialized using 'CodeIgniter\Session\Handlers\FileHandler' driver.
INFO - 2023-05-22 18:37:37 --> Session: Class initialized using 'CodeIgniter\Session\Handlers\FileHandler' driver.
INFO - 2023-05-22 18:37:44 --> Session: Class initialized using 'CodeIgniter\Session\Handlers\FileHandler' driver.
INFO - 2023-05-22 18:37:49 --> Session: Class initialized using 'CodeIgniter\Session\Handlers\FileHandler' driver.
INFO - 2023-05-22 18:38:39 --> Session: Class initialized using 'CodeIgniter\Session\Handlers\FileHandler' driver.
INFO - 2023-05-22 18:38:40 --> Session: Class initialized using 'CodeIgniter\Session\Handlers\FileHandler' driver.
INFO - 2023-05-22 18:38:41 --> Session: Class initialized using 'CodeIgniter\Session\Handlers\FileHandler' driver.
INFO - 2023-05-22 18:38:43 --> Session: Class initialized using 'CodeIgniter\Session\Handlers\FileHandler' driver.
INFO - 2023-05-22 18:38:45 --> Session: Class initialized using 'CodeIgniter\Session\Handlers\FileHandler' driver.
INFO - 2023-05-22 18:39:02 --> Session: Class initialized using 'CodeIgniter\Session\Handlers\FileHandler' driver.
INFO - 2023-05-22 18:39:06 --> Session: Class initialized using 'CodeIgniter\Session\Handlers\FileHandler' driver.
INFO - 2023-05-22 18:40:02 --> Session: Class initialized using 'CodeIgniter\Session\Handlers\FileHandler' driver.
INFO - 2023-05-22 18:40:05 --> Session: Class initialized using 'CodeIgniter\Session\Handlers\FileHandler' driver.
INFO - 2023-05-22 18:40:10 --> Session: Class initialized using 'CodeIgniter\Session\Handlers\FileHandler' driver.
INFO - 2023-05-22 18:40:29 --> Session: Class initialized using 'CodeIgniter\Session\Handlers\FileHandler' driver.
INFO - 2023-05-22 18:40:29 --> Session: Class initialized using 'CodeIgniter\Session\Handlers\FileHandler' driver.
INFO - 2023-05-22 18:40:31 --> Session: Class initialized using 'CodeIgniter\Session\Handlers\FileHandler' driver.
INFO - 2023-05-22 18:40:41 --> Session: Class initialized using 'CodeIgniter\Session\Handlers\FileHandler' driver.
INFO - 2023-05-22 18:40:41 --> Session: Class initialized using 'CodeIgniter\Session\Handlers\FileHandler' driver.
INFO - 2023-05-22 18:43:02 --> Session: Class initialized using 'CodeIgniter\Session\Handlers\FileHandler' driver.
INFO - 2023-05-22 18:43:34 --> Session: Class initialized using 'CodeIgniter\Session\Handlers\FileHandler' driver.
INFO - 2023-05-22 18:44:39 --> Session: Class initialized using 'CodeIgniter\Session\Handlers\FileHandler' driver.
INFO - 2023-05-22 18:44:43 --> Session: Class initialized using 'CodeIgniter\Session\Handlers\FileHandler' driver.
INFO - 2023-05-22 18:45:30 --> Session: Class initialized using 'CodeIgniter\Session\Handlers\FileHandler' driver.
INFO - 2023-05-22 18:45:33 --> Session: Class initialized using 'CodeIgniter\Session\Handlers\FileHandler' driver.
INFO - 2023-05-22 18:45:41 --> Session: Class initialized using 'CodeIgniter\Session\Handlers\FileHandler' driver.
INFO - 2023-05-22 18:45:44 --> Session: Class initialized using 'CodeIgniter\Session\Handlers\FileHandler' driver.
INFO - 2023-05-22 18:46:08 --> Session: Class initialized using 'CodeIgniter\Session\Handlers\FileHandler' driver.
INFO - 2023-05-22 18:46:24 --> Session: Class initialized using 'CodeIgniter\Session\Handlers\FileHandler' driver.
INFO - 2023-05-22 18:46:41 --> Session: Class initialized using 'CodeIgniter\Session\Handlers\FileHandler' driver.
INFO - 2023-05-22 18:47:44 --> Session: Class initialized using 'CodeIgniter\Session\Handlers\FileHandler' driver.
INFO - 2023-05-22 18:47:45 --> Session: Class initialized using 'CodeIgniter\Session\Handlers\FileHandler' driver.
INFO - 2023-05-22 18:50:16 --> Session: Class initialized using 'CodeIgniter\Session\Handlers\FileHandler' driver.
INFO - 2023-05-22 18:50:20 --> Session: Class initialized using 'CodeIgniter\Session\Handlers\FileHandler' driver.
INFO - 2023-05-22 18:50:33 --> Session: Class initialized using 'CodeIgniter\Session\Handlers\FileHandler' driver.
INFO - 2023-05-22 18:50:35 --> Session: Class initialized using 'CodeIgniter\Session\Handlers\FileHandler' driver.
INFO - 2023-05-22 18:50:38 --> Session: Class initialized using 'CodeIgniter\Session\Handlers\FileHandler' driver.
INFO - 2023-05-22 18:50:40 --> Session: Class initialized using 'CodeIgniter\Session\Handlers\FileHandler' driver.
INFO - 2023-05-22 19:00:14 --> Session: Class initialized using 'CodeIgniter\Session\Handlers\FileHandler' driver.
INFO - 2023-05-22 19:00:17 --> Session: Class initialized using 'CodeIgniter\Session\Handlers\FileHandler' driver.
INFO - 2023-05-22 19:00:17 --> Session: Class initialized using 'CodeIgniter\Session\Handlers\FileHandler' driver.
INFO - 2023-05-22 19:03:02 --> Session: Class initialized using 'CodeIgniter\Session\Handlers\FileHandler' driver.
INFO - 2023-05-22 19:03:06 --> Session: Class initialized using 'CodeIgniter\Session\Handlers\FileHandler' driver.
INFO - 2023-05-22 19:07:20 --> Session: Class initialized using 'CodeIgniter\Session\Handlers\FileHandler' driver.
CRITICAL - 2023-05-22 19:07:20 --> Attempt to read property "type" on array
in APPPATH\Views\Events\index.php on line 48.
 1 APPPATH\Views\Events\index.php(48): CodeIgniter\Debug\Exceptions->errorHandler(2, 'Attempt to read property "type" on array', 'APPPATH\\Views\\Events\\index.php', 48)
 2 SYSTEMPATH\View\View.php(213): include('APPPATH\\Views\\Events\\index.php')
 3 SYSTEMPATH\View\View.php(216): CodeIgniter\View\View->CodeIgniter\View\{closure}()
 4 SYSTEMPATH\Common.php(1184): CodeIgniter\View\View->render('events/index', [], true)
 5 APPPATH\Controllers\Events.php(38): view('events/index', [...])
 6 SYSTEMPATH\CodeIgniter.php(934): App\Controllers\Events->index()
 7 SYSTEMPATH\CodeIgniter.php(499): CodeIgniter\CodeIgniter->runController(Object(App\Controllers\Events))
 8 SYSTEMPATH\CodeIgniter.php(368): CodeIgniter\CodeIgniter->handleRequest(null, Object(Config\Cache), false)
 9 FCPATH\index.php(67): CodeIgniter\CodeIgniter->run()
10 SYSTEMPATH\Commands\Server\rewrite.php(47): require_once('FCPATH\\index.php')
INFO - 2023-05-22 19:09:06 --> Session: Class initialized using 'CodeIgniter\Session\Handlers\FileHandler' driver.
CRITICAL - 2023-05-22 19:09:06 --> Undefined array key 0
in APPPATH\Views\Events\index.php on line 48.
 1 APPPATH\Views\Events\index.php(48): CodeIgniter\Debug\Exceptions->errorHandler(2, 'Undefined array key 0', 'APPPATH\\Views\\Events\\index.php', 48)
 2 SYSTEMPATH\View\View.php(213): include('APPPATH\\Views\\Events\\index.php')
 3 SYSTEMPATH\View\View.php(216): CodeIgniter\View\View->CodeIgniter\View\{closure}()
 4 SYSTEMPATH\Common.php(1184): CodeIgniter\View\View->render('events/index', [], true)
 5 APPPATH\Controllers\Events.php(38): view('events/index', [...])
 6 SYSTEMPATH\CodeIgniter.php(934): App\Controllers\Events->index()
 7 SYSTEMPATH\CodeIgniter.php(499): CodeIgniter\CodeIgniter->runController(Object(App\Controllers\Events))
 8 SYSTEMPATH\CodeIgniter.php(368): CodeIgniter\CodeIgniter->handleRequest(null, Object(Config\Cache), false)
 9 FCPATH\index.php(67): CodeIgniter\CodeIgniter->run()
10 SYSTEMPATH\Commands\Server\rewrite.php(47): require_once('FCPATH\\index.php')
INFO - 2023-05-22 19:09:24 --> Session: Class initialized using 'CodeIgniter\Session\Handlers\FileHandler' driver.
INFO - 2023-05-22 19:11:17 --> Session: Class initialized using 'CodeIgniter\Session\Handlers\FileHandler' driver.
INFO - 2023-05-22 19:11:24 --> Session: Class initialized using 'CodeIgniter\Session\Handlers\FileHandler' driver.
INFO - 2023-05-22 19:11:27 --> Session: Class initialized using 'CodeIgniter\Session\Handlers\FileHandler' driver.
INFO - 2023-05-22 19:11:27 --> Session: Class initialized using 'CodeIgniter\Session\Handlers\FileHandler' driver.
INFO - 2023-05-22 19:11:29 --> Session: Class initialized using 'CodeIgniter\Session\Handlers\FileHandler' driver.
INFO - 2023-05-22 19:11:54 --> Session: Class initialized using 'CodeIgniter\Session\Handlers\FileHandler' driver.
INFO - 2023-05-22 19:14:50 --> Session: Class initialized using 'CodeIgniter\Session\Handlers\FileHandler' driver.
INFO - 2023-05-22 19:17:11 --> Session: Class initialized using 'CodeIgniter\Session\Handlers\FileHandler' driver.
INFO - 2023-05-22 19:17:17 --> Session: Class initialized using 'CodeIgniter\Session\Handlers\FileHandler' driver.
INFO - 2023-05-22 19:17:18 --> Session: Class initialized using 'CodeIgniter\Session\Handlers\FileHandler' driver.
INFO - 2023-05-22 19:17:20 --> Session: Class initialized using 'CodeIgniter\Session\Handlers\FileHandler' driver.
INFO - 2023-05-22 19:17:45 --> Session: Class initialized using 'CodeIgniter\Session\Handlers\FileHandler' driver.
INFO - 2023-05-22 19:17:54 --> Session: Class initialized using 'CodeIgniter\Session\Handlers\FileHandler' driver.
INFO - 2023-05-22 19:17:54 --> Session: Class initialized using 'CodeIgniter\Session\Handlers\FileHandler' driver.
INFO - 2023-05-22 19:17:55 --> Session: Class initialized using 'CodeIgniter\Session\Handlers\FileHandler' driver.
INFO - 2023-05-22 19:17:58 --> Session: Class initialized using 'CodeIgniter\Session\Handlers\FileHandler' driver.
INFO - 2023-05-22 19:18:05 --> Session: Class initialized using 'CodeIgniter\Session\Handlers\FileHandler' driver.
INFO - 2023-05-22 19:18:05 --> Session: Class initialized using 'CodeIgniter\Session\Handlers\FileHandler' driver.
INFO - 2023-05-22 19:18:09 --> Session: Class initialized using 'CodeIgniter\Session\Handlers\FileHandler' driver.
INFO - 2023-05-22 19:19:23 --> Session: Class initialized using 'CodeIgniter\Session\Handlers\FileHandler' driver.
INFO - 2023-05-22 19:19:23 --> Session: Class initialized using 'CodeIgniter\Session\Handlers\FileHandler' driver.
INFO - 2023-05-22 19:19:24 --> Session: Class initialized using 'CodeIgniter\Session\Handlers\FileHandler' driver.
INFO - 2023-05-22 19:19:34 --> Session: Class initialized using 'CodeIgniter\Session\Handlers\FileHandler' driver.
INFO - 2023-05-22 19:19:34 --> Session: Class initialized using 'CodeIgniter\Session\Handlers\FileHandler' driver.
INFO - 2023-05-22 19:19:37 --> Session: Class initialized using 'CodeIgniter\Session\Handlers\FileHandler' driver.
